██[29/May/2018 19:58:30] "GET / HTTP/1.1" 200 4338
Not Found: /GponForm/diag_Form
[29/May/2018 19:58:31] "POST /GponForm/diag_Form?images/ HTTP/1.1" 404 7939
[29/May/2018 19:59:29] "GET /InfoManage/predictdata/ HTTP/1.1" 200 4361
[29/May/2018 19:59:29] "GET /static/xadmin/css/xadmin.main.css HTTP/1.1" 304 0
[29/May/2018 19:59:29] "GET /static/xadmin/vendor/bootstrap/css/bootstrap.css HTTP/1.1" 304 0
[29/May/2018 19:59:29] "GET /static/xadmin/css/themes/bootstrap-xadmin.css HTTP/1.1" 304 0
[29/May/2018 19:59:29] "GET /static/xadmin/vendor/font-awesome/css/font-awesome.css HTTP/1.1" 304 0
[29/May/2018 19:59:29] "GET /static/xadmin/css/xadmin.plugins.css HTTP/1.1" 304 0
[29/May/2018 19:59:29] "GET /static/xadmin/css/xadmin.responsive.css HTTP/1.1" 304 0
[29/May/2018 19:59:29] "GET /static/xadmin/vendor/jquery/jquery.js HTTP/1.1" 304 0
[29/May/2018 19:59:29] "GET /jsi18n/ HTTP/1.1" 200 4345
[29/May/2018 19:59:29] "GET /static/xadmin/vendor/jquery-ui/jquery.ui.widget.js HTTP/1.1" 304 0
[29/May/2018 19:59:29] "GET /static/xadmin/vendor/jquery-ui/jquery.ui.mouse.js HTTP/1.1" 304 0
[29/May/2018 19:59:29] "GET /static/xadmin/vendor/jquery-ui/jquery.ui.core.js HTTP/1.1" 304 0
[29/May/2018 19:59:29] "GET /static/xadmin/vendor/jquery-ui/jquery.ui.sortable.js HTTP/1.1" 304 0
[29/May/2018 19:59:29] "GET /static/xadmin/vendor/bootstrap/js/bootstrap.js HTTP/1.1" 304 0
[29/May/2018 19:59:29] "GET /static/xadmin/js/xadmin.main.js HTTP/1.1" 304 0
[29/May/2018 19:59:29] "GET /static/xadmin/js/xadmin.responsive.js HTTP/1.1" 304 0
[29/May/2018 19:59:29] "GET /static/xadmin/vendor/jquery-ui/jquery.ui.effect.js HTTP/1.1" 304 0
[29/May/2018 19:59:29] "GET /static/xadmin/js/xadmin.plugin.themes.js HTTP/1.1" 304 0
[29/May/2018 19:59:30] "POST /InfoManage/predictdata/ HTTP/1.1" 302 0
[29/May/2018 19:59:32] "GET /InfoManage/predictdata/ HTTP/1.1" 200 37470
[29/May/2018 19:59:32] "GET /jsi18n/ HTTP/1.1" 200 4753
[29/May/2018 19:59:32] "GET /static/xadmin/css/xadmin.form.css HTTP/1.1" 304 0
[29/May/2018 19:59:32] "GET /static/xadmin/js/xadmin.plugin.bookmark.js HTTP/1.1" 304 0
[29/May/2018 19:59:32] "GET /static/xadmin/js/xadmin.plugin.details.js HTTP/1.1" 304 0
[29/May/2018 19:59:32] "GET /static/xadmin/js/xadmin.page.list.js HTTP/1.1" 304 0
[29/May/2018 19:59:32] "GET /static/xadmin/js/xadmin.plugin.filters.js HTTP/1.1" 304 0
[29/May/2018 19:59:32] "GET /static/xadmin/js/xadmin.page.form.js HTTP/1.1" 304 0
[29/May/2018 19:59:32] "GET /static/xadmin/vendor/bootstrap/fonts/glyphicons-halflings-regular.woff HTTP/1.1" 304 0
[29/May/2018 19:59:32] "GET /predict HTTP/1.1" 200 153
[29/May/2018 19:59:36] "GET /InfoManage/predictdata/ HTTP/1.1" 200 37470
[29/May/2018 19:59:36] "GET /jsi18n/ HTTP/1.1" 200 4753
[29/May/2018 19:59:36] "GET /predict HTTP/1.1" 200 153
[29/May/2018 20:00:09] "GET / HTTP/1.1" 200 4338
[29/May/2018 20:01:16] "GET /InfoManage/predictdata/ HTTP/1.1" 200 37470
[29/May/2018 20:01:16] "GET /jsi18n/ HTTP/1.1" 200 4753
[29/May/2018 20:01:16] "GET /predict HTTP/1.1" 200 153
[29/May/2018 20:02:07] "GET /InfoManage/saleformproduct/ HTTP/1.1" 200 37045
[29/May/2018 20:02:07] "GET /jsi18n/ HTTP/1.1" 200 4753
[29/May/2018 20:02:07] "GET /static/xadmin/js/xadmin.plugin.actions.js HTTP/1.1" 304 0
[29/May/2018 20:02:17] "GET /InfoManage/saleformproduct/12/update/ HTTP/1.1" 200 16547
[29/May/2018 20:02:17] "GET /jsi18n/ HTTP/1.1" 200 4753
[29/May/2018 20:02:17] "GET /static/xadmin/js/xadmin.plugin.portal.js HTTP/1.1" 304 0
Not Found: /GponForm/diag_Form
[29/May/2018 20:56:33] "POST /GponForm/diag_Form?images/ HTTP/1.1" 404 7934
[29/May/2018 21:51:27] "GET / HTTP/1.1" 200 4338
[29/May/2018 22:07:54] "GET / HTTP/1.0" 200 4338
[30/May/2018 00:05:57] "GET / HTTP/1.1" 200 4338
[30/May/2018 00:27:40] "GET / HTTP/1.1" 200 4338
[30/May/2018 00:50:08] "GET / HTTP/1.1" 200 4338
[30/May/2018 01:25:08] "GET / HTTP/1.0" 200 4338
Not Found: /http:/www.baidu.com/cache/global/img/gs.gif
[30/May/2018 01:59:21] "GET http://www.baidu.com/cache/global/img/gs.gif HTTP/1.1" 404 1727
[30/May/2018 02:27:04] "GET / HTTP/1.1" 200 4338
[30/May/2018 02:41:35] "GET / HTTP/1.1" 200 4338
Not Found: /robots.txt
[30/May/2018 02:41:35] "GET /robots.txt HTTP/1.1" 404 7906
Not Found: /sitemap.xml
[30/May/2018 02:41:36] "GET /sitemap.xml HTTP/1.1" 404 7909
Not Found: /.well-known/security.txt
[30/May/2018 02:41:36] "GET /.well-known/security.txt HTTP/1.1" 404 7948
Not Found: /favicon.ico
[30/May/2018 02:41:37] "GET /favicon.ico HTTP/1.1" 404 7909
[30/May/2018 03:36:20] "GET / HTTP/1.1" 200 4338
[30/May/2018 03:54:41] "GET / HTTP/1.1" 200 4338
[30/May/2018 04:13:49] "GET / HTTP/1.1" 200 4338
[30/May/2018 05:36:08] "GET / HTTP/1.0" 200 4338
[30/May/2018 05:43:08] "GET / HTTP/1.0" 200 4338
[30/May/2018 06:02:17] "GET / HTTP/1.1" 200 4338
[30/May/2018 06:06:45] "GET / HTTP/1.1" 200 4338
[30/May/2018 06:15:31] "GET / HTTP/1.1" 200 4338
[30/May/2018 06:16:06] "GET / HTTP/1.0" 200 4338
[30/May/2018 07:16:39] "GET / HTTP/1.1" 200 4338
[30/May/2018 08:04:49] "GET / HTTP/1.1" 200 4338
[30/May/2018 08:08:44] "GET / HTTP/1.1" 200 4338
[30/May/2018 08:20:03] "GET / HTTP/1.1" 200 4338
[30/May/2018 08:29:02] "GET / HTTP/1.1" 200 4338
Not Found: /http:/www.baidu.com/cache/global/img/gs.gif
[30/May/2018 08:57:19] "GET http://www.baidu.com/cache/global/img/gs.gif HTTP/1.1" 404 1727
[30/May/2018 09:01:28] "GET / HTTP/1.1" 200 4338
[30/May/2018 09:32:35] "GET / HTTP/1.1" 200 4338
[30/May/2018 10:36:29] "GET / HTTP/1.1" 200 4338
[30/May/2018 10:55:38] "GET / HTTP/1.1" 200 4338
Not Found: /http:/www.baidu.com/cache/global/img/gs.gif
[30/May/2018 11:11:50] "GET http://www.baidu.com/cache/global/img/gs.gif HTTP/1.1" 404 1727
[30/May/2018 11:31:24] "GET / HTTP/1.1" 200 4338
[30/May/2018 11:44:50] "GET / HTTP/1.1" 200 4338
Not Found: /GponForm/diag_Form
[30/May/2018 11:46:06] "POST /GponForm/diag_Form?images/ HTTP/1.1" 404 7934
[30/May/2018 13:40:25] "GET / HTTP/1.1" 200 4338
[30/May/2018 14:25:42] "GET / HTTP/1.1" 200 4338
[30/May/2018 15:48:59] "GET / HTTP/1.1" 200 4338
Not Found: /GponForm/diag_Form
[30/May/2018 15:49:04] "POST /GponForm/diag_Form?images/ HTTP/1.1" 404 7939
Not Found: /GponForm/diag_Form
[30/May/2018 16:29:23] "POST /GponForm/diag_Form?images/ HTTP/1.1" 404 7934
[30/May/2018 16:53:29] "GET / HTTP/1.1" 200 4338
[30/May/2018 18:29:15] "GET / HTTP/1.0" 200 4338
[30/May/2018 18:46:11] "GET / HTTP/1.1" 200 4338
[30/May/2018 18:59:06] "GET / HTTP/1.1" 200 4338
[30/May/2018 19:01:07] "GET / HTTP/1.1" 200 4338
Not Found: /http:/www.baidu.com/cache/global/img/gs.gif
[30/May/2018 20:33:49] "GET http://www.baidu.com/cache/global/img/gs.gif HTTP/1.1" 404 1727
Not Found: /GponForm/diag_Form
[30/May/2018 20:55:55] "POST /GponForm/diag_Form?images/ HTTP/1.1" 404 7934
[30/May/2018 21:02:15] "GET / HTTP/1.1" 200 4338
Not Found: /currentsetting.htm
[30/May/2018 21:21:38] "GET /currentsetting.htm HTTP/1.1" 404 7930
[30/May/2018 22:09:20] "GET / HTTP/1.1" 200 4338
Not Found: /GponForm/diag_Form
[30/May/2018 23:11:15] "POST /GponForm/diag_Form?images/ HTTP/1.1" 404 7934
[30/May/2018 23:12:05] "GET / HTTP/1.1" 200 4338
[30/May/2018 23:30:51] "GET / HTTP/1.1" 200 4338
[30/May/2018 23:33:22] "GET / HTTP/1.1" 200 4338
[31/May/2018 00:54:42] "GET / HTTP/1.0" 200 4338
[31/May/2018 01:01:27] "GET / HTTP/1.1" 200 4338
[31/May/2018 01:32:06] "GET / HTTP/1.1" 200 4338
[31/May/2018 01:43:39] "GET / HTTP/1.1" 200 4338
[31/May/2018 02:02:51] "GET / HTTP/1.1" 200 4338
[31/May/2018 02:17:03] "GET / HTTP/1.0" 200 4338
[31/May/2018 03:02:20] "GET / HTTP/1.1" 200 4338
[31/May/2018 04:32:26] "GET / HTTP/1.1" 200 4338
[31/May/2018 04:47:03] "GET / HTTP/1.1" 200 4338
[31/May/2018 05:47:22] "GET / HTTP/1.1" 200 4338
Not Found: /http:/www.baidu.com/cache/global/img/gs.gif
[31/May/2018 05:50:55] "GET http://www.baidu.com/cache/global/img/gs.gif HTTP/1.1" 404 1727
[31/May/2018 06:06:39] "GET / HTTP/1.0" 200 4338
Not Found: /http:/www.baidu.com/cache/global/img/gs.gif
[31/May/2018 06:33:31] "GET http://www.baidu.com/cache/global/img/gs.gif HTTP/1.1" 404 1727
[31/May/2018 06:38:41] "GET / HTTP/1.1" 200 4338
[31/May/2018 08:04:17] "GET / HTTP/1.1" 200 4338
[31/May/2018 08:08:13] "GET / HTTP/1.1" 200 4338
[31/May/2018 08:31:32] "GET / HTTP/1.1" 200 4338
[31/May/2018 08:34:04] "GET / HTTP/1.0" 200 4338
[31/May/2018 08:37:46] "GET / HTTP/1.1" 200 4338
Not Found: /GponForm/diag_Form
[31/May/2018 08:39:23] "POST /GponForm/diag_Form?images/ HTTP/1.1" 404 7934
[31/May/2018 09:04:50] "GET / HTTP/1.1" 200 4338
[31/May/2018 09:50:48] "GET / HTTP/1.1" 200 4338
[31/May/2018 10:26:50] "GET / HTTP/1.1" 200 4338
[31/May/2018 10:39:03] "GET / HTTP/1.1" 200 4338
Not Found: /GponForm/diag_Form
[31/May/2018 10:51:27] "POST /GponForm/diag_Form?images/ HTTP/1.1" 404 7934
Not Found: /GponForm/diag_Form
[31/May/2018 12:34:01] "POST /GponForm/diag_Form?images/ HTTP/1.1" 404 7934
[31/May/2018 12:49:19] "GET / HTTP/1.1" 200 4338
[31/May/2018 13:04:09] "GET / HTTP/1.1" 200 13642
[31/May/2018 13:04:09] "GET /static/xadmin/css/themes/bootstrap-xadmin.css HTTP/1.1" 304 0
[31/May/2018 13:04:09] "GET /static/xadmin/vendor/bootstrap/css/bootstrap.css HTTP/1.1" 304 0
[31/May/2018 13:04:09] "GET /static/xadmin/css/xadmin.main.css HTTP/1.1" 304 0
[31/May/2018 13:04:09] "GET /static/xadmin/vendor/font-awesome/css/font-awesome.css HTTP/1.1" 304 0
[31/May/2018 13:04:09] "GET /static/xadmin/css/xadmin.plugins.css HTTP/1.1" 304 0
[31/May/2018 13:04:09] "GET /static/xadmin/css/xadmin.responsive.css HTTP/1.1" 304 0
[31/May/2018 13:04:10] "GET /static/xadmin/css/xadmin.page.dashboard.css HTTP/1.1" 304 0
[31/May/2018 13:04:10] "GET /static/xadmin/vendor/jquery/jquery.js HTTP/1.1" 304 0
[31/May/2018 13:04:10] "GET /static/xadmin/vendor/jquery-ui/jquery.ui.core.js HTTP/1.1" 304 0
[31/May/2018 13:04:10] "GET /static/xadmin/vendor/jquery-ui/jquery.ui.widget.js HTTP/1.1" 304 0
[31/May/2018 13:04:10] "GET /jsi18n/ HTTP/1.1" 200 4753
[31/May/2018 13:04:10] "GET /static/xadmin/vendor/jquery-ui/jquery.ui.mouse.js HTTP/1.1" 304 0
[31/May/2018 13:04:10] "GET /static/xadmin/vendor/jquery-ui/jquery.ui.sortable.js HTTP/1.1" 304 0
[31/May/2018 13:04:10] "GET /static/xadmin/vendor/bootstrap/js/bootstrap.js HTTP/1.1" 304 0
[31/May/2018 13:04:11] "GET /static/xadmin/js/xadmin.main.js HTTP/1.1" 304 0
[31/May/2018 13:04:11] "GET /static/xadmin/js/xadmin.responsive.js HTTP/1.1" 304 0
[31/May/2018 13:04:11] "GET /static/xadmin/vendor/jquery-ui/jquery.ui.effect.js HTTP/1.1" 304 0
[31/May/2018 13:04:11] "GET /static/xadmin/js/xadmin.page.dashboard.js HTTP/1.1" 304 0
[31/May/2018 13:04:11] "GET /static/xadmin/js/xadmin.plugin.portal.js HTTP/1.1" 304 0
[31/May/2018 13:04:11] "GET /static/xadmin/js/xadmin.plugin.themes.js HTTP/1.1" 304 0
[31/May/2018 13:04:12] "GET /static/xadmin/vendor/bootstrap/fonts/glyphicons-halflings-regular.woff HTTP/1.1" 304 0
[31/May/2018 13:04:12] "GET /static/xadmin/vendor/font-awesome/fonts/fontawesome-webfont.woff?v=4.0.3 HTTP/1.1" 304 0
Not Found: /favicon.ico
[31/May/2018 13:04:13] "GET /favicon.ico HTTP/1.1" 404 7909
[31/May/2018 13:04:15] "GET /logout/ HTTP/1.1" 302 0
[31/May/2018 13:04:15] "GET / HTTP/1.1" 200 4338
[31/May/2018 13:04:15] "GET /jsi18n/ HTTP/1.1" 200 4345
[31/May/2018 13:04:23] "POST / HTTP/1.1" 302 0
[31/May/2018 13:04:23] "GET / HTTP/1.1" 200 11512
[31/May/2018 13:04:23] "GET /jsi18n/ HTTP/1.1" 200 4753
[31/May/2018 13:04:28] "GET /InfoManage/vender/ HTTP/1.1" 200 39413
[31/May/2018 13:04:30] "GET /static/xadmin/css/xadmin.form.css HTTP/1.1" 304 0
[31/May/2018 13:04:30] "GET /jsi18n/ HTTP/1.1" 200 4753
[31/May/2018 13:04:30] "GET /static/xadmin/js/xadmin.plugin.details.js HTTP/1.1" 304 0
[31/May/2018 13:04:30] "GET /static/xadmin/js/xadmin.plugin.filters.js HTTP/1.1" 304 0
[31/May/2018 13:04:30] "GET /static/xadmin/js/xadmin.widget.datetime.js HTTP/1.1" 304 0
[31/May/2018 13:04:30] "GET /static/xadmin/js/xadmin.plugin.bookmark.js HTTP/1.1" 304 0
[31/May/2018 13:04:30] "GET /static/xadmin/vendor/bootstrap-datepicker/js/bootstrap-datepicker.js HTTP/1.1" 304 0
[31/May/2018 13:04:30] "GET /static/xadmin/vendor/bootstrap-datepicker/css/datepicker.css HTTP/1.1" 304 0
[31/May/2018 13:04:31] "GET /static/xadmin/js/xadmin.plugin.actions.js HTTP/1.1" 304 0
[31/May/2018 13:04:31] "GET /static/xadmin/js/xadmin.page.form.js HTTP/1.1" 304 0
[31/May/2018 13:04:31] "GET /static/xadmin/js/xadmin.page.list.js HTTP/1.1" 304 0
[31/May/2018 13:09:08] "GET /logout/ HTTP/1.1" 302 0
[31/May/2018 13:09:10] "GET / HTTP/1.1" 200 4338
[31/May/2018 13:09:10] "GET /jsi18n/ HTTP/1.1" 200 4345
[31/May/2018 13:09:19] "POST / HTTP/1.1" 302 0
[31/May/2018 13:09:23] "GET / HTTP/1.1" 200 11512
[31/May/2018 13:09:24] "GET /jsi18n/ HTTP/1.1" 200 4753
[31/May/2018 13:09:28] "GET /InfoManage/vender/ HTTP/1.1" 200 39413
[31/May/2018 13:09:29] "GET /jsi18n/ HTTP/1.1" 200 4753
[31/May/2018 13:09:30] "GET /InfoManage/vender/add/ HTTP/1.1" 200 17847
[31/May/2018 13:09:31] "GET /static/xadmin/vendor/bootstrap-clockpicker/bootstrap-clockpicker.css HTTP/1.1" 304 0
[31/May/2018 13:09:32] "GET /jsi18n/ HTTP/1.1" 200 4753
[31/May/2018 13:09:32] "GET /static/xadmin/vendor/bootstrap-clockpicker/bootstrap-clockpicker.js HTTP/1.1" 304 0
[31/May/2018 13:09:32] "GET /static/xadmin/js/xadmin.plugin.quick-form.js HTTP/1.1" 304 0
[31/May/2018 13:15:08] "GET / HTTP/1.1" 200 4338
[31/May/2018 13:17:54] "GET / HTTP/1.1" 200 4338
[31/May/2018 13:25:38] "GET /logout/ HTTP/1.1" 302 0
[31/May/2018 13:25:38] "GET / HTTP/1.1" 200 4338
[31/May/2018 13:25:39] "GET /jsi18n/ HTTP/1.1" 200 4345
[31/May/2018 13:25:42] "POST / HTTP/1.1" 302 0
[31/May/2018 13:25:42] "GET / HTTP/1.1" 200 15110
[31/May/2018 13:25:42] "GET /jsi18n/ HTTP/1.1" 200 4753
[31/May/2018 13:26:03] "GET /InfoManage/stordetail/ HTTP/1.1" 200 34646
[31/May/2018 13:26:03] "GET /jsi18n/ HTTP/1.1" 200 4753
[31/May/2018 13:26:06] "GET /InfoManage/outstorform/ HTTP/1.1" 200 44200
[31/May/2018 13:26:06] "GET /static/xadmin/vendor/select2/select2.css HTTP/1.1" 304 0
[31/May/2018 13:26:06] "GET /static/xadmin/vendor/selectize/selectize.bootstrap3.css HTTP/1.1" 304 0
[31/May/2018 13:26:06] "GET /jsi18n/ HTTP/1.1" 200 4753
[31/May/2018 13:26:06] "GET /static/xadmin/vendor/selectize/selectize.css HTTP/1.1" 304 0
[31/May/2018 13:26:06] "GET /static/xadmin/vendor/selectize/selectize.js HTTP/1.1" 304 0
[31/May/2018 13:26:06] "GET /static/xadmin/js/xadmin.widget.select.js HTTP/1.1" 304 0
[31/May/2018 13:26:06] "GET /static/xadmin/vendor/select2/select2.js HTTP/1.1" 304 0
[31/May/2018 13:26:06] "GET /static/xadmin/vendor/select2/select2_locale_zh-hans.js HTTP/1.1" 304 0
[31/May/2018 13:26:08] "GET /InfoManage/outstordetail/ HTTP/1.1" 200 32642
[31/May/2018 13:26:09] "GET /jsi18n/ HTTP/1.1" 200 4753
[31/May/2018 13:26:10] "GET /InfoManage/assemblyline/ HTTP/1.1" 200 30277
[31/May/2018 13:26:11] "GET /jsi18n/ HTTP/1.1" 200 4753
[31/May/2018 13:26:13] "GET /InfoManage/product/ HTTP/1.1" 200 40108
[31/May/2018 13:26:13] "GET /jsi18n/ HTTP/1.1" 200 4753
[31/May/2018 13:26:14] "GET /InfoManage/halfproduct/ HTTP/1.1" 200 36970
[31/May/2018 13:26:14] "GET /jsi18n/ HTTP/1.1" 200 4753
[31/May/2018 13:26:16] "GET /InfoManage/meterial/ HTTP/1.1" 200 42746
[31/May/2018 13:26:16] "GET /jsi18n/ HTTP/1.1" 200 4753
[31/May/2018 13:26:17] "GET /InfoManage/produceform/ HTTP/1.1" 200 56068
[31/May/2018 13:26:17] "GET /jsi18n/ HTTP/1.1" 200 4753
[31/May/2018 13:26:18] "GET /InfoManage/saleform/ HTTP/1.1" 200 57165
[31/May/2018 13:26:18] "GET /jsi18n/ HTTP/1.1" 200 4753
[31/May/2018 13:26:20] "GET /InfoManage/saleformproduct/ HTTP/1.1" 200 35890
[31/May/2018 13:26:21] "GET /jsi18n/ HTTP/1.1" 200 4753
[31/May/2018 13:26:27] "GET /InfoManage/saleform/ HTTP/1.1" 200 57165
[31/May/2018 13:26:28] "GET /jsi18n/ HTTP/1.1" 200 4753
[31/May/2018 13:26:30] "GET /static/xadmin/vendor/flot/jquery.flot.js HTTP/1.1" 304 0
[31/May/2018 13:26:30] "GET /static/xadmin/vendor/flot/jquery.flot.pie.js HTTP/1.1" 304 0
[31/May/2018 13:26:30] "GET /static/xadmin/vendor/flot/jquery.flot.resize.js HTTP/1.1" 304 0
[31/May/2018 13:26:30] "GET /static/xadmin/vendor/flot/jquery.flot.time.js HTTP/1.1" 304 0
[31/May/2018 13:26:30] "GET /static/xadmin/vendor/flot/jquery.flot.categories.js HTTP/1.1" 304 0
[31/May/2018 13:26:30] "GET /static/xadmin/js/xadmin.plugin.charts.js HTTP/1.1" 304 0
[31/May/2018 13:26:31] "GET /static/xadmin/vendor/flot/jquery.flot.aggregate.js HTTP/1.1" 304 0
[31/May/2018 13:26:31] "GET /InfoManage/saleform/chart/user_count/? HTTP/1.1" 200 355
[31/May/2018 13:26:56] "GET /InfoManage/saleform/?p=1 HTTP/1.1" 200 54975
[31/May/2018 13:26:57] "GET /jsi18n/ HTTP/1.1" 200 4753
[31/May/2018 13:27:02] "GET /InfoManage/saleform/chart/user_count/?p=1 HTTP/1.1" 200 307
[31/May/2018 13:27:08] "GET /InfoManage/saleform/?p=1&all= HTTP/1.1" 200 62935
[31/May/2018 13:27:11] "GET /jsi18n/ HTTP/1.1" 200 4753
[31/May/2018 13:27:12] "GET /InfoManage/saleform/chart/user_count/?p=1&all= HTTP/1.1" 200 427
[31/May/2018 13:29:00] "GET / HTTP/1.1" 200 4338
[31/May/2018 13:44:31] "GET /InfoManage/halfproduct/ HTTP/1.1" 200 36970
[31/May/2018 13:44:31] "GET /jsi18n/ HTTP/1.1" 200 4753
[31/May/2018 13:44:32] "GET /InfoManage/product/ HTTP/1.1" 200 40108
[31/May/2018 13:44:32] "GET /jsi18n/ HTTP/1.1" 200 4753
[31/May/2018 13:44:32] "GET /InfoManage/assemblyline/ HTTP/1.1" 200 30277
[31/May/2018 13:44:32] "GET /jsi18n/ HTTP/1.1" 200 4753
[31/May/2018 13:44:33] "GET /InfoManage/outstordetail/ HTTP/1.1" 200 32642
[31/May/2018 13:44:33] "GET /jsi18n/ HTTP/1.1" 200 4753
[31/May/2018 13:44:33] "GET /InfoManage/outstordetail/ HTTP/1.1" 200 32642
[31/May/2018 13:44:34] "GET /jsi18n/ HTTP/1.1" 200 4753
[31/May/2018 13:44:37] "GET /InfoManage/outstorform/ HTTP/1.1" 200 44200
[31/May/2018 13:44:37] "GET /jsi18n/ HTTP/1.1" 200 4753
[31/May/2018 13:59:29] "GET / HTTP/1.1" 200 4338
[31/May/2018 14:04:51] "GET /InfoManage/outstordetail/ HTTP/1.1" 200 32642
[31/May/2018 14:04:52] "GET /jsi18n/ HTTP/1.1" 200 4753
[31/May/2018 14:04:54] "GET /InfoManage/outstordetail/1/update/ HTTP/1.1" 200 17965
[31/May/2018 14:04:54] "GET /jsi18n/ HTTP/1.1" 200 4753
[31/May/2018 14:10:43] "GET /InfoManage/outstordetail/1/update/ HTTP/1.1" 200 17965
Not Found: /favicon.ico
[31/May/2018 14:10:43] "GET /favicon.ico HTTP/1.1" 404 7909
[31/May/2018 14:25:44] "GET / HTTP/1.1" 200 4338
Not Found: /http:/www.baidu.com/cache/global/img/gs.gif
[31/May/2018 14:56:17] "GET http://www.baidu.com/cache/global/img/gs.gif HTTP/1.1" 404 1727
Not Found: /cgi/common.cgi
[31/May/2018 15:06:44] "GET /cgi/common.cgi HTTP/1.1" 404 7913
Not Found: /stssys.htm
[31/May/2018 15:06:45] "GET /stssys.htm HTTP/1.1" 404 7901
[31/May/2018 15:06:46] "GET / HTTP/1.1" 200 4338
Not Found: /command.php
[31/May/2018 15:06:47] "POST /command.php HTTP/1.1" 404 7905
[31/May/2018 15:37:32] "GET / HTTP/1.1" 200 4338
[31/May/2018 16:33:43] "GET / HTTP/1.1" 200 15110
[31/May/2018 16:33:43] "GET /jsi18n/ HTTP/1.1" 200 4753
[31/May/2018 16:43:41] "GET /logout/ HTTP/1.1" 302 0
[31/May/2018 16:43:41] "GET / HTTP/1.1" 200 4338
[31/May/2018 16:43:41] "GET /jsi18n/ HTTP/1.1" 200 4345
[31/May/2018 16:43:44] "POST / HTTP/1.1" 302 0
[31/May/2018 16:43:44] "GET / HTTP/1.1" 200 13413
[31/May/2018 16:43:44] "GET /jsi18n/ HTTP/1.1" 200 4753
[31/May/2018 16:43:58] "GET /InfoManage/product/ HTTP/1.1" 200 40724
[31/May/2018 16:43:58] "GET /jsi18n/ HTTP/1.1" 200 4753
[31/May/2018 16:44:00] "GET /InfoManage/assemblyline/ HTTP/1.1" 200 30641
[31/May/2018 16:44:00] "GET /jsi18n/ HTTP/1.1" 200 4753
[31/May/2018 16:51:11] "GET /logout/ HTTP/1.1" 302 0
[31/May/2018 16:51:11] "GET / HTTP/1.1" 200 4338
[31/May/2018 16:51:11] "GET /jsi18n/ HTTP/1.1" 200 4345
[31/May/2018 16:51:15] "POST / HTTP/1.1" 302 0
[31/May/2018 16:51:15] "GET / HTTP/1.1" 200 13413
[31/May/2018 16:51:15] "GET /jsi18n/ HTTP/1.1" 200 4753
[31/May/2018 16:51:19] "GET /InfoManage/assemblyline/ HTTP/1.1" 200 30641
[31/May/2018 16:51:19] "GET /jsi18n/ HTTP/1.1" 200 4753
[31/May/2018 16:51:22] "GET /InfoManage/assemblyline/2/update/ HTTP/1.1" 200 16470
[31/May/2018 16:51:22] "GET /jsi18n/ HTTP/1.1" 200 4753
[31/May/2018 16:51:26] "POST /InfoManage/assemblyline/2/update/ HTTP/1.1" 302 0
[31/May/2018 16:51:26] "GET /InfoManage/assemblyline/add/ HTTP/1.1" 200 16534
[31/May/2018 16:51:26] "GET /jsi18n/ HTTP/1.1" 200 4753
Internal Server Error: /InfoManage/assemblyline/add/
Traceback (most recent call last):
  File "/root/lmz/venv/lib/python3.6/site-packages/django/db/backends/utils.py", line 65, in execute
    return self.cursor.execute(sql, params)
  File "/root/lmz/venv/lib/python3.6/site-packages/django/db/backends/mysql/base.py", line 101, in execute
    return self.cursor.execute(query, args)
  File "/root/lmz/venv/lib/python3.6/site-packages/pymysql/cursors.py", line 166, in execute
    result = self._query(query)
  File "/root/lmz/venv/lib/python3.6/site-packages/pymysql/cursors.py", line 322, in _query
    conn.query(q)
  File "/root/lmz/venv/lib/python3.6/site-packages/pymysql/connections.py", line 856, in query
    self._affected_rows = self._read_query_result(unbuffered=unbuffered)
  File "/root/lmz/venv/lib/python3.6/site-packages/pymysql/connections.py", line 1057, in _read_query_result
    result.read()
  File "/root/lmz/venv/lib/python3.6/site-packages/pymysql/connections.py", line 1340, in read
    first_packet = self.connection._read_packet()
  File "/root/lmz/venv/lib/python3.6/site-packages/pymysql/connections.py", line 1014, in _read_packet
    packet.check_error()
  File "/root/lmz/venv/lib/python3.6/site-packages/pymysql/connections.py", line 393, in check_error
    err.raise_mysql_exception(self._data)
  File "/root/lmz/venv/lib/python3.6/site-packages/pymysql/err.py", line 107, in raise_mysql_exception
    raise errorclass(errno, errval)
pymysql.err.IntegrityError: (1048, "Column 'leader_id' cannot be null")

The above exception was the direct cause of the following exception:

Traceback (most recent call last):
  File "/root/lmz/venv/lib/python3.6/site-packages/django/core/handlers/exception.py", line 41, in inner
    response = get_response(request)
  File "/root/lmz/venv/lib/python3.6/site-packages/django/core/handlers/base.py", line 187, in _get_response
    response = self.process_exception_by_middleware(e, request)
  File "/root/lmz/venv/lib/python3.6/site-packages/django/core/handlers/base.py", line 185, in _get_response
    response = wrapped_callback(request, *callback_args, **callback_kwargs)
  File "/root/lmz/graduate/erp/xadmin/sites.py", line 300, in wrapper
    return self.admin_view(view, cacheable)(*args, **kwargs)
  File "/root/lmz/venv/lib/python3.6/site-packages/django/views/decorators/cache.py", line 57, in _wrapped_view_func
    response = view_func(request, *args, **kwargs)
  File "/root/lmz/graduate/erp/xadmin/sites.py", line 208, in inner
    return view(request, *args, **kwargs)
  File "/root/lmz/graduate/erp/xadmin/views/base.py", line 279, in view
    return handler(request, *args, **kwargs)
  File "/root/lmz/venv/lib/python3.6/site-packages/django/utils/decorators.py", line 67, in _wrapper
    return bound_func(*args, **kwargs)
  File "/root/lmz/venv/lib/python3.6/site-packages/django/utils/decorators.py", line 149, in _wrapped_view
    response = view_func(request, *args, **kwargs)
  File "/root/lmz/venv/lib/python3.6/site-packages/django/utils/decorators.py", line 63, in bound_func
    return func.__get__(self, type(self))(*args2, **kwargs2)
  File "/usr/local/lib/python3.6/contextlib.py", line 52, in inner
    return func(*args, **kwds)
  File "/root/lmz/graduate/erp/xadmin/views/base.py", line 78, in method
    return filter_chain(filters, len(filters) - 1, _inner_method, *args, **kwargs)
  File "/root/lmz/graduate/erp/xadmin/views/base.py", line 47, in filter_chain
    return func()
  File "/root/lmz/graduate/erp/xadmin/views/base.py", line 72, in _inner_method
    return func(self, *args, **kwargs)
  File "/root/lmz/graduate/erp/xadmin/views/edit.py", line 294, in post
    self.save_models()
  File "/root/lmz/graduate/erp/xadmin/views/base.py", line 78, in method
    return filter_chain(filters, len(filters) - 1, _inner_method, *args, **kwargs)
  File "/root/lmz/graduate/erp/xadmin/views/base.py", line 47, in filter_chain
    return func()
  File "/root/lmz/graduate/erp/xadmin/views/base.py", line 72, in _inner_method
    return func(self, *args, **kwargs)
  File "/root/lmz/graduate/erp/xadmin/views/edit.py", line 269, in save_models
    self.new_obj.save()
  File "/root/lmz/venv/lib/python3.6/site-packages/django/db/models/base.py", line 808, in save
    force_update=force_update, update_fields=update_fields)
  File "/root/lmz/venv/lib/python3.6/site-packages/django/db/models/base.py", line 838, in save_base
    updated = self._save_table(raw, cls, force_insert, force_update, using, update_fields)
  File "/root/lmz/venv/lib/python3.6/site-packages/django/db/models/base.py", line 924, in _save_table
    result = self._do_insert(cls._base_manager, using, fields, update_pk, raw)
  File "/root/lmz/venv/lib/python3.6/site-packages/django/db/models/base.py", line 963, in _do_insert
    using=using, raw=raw)
  File "/root/lmz/venv/lib/python3.6/site-packages/django/db/models/manager.py", line 85, in manager_method
    return getattr(self.get_queryset(), name)(*args, **kwargs)
  File "/root/lmz/venv/lib/python3.6/site-packages/django/db/models/query.py", line 1076, in _insert
    return query.get_compiler(using=using).execute_sql(return_id)
  File "/root/lmz/venv/lib/python3.6/site-packages/django/db/models/sql/compiler.py", line 1107, in execute_sql
    cursor.execute(sql, params)
  File "/root/lmz/venv/lib/python3.6/site-packages/django/db/backends/utils.py", line 80, in execute
    return super(CursorDebugWrapper, self).execute(sql, params)
  File "/root/lmz/venv/lib/python3.6/site-packages/django/db/backends/utils.py", line 65, in execute
    return self.cursor.execute(sql, params)
  File "/root/lmz/venv/lib/python3.6/site-packages/django/db/utils.py", line 94, in __exit__
    six.reraise(dj_exc_type, dj_exc_value, traceback)
  File "/root/lmz/venv/lib/python3.6/site-packages/django/utils/six.py", line 685, in reraise
    raise value.with_traceback(tb)
  File "/root/lmz/venv/lib/python3.6/site-packages/django/db/backends/utils.py", line 65, in execute
    return self.cursor.execute(sql, params)
  File "/root/lmz/venv/lib/python3.6/site-packages/django/db/backends/mysql/base.py", line 101, in execute
    return self.cursor.execute(query, args)
  File "/root/lmz/venv/lib/python3.6/site-packages/pymysql/cursors.py", line 166, in execute
    result = self._query(query)
  File "/root/lmz/venv/lib/python3.6/site-packages/pymysql/cursors.py", line 322, in _query
    conn.query(q)
  File "/root/lmz/venv/lib/python3.6/site-packages/pymysql/connections.py", line 856, in query
    self._affected_rows = self._read_query_result(unbuffered=unbuffered)
  File "/root/lmz/venv/lib/python3.6/site-packages/pymysql/connections.py", line 1057, in _read_query_result
    result.read()
  File "/root/lmz/venv/lib/python3.6/site-packages/pymysql/connections.py", line 1340, in read
    first_packet = self.connection._read_packet()
  File "/root/lmz/venv/lib/python3.6/site-packages/pymysql/connections.py", line 1014, in _read_packet
    packet.check_error()
  File "/root/lmz/venv/lib/python3.6/site-packages/pymysql/connections.py", line 393, in check_error
    err.raise_mysql_exception(self._data)
  File "/root/lmz/venv/lib/python3.6/site-packages/pymysql/err.py", line 107, in raise_mysql_exception
    raise errorclass(errno, errval)
django.db.utils.IntegrityError: (1048, "Column 'leader_id' cannot be null")
[31/May/2018 16:51:32] "POST /InfoManage/assemblyline/add/ HTTP/1.1" 500 272023
[31/May/2018 16:51:36] "GET /InfoManage/assemblyline/add/ HTTP/1.1" 200 16253
[31/May/2018 16:51:40] "GET /InfoManage/product/ HTTP/1.1" 200 40724
[31/May/2018 16:51:40] "GET /jsi18n/ HTTP/1.1" 200 4753
[31/May/2018 16:51:40] "GET /InfoManage/halfproduct/ HTTP/1.1" 200 37610
[31/May/2018 16:51:40] "GET /jsi18n/ HTTP/1.1" 200 4753
[31/May/2018 16:51:41] "GET /InfoManage/halfproduct/2/update/ HTTP/1.1" 200 18651
[31/May/2018 16:51:41] "GET /jsi18n/ HTTP/1.1" 200 4753
[31/May/2018 16:51:43] "GET /InfoManage/product/ HTTP/1.1" 200 40724
[31/May/2018 16:51:43] "GET /jsi18n/ HTTP/1.1" 200 4753
Internal Server Error: /InfoManage/product/2/update/
Traceback (most recent call last):
  File "/root/lmz/venv/lib/python3.6/site-packages/django/db/models/options.py", line 617, in get_field
    return self.fields_map[field_name]
KeyError: 'ass_name'

During handling of the above exception, another exception occurred:

Traceback (most recent call last):
  File "/root/lmz/venv/lib/python3.6/site-packages/django/contrib/admin/utils.py", line 340, in label_for_field
    field = _get_non_gfk_field(model._meta, name)
  File "/root/lmz/venv/lib/python3.6/site-packages/django/contrib/admin/utils.py", line 317, in _get_non_gfk_field
    field = opts.get_field(name)
  File "/root/lmz/venv/lib/python3.6/site-packages/django/db/models/options.py", line 619, in get_field
    raise FieldDoesNotExist("%s has no field named '%s'" % (self.object_name, field_name))
django.core.exceptions.FieldDoesNotExist: Product has no field named 'ass_name'

During handling of the above exception, another exception occurred:

Traceback (most recent call last):
  File "/root/lmz/venv/lib/python3.6/site-packages/django/core/handlers/exception.py", line 41, in inner
    response = get_response(request)
  File "/root/lmz/venv/lib/python3.6/site-packages/django/core/handlers/base.py", line 217, in _get_response
    response = self.process_exception_by_middleware(e, request)
  File "/root/lmz/venv/lib/python3.6/site-packages/django/core/handlers/base.py", line 215, in _get_response
    response = response.render()
  File "/root/lmz/venv/lib/python3.6/site-packages/django/template/response.py", line 107, in render
    self.content = self.rendered_content
  File "/root/lmz/venv/lib/python3.6/site-packages/django/template/response.py", line 84, in rendered_content
    content = template.render(context, self._request)
  File "/root/lmz/venv/lib/python3.6/site-packages/django/template/backends/django.py", line 66, in render
    return self.template.render(context)
  File "/root/lmz/venv/lib/python3.6/site-packages/django/template/base.py", line 207, in render
    return self._render(context)
  File "/root/lmz/venv/lib/python3.6/site-packages/django/template/base.py", line 199, in _render
    return self.nodelist.render(context)
  File "/root/lmz/venv/lib/python3.6/site-packages/django/template/base.py", line 990, in render
    bit = node.render_annotated(context)
  File "/root/lmz/venv/lib/python3.6/site-packages/django/template/base.py", line 957, in render_annotated
    return self.render(context)
  File "/root/lmz/venv/lib/python3.6/site-packages/django/template/loader_tags.py", line 177, in render
    return compiled_parent._render(context)
  File "/root/lmz/venv/lib/python3.6/site-packages/django/template/base.py", line 199, in _render
    return self.nodelist.render(context)
  File "/root/lmz/venv/lib/python3.6/site-packages/django/template/base.py", line 990, in render
    bit = node.render_annotated(context)
  File "/root/lmz/venv/lib/python3.6/site-packages/django/template/base.py", line 957, in render_annotated
    return self.render(context)
  File "/root/lmz/venv/lib/python3.6/site-packages/django/template/loader_tags.py", line 177, in render
    return compiled_parent._render(context)
  File "/root/lmz/venv/lib/python3.6/site-packages/django/template/base.py", line 199, in _render
    return self.nodelist.render(context)
  File "/root/lmz/venv/lib/python3.6/site-packages/django/template/base.py", line 990, in render
    bit = node.render_annotated(context)
  File "/root/lmz/venv/lib/python3.6/site-packages/django/template/base.py", line 957, in render_annotated
    return self.render(context)
  File "/root/lmz/venv/lib/python3.6/site-packages/django/template/loader_tags.py", line 72, in render
    result = block.nodelist.render(context)
  File "/root/lmz/venv/lib/python3.6/site-packages/django/template/base.py", line 990, in render
    bit = node.render_annotated(context)
  File "/root/lmz/venv/lib/python3.6/site-packages/django/template/base.py", line 957, in render_annotated
    return self.render(context)
  File "/root/lmz/venv/lib/python3.6/site-packages/django/template/loader_tags.py", line 72, in render
    result = block.nodelist.render(context)
  File "/root/lmz/venv/lib/python3.6/site-packages/django/template/base.py", line 990, in render
    bit = node.render_annotated(context)
  File "/root/lmz/venv/lib/python3.6/site-packages/django/template/base.py", line 957, in render_annotated
    return self.render(context)
  File "/root/lmz/venv/lib/python3.6/site-packages/crispy_forms/templatetags/crispy_forms_tags.py", line 199, in render
    c = self.get_render(context).flatten()
  File "/root/lmz/venv/lib/python3.6/site-packages/crispy_forms/templatetags/crispy_forms_tags.py", line 118, in get_render
    actual_form.form_html = helper.render_layout(actual_form, node_context, template_pack=self.template_pack)
  File "/root/lmz/venv/lib/python3.6/site-packages/crispy_forms/helper.py", line 308, in render_layout
    template_pack=template_pack
  File "/root/lmz/venv/lib/python3.6/site-packages/crispy_forms/layout.py", line 140, in render
    return self.get_rendered_fields(form, form_style, context, template_pack, **kwargs)
  File "/root/lmz/venv/lib/python3.6/site-packages/crispy_forms/layout.py", line 104, in get_rendered_fields
    for field in self.fields
  File "/root/lmz/venv/lib/python3.6/site-packages/crispy_forms/layout.py", line 104, in <genexpr>
    for field in self.fields
  File "/root/lmz/venv/lib/python3.6/site-packages/crispy_forms/utils.py", line 62, in render_field
    form, form_style, context, template_pack=template_pack,
  File "/root/lmz/venv/lib/python3.6/site-packages/crispy_forms/layout.py", line 361, in render
    fields = self.get_rendered_fields(form, form_style, context, template_pack, **kwargs)
  File "/root/lmz/venv/lib/python3.6/site-packages/crispy_forms/layout.py", line 104, in get_rendered_fields
    for field in self.fields
  File "/root/lmz/venv/lib/python3.6/site-packages/crispy_forms/layout.py", line 104, in <genexpr>
    for field in self.fields
  File "/root/lmz/venv/lib/python3.6/site-packages/crispy_forms/utils.py", line 62, in render_field
    form, form_style, context, template_pack=template_pack,
  File "/root/lmz/venv/lib/python3.6/site-packages/crispy_forms/layout.py", line 361, in render
    fields = self.get_rendered_fields(form, form_style, context, template_pack, **kwargs)
  File "/root/lmz/venv/lib/python3.6/site-packages/crispy_forms/layout.py", line 104, in get_rendered_fields
    for field in self.fields
  File "/root/lmz/venv/lib/python3.6/site-packages/crispy_forms/layout.py", line 104, in <genexpr>
    for field in self.fields
  File "/root/lmz/venv/lib/python3.6/site-packages/crispy_forms/utils.py", line 62, in render_field
    form, form_style, context, template_pack=template_pack,
  File "/root/lmz/venv/lib/python3.6/site-packages/crispy_forms/layout.py", line 287, in render
    fields = self.get_rendered_fields(form, form_style, context, template_pack, **kwargs)
  File "/root/lmz/venv/lib/python3.6/site-packages/crispy_forms/layout.py", line 104, in get_rendered_fields
    for field in self.fields
  File "/root/lmz/venv/lib/python3.6/site-packages/crispy_forms/layout.py", line 104, in <genexpr>
    for field in self.fields
  File "/root/lmz/venv/lib/python3.6/site-packages/crispy_forms/utils.py", line 62, in render_field
    form, form_style, context, template_pack=template_pack,
  File "/root/lmz/graduate/erp/xadmin/views/edit.py", line 57, in render
    result = self.detail.get_field_result(field)
  File "/root/lmz/graduate/erp/xadmin/views/base.py", line 78, in method
    return filter_chain(filters, len(filters) - 1, _inner_method, *args, **kwargs)
  File "/root/lmz/graduate/erp/xadmin/views/base.py", line 61, in filter_chain
    return filter_chain(filters, token - 1, _inner_method, *args, **kwargs)
  File "/root/lmz/graduate/erp/xadmin/views/base.py", line 47, in filter_chain
    return func()
  File "/root/lmz/graduate/erp/xadmin/views/base.py", line 60, in _inner_method
    return fm(func if fargs[1] == '__' else func(), *args, **kwargs)
  File "/root/lmz/graduate/erp/xadmin/views/base.py", line 72, in _inner_method
    return func(self, *args, **kwargs)
  File "/root/lmz/graduate/erp/xadmin/views/detail.py", line 266, in get_field_result
    return ResultField(self.obj, field_name, self)
  File "/root/lmz/graduate/erp/xadmin/views/detail.py", line 75, in __init__
    self.init()
  File "/root/lmz/graduate/erp/xadmin/views/detail.py", line 80, in init
    return_attr=False
  File "/root/lmz/venv/lib/python3.6/site-packages/django/contrib/admin/utils.py", line 364, in label_for_field
    raise AttributeError(message)
AttributeError: Unable to lookup 'ass_name' on Product or InfoManageproductAdminDetailAdminUtilDetailAdminViewModelAdminViewGlobalSettingCommAdminViewBaseSettingBaseAdminViewBaseAdminObjectViewobject
[31/May/2018 16:51:45] "GET /InfoManage/product/2/update/ HTTP/1.1" 500 546249
[31/May/2018 16:51:51] "GET /InfoManage/product/ HTTP/1.1" 200 40724
Internal Server Error: /InfoManage/product/1/update/
Traceback (most recent call last):
  File "/root/lmz/venv/lib/python3.6/site-packages/django/db/models/options.py", line 617, in get_field
    return self.fields_map[field_name]
KeyError: 'ass_name'

During handling of the above exception, another exception occurred:

Traceback (most recent call last):
  File "/root/lmz/venv/lib/python3.6/site-packages/django/contrib/admin/utils.py", line 340, in label_for_field
    field = _get_non_gfk_field(model._meta, name)
  File "/root/lmz/venv/lib/python3.6/site-packages/django/contrib/admin/utils.py", line 317, in _get_non_gfk_field
    field = opts.get_field(name)
  File "/root/lmz/venv/lib/python3.6/site-packages/django/db/models/options.py", line 619, in get_field
    raise FieldDoesNotExist("%s has no field named '%s'" % (self.object_name, field_name))
django.core.exceptions.FieldDoesNotExist: Product has no field named 'ass_name'

During handling of the above exception, another exception occurred:

Traceback (most recent call last):
  File "/root/lmz/venv/lib/python3.6/site-packages/django/core/handlers/exception.py", line 41, in inner
    response = get_response(request)
  File "/root/lmz/venv/lib/python3.6/site-packages/django/core/handlers/base.py", line 217, in _get_response
    response = self.process_exception_by_middleware(e, request)
  File "/root/lmz/venv/lib/python3.6/site-packages/django/core/handlers/base.py", line 215, in _get_response
    response = response.render()
  File "/root/lmz/venv/lib/python3.6/site-packages/django/template/response.py", line 107, in render
    self.content = self.rendered_content
  File "/root/lmz/venv/lib/python3.6/site-packages/django/template/response.py", line 84, in rendered_content
    content = template.render(context, self._request)
  File "/root/lmz/venv/lib/python3.6/site-packages/django/template/backends/django.py", line 66, in render
    return self.template.render(context)
  File "/root/lmz/venv/lib/python3.6/site-packages/django/template/base.py", line 207, in render
    return self._render(context)
  File "/root/lmz/venv/lib/python3.6/site-packages/django/template/base.py", line 199, in _render
    return self.nodelist.render(context)
  File "/root/lmz/venv/lib/python3.6/site-packages/django/template/base.py", line 990, in render
    bit = node.render_annotated(context)
  File "/root/lmz/venv/lib/python3.6/site-packages/django/template/base.py", line 957, in render_annotated
    return self.render(context)
  File "/root/lmz/venv/lib/python3.6/site-packages/django/template/loader_tags.py", line 177, in render
    return compiled_parent._render(context)
  File "/root/lmz/venv/lib/python3.6/site-packages/django/template/base.py", line 199, in _render
    return self.nodelist.render(context)
  File "/root/lmz/venv/lib/python3.6/site-packages/django/template/base.py", line 990, in render
    bit = node.render_annotated(context)
  File "/root/lmz/venv/lib/python3.6/site-packages/django/template/base.py", line 957, in render_annotated
    return self.render(context)
  File "/root/lmz/venv/lib/python3.6/site-packages/django/template/loader_tags.py", line 177, in render
    return compiled_parent._render(context)
  File "/root/lmz/venv/lib/python3.6/site-packages/django/template/base.py", line 199, in _render
    return self.nodelist.render(context)
  File "/root/lmz/venv/lib/python3.6/site-packages/django/template/base.py", line 990, in render
    bit = node.render_annotated(context)
  File "/root/lmz/venv/lib/python3.6/site-packages/django/template/base.py", line 957, in render_annotated
    return self.render(context)
  File "/root/lmz/venv/lib/python3.6/site-packages/django/template/loader_tags.py", line 72, in render
    result = block.nodelist.render(context)
  File "/root/lmz/venv/lib/python3.6/site-packages/django/template/base.py", line 990, in render
    bit = node.render_annotated(context)
  File "/root/lmz/venv/lib/python3.6/site-packages/django/template/base.py", line 957, in render_annotated
    return self.render(context)
  File "/root/lmz/venv/lib/python3.6/site-packages/django/template/loader_tags.py", line 72, in render
    result = block.nodelist.render(context)
  File "/root/lmz/venv/lib/python3.6/site-packages/django/template/base.py", line 990, in render
    bit = node.render_annotated(context)
  File "/root/lmz/venv/lib/python3.6/site-packages/django/template/base.py", line 957, in render_annotated
    return self.render(context)
  File "/root/lmz/venv/lib/python3.6/site-packages/crispy_forms/templatetags/crispy_forms_tags.py", line 199, in render
    c = self.get_render(context).flatten()
  File "/root/lmz/venv/lib/python3.6/site-packages/crispy_forms/templatetags/crispy_forms_tags.py", line 118, in get_render
    actual_form.form_html = helper.render_layout(actual_form, node_context, template_pack=self.template_pack)
  File "/root/lmz/venv/lib/python3.6/site-packages/crispy_forms/helper.py", line 308, in render_layout
    template_pack=template_pack
  File "/root/lmz/venv/lib/python3.6/site-packages/crispy_forms/layout.py", line 140, in render
    return self.get_rendered_fields(form, form_style, context, template_pack, **kwargs)
  File "/root/lmz/venv/lib/python3.6/site-packages/crispy_forms/layout.py", line 104, in get_rendered_fields
    for field in self.fields
  File "/root/lmz/venv/lib/python3.6/site-packages/crispy_forms/layout.py", line 104, in <genexpr>
    for field in self.fields
  File "/root/lmz/venv/lib/python3.6/site-packages/crispy_forms/utils.py", line 62, in render_field
    form, form_style, context, template_pack=template_pack,
  File "/root/lmz/venv/lib/python3.6/site-packages/crispy_forms/layout.py", line 361, in render
    fields = self.get_rendered_fields(form, form_style, context, template_pack, **kwargs)
  File "/root/lmz/venv/lib/python3.6/site-packages/crispy_forms/layout.py", line 104, in get_rendered_fields
    for field in self.fields
  File "/root/lmz/venv/lib/python3.6/site-packages/crispy_forms/layout.py", line 104, in <genexpr>
    for field in self.fields
  File "/root/lmz/venv/lib/python3.6/site-packages/crispy_forms/utils.py", line 62, in render_field
    form, form_style, context, template_pack=template_pack,
  File "/root/lmz/venv/lib/python3.6/site-packages/crispy_forms/layout.py", line 361, in render
    fields = self.get_rendered_fields(form, form_style, context, template_pack, **kwargs)
  File "/root/lmz/venv/lib/python3.6/site-packages/crispy_forms/layout.py", line 104, in get_rendered_fields
    for field in self.fields
  File "/root/lmz/venv/lib/python3.6/site-packages/crispy_forms/layout.py", line 104, in <genexpr>
    for field in self.fields
  File "/root/lmz/venv/lib/python3.6/site-packages/crispy_forms/utils.py", line 62, in render_field
    form, form_style, context, template_pack=template_pack,
  File "/root/lmz/venv/lib/python3.6/site-packages/crispy_forms/layout.py", line 287, in render
    fields = self.get_rendered_fields(form, form_style, context, template_pack, **kwargs)
  File "/root/lmz/venv/lib/python3.6/site-packages/crispy_forms/layout.py", line 104, in get_rendered_fields
    for field in self.fields
  File "/root/lmz/venv/lib/python3.6/site-packages/crispy_forms/layout.py", line 104, in <genexpr>
    for field in self.fields
  File "/root/lmz/venv/lib/python3.6/site-packages/crispy_forms/utils.py", line 62, in render_field
    form, form_style, context, template_pack=template_pack,
  File "/root/lmz/graduate/erp/xadmin/views/edit.py", line 57, in render
    result = self.detail.get_field_result(field)
  File "/root/lmz/graduate/erp/xadmin/views/base.py", line 78, in method
    return filter_chain(filters, len(filters) - 1, _inner_method, *args, **kwargs)
  File "/root/lmz/graduate/erp/xadmin/views/base.py", line 61, in filter_chain
    return filter_chain(filters, token - 1, _inner_method, *args, **kwargs)
  File "/root/lmz/graduate/erp/xadmin/views/base.py", line 47, in filter_chain
    return func()
  File "/root/lmz/graduate/erp/xadmin/views/base.py", line 60, in _inner_method
    return fm(func if fargs[1] == '__' else func(), *args, **kwargs)
  File "/root/lmz/graduate/erp/xadmin/views/base.py", line 72, in _inner_method
    return func(self, *args, **kwargs)
  File "/root/lmz/graduate/erp/xadmin/views/detail.py", line 266, in get_field_result
    return ResultField(self.obj, field_name, self)
  File "/root/lmz/graduate/erp/xadmin/views/detail.py", line 75, in __init__
    self.init()
  File "/root/lmz/graduate/erp/xadmin/views/detail.py", line 80, in init
    return_attr=False
  File "/root/lmz/venv/lib/python3.6/site-packages/django/contrib/admin/utils.py", line 364, in label_for_field
    raise AttributeError(message)
AttributeError: Unable to lookup 'ass_name' on Product or InfoManageproductAdminDetailAdminUtilDetailAdminViewModelAdminViewGlobalSettingCommAdminViewBaseSettingBaseAdminViewBaseAdminObjectViewobject
[31/May/2018 16:51:56] "GET /InfoManage/product/ HTTP/1.1" 200 40724
[31/May/2018 16:51:57] "GET /InfoManage/product/1/update/ HTTP/1.1" 500 546249
Internal Server Error: /InfoManage/product/add/
Traceback (most recent call last):
  File "/root/lmz/venv/lib/python3.6/site-packages/django/db/models/options.py", line 617, in get_field
    return self.fields_map[field_name]
KeyError: 'ass_name'

During handling of the above exception, another exception occurred:

Traceback (most recent call last):
  File "/root/lmz/venv/lib/python3.6/site-packages/django/contrib/admin/utils.py", line 340, in label_for_field
    field = _get_non_gfk_field(model._meta, name)
  File "/root/lmz/venv/lib/python3.6/site-packages/django/contrib/admin/utils.py", line 317, in _get_non_gfk_field
    field = opts.get_field(name)
  File "/root/lmz/venv/lib/python3.6/site-packages/django/db/models/options.py", line 619, in get_field
    raise FieldDoesNotExist("%s has no field named '%s'" % (self.object_name, field_name))
django.core.exceptions.FieldDoesNotExist: Product has no field named 'ass_name'

During handling of the above exception, another exception occurred:

Traceback (most recent call last):
  File "/root/lmz/venv/lib/python3.6/site-packages/django/core/handlers/exception.py", line 41, in inner
    response = get_response(request)
  File "/root/lmz/venv/lib/python3.6/site-packages/django/core/handlers/base.py", line 217, in _get_response
    response = self.process_exception_by_middleware(e, request)
  File "/root/lmz/venv/lib/python3.6/site-packages/django/core/handlers/base.py", line 215, in _get_response
    response = response.render()
  File "/root/lmz/venv/lib/python3.6/site-packages/django/template/response.py", line 107, in render
    self.content = self.rendered_content
  File "/root/lmz/venv/lib/python3.6/site-packages/django/template/response.py", line 84, in rendered_content
    content = template.render(context, self._request)
  File "/root/lmz/venv/lib/python3.6/site-packages/django/template/backends/django.py", line 66, in render
    return self.template.render(context)
  File "/root/lmz/venv/lib/python3.6/site-packages/django/template/base.py", line 207, in render
    return self._render(context)
  File "/root/lmz/venv/lib/python3.6/site-packages/django/template/base.py", line 199, in _render
    return self.nodelist.render(context)
  File "/root/lmz/venv/lib/python3.6/site-packages/django/template/base.py", line 990, in render
    bit = node.render_annotated(context)
  File "/root/lmz/venv/lib/python3.6/site-packages/django/template/base.py", line 957, in render_annotated
    return self.render(context)
  File "/root/lmz/venv/lib/python3.6/site-packages/django/template/loader_tags.py", line 177, in render
    return compiled_parent._render(context)
  File "/root/lmz/venv/lib/python3.6/site-packages/django/template/base.py", line 199, in _render
    return self.nodelist.render(context)
  File "/root/lmz/venv/lib/python3.6/site-packages/django/template/base.py", line 990, in render
    bit = node.render_annotated(context)
  File "/root/lmz/venv/lib/python3.6/site-packages/django/template/base.py", line 957, in render_annotated
    return self.render(context)
  File "/root/lmz/venv/lib/python3.6/site-packages/django/template/loader_tags.py", line 177, in render
    return compiled_parent._render(context)
  File "/root/lmz/venv/lib/python3.6/site-packages/django/template/base.py", line 199, in _render
    return self.nodelist.render(context)
  File "/root/lmz/venv/lib/python3.6/site-packages/django/template/base.py", line 990, in render
    bit = node.render_annotated(context)
  File "/root/lmz/venv/lib/python3.6/site-packages/django/template/base.py", line 957, in render_annotated
    return self.render(context)
  File "/root/lmz/venv/lib/python3.6/site-packages/django/template/loader_tags.py", line 72, in render
    result = block.nodelist.render(context)
  File "/root/lmz/venv/lib/python3.6/site-packages/django/template/base.py", line 990, in render
    bit = node.render_annotated(context)
  File "/root/lmz/venv/lib/python3.6/site-packages/django/template/base.py", line 957, in render_annotated
    return self.render(context)
  File "/root/lmz/venv/lib/python3.6/site-packages/django/template/loader_tags.py", line 72, in render
    result = block.nodelist.render(context)
  File "/root/lmz/venv/lib/python3.6/site-packages/django/template/base.py", line 990, in render
    bit = node.render_annotated(context)
  File "/root/lmz/venv/lib/python3.6/site-packages/django/template/base.py", line 957, in render_annotated
    return self.render(context)
  File "/root/lmz/venv/lib/python3.6/site-packages/crispy_forms/templatetags/crispy_forms_tags.py", line 199, in render
    c = self.get_render(context).flatten()
  File "/root/lmz/venv/lib/python3.6/site-packages/crispy_forms/templatetags/crispy_forms_tags.py", line 118, in get_render
    actual_form.form_html = helper.render_layout(actual_form, node_context, template_pack=self.template_pack)
  File "/root/lmz/venv/lib/python3.6/site-packages/crispy_forms/helper.py", line 308, in render_layout
    template_pack=template_pack
  File "/root/lmz/venv/lib/python3.6/site-packages/crispy_forms/layout.py", line 140, in render
    return self.get_rendered_fields(form, form_style, context, template_pack, **kwargs)
  File "/root/lmz/venv/lib/python3.6/site-packages/crispy_forms/layout.py", line 104, in get_rendered_fields
    for field in self.fields
  File "/root/lmz/venv/lib/python3.6/site-packages/crispy_forms/layout.py", line 104, in <genexpr>
    for field in self.fields
  File "/root/lmz/venv/lib/python3.6/site-packages/crispy_forms/utils.py", line 62, in render_field
    form, form_style, context, template_pack=template_pack,
  File "/root/lmz/venv/lib/python3.6/site-packages/crispy_forms/layout.py", line 361, in render
    fields = self.get_rendered_fields(form, form_style, context, template_pack, **kwargs)
  File "/root/lmz/venv/lib/python3.6/site-packages/crispy_forms/layout.py", line 104, in get_rendered_fields
    for field in self.fields
  File "/root/lmz/venv/lib/python3.6/site-packages/crispy_forms/layout.py", line 104, in <genexpr>
    for field in self.fields
  File "/root/lmz/venv/lib/python3.6/site-packages/crispy_forms/utils.py", line 62, in render_field
    form, form_style, context, template_pack=template_pack,
  File "/root/lmz/venv/lib/python3.6/site-packages/crispy_forms/layout.py", line 361, in render
    fields = self.get_rendered_fields(form, form_style, context, template_pack, **kwargs)
  File "/root/lmz/venv/lib/python3.6/site-packages/crispy_forms/layout.py", line 104, in get_rendered_fields
    for field in self.fields
  File "/root/lmz/venv/lib/python3.6/site-packages/crispy_forms/layout.py", line 104, in <genexpr>
    for field in self.fields
  File "/root/lmz/venv/lib/python3.6/site-packages/crispy_forms/utils.py", line 62, in render_field
    form, form_style, context, template_pack=template_pack,
  File "/root/lmz/venv/lib/python3.6/site-packages/crispy_forms/layout.py", line 287, in render
    fields = self.get_rendered_fields(form, form_style, context, template_pack, **kwargs)
  File "/root/lmz/venv/lib/python3.6/site-packages/crispy_forms/layout.py", line 104, in get_rendered_fields
    for field in self.fields
  File "/root/lmz/venv/lib/python3.6/site-packages/crispy_forms/layout.py", line 104, in <genexpr>
    for field in self.fields
  File "/root/lmz/venv/lib/python3.6/site-packages/crispy_forms/utils.py", line 62, in render_field
    form, form_style, context, template_pack=template_pack,
  File "/root/lmz/graduate/erp/xadmin/views/edit.py", line 57, in render
    result = self.detail.get_field_result(field)
  File "/root/lmz/graduate/erp/xadmin/views/base.py", line 78, in method
    return filter_chain(filters, len(filters) - 1, _inner_method, *args, **kwargs)
  File "/root/lmz/graduate/erp/xadmin/views/base.py", line 61, in filter_chain
    return filter_chain(filters, token - 1, _inner_method, *args, **kwargs)
  File "/root/lmz/graduate/erp/xadmin/views/base.py", line 47, in filter_chain
    return func()
  File "/root/lmz/graduate/erp/xadmin/views/base.py", line 60, in _inner_method
    return fm(func if fargs[1] == '__' else func(), *args, **kwargs)
  File "/root/lmz/graduate/erp/xadmin/views/base.py", line 72, in _inner_method
    return func(self, *args, **kwargs)
  File "/root/lmz/graduate/erp/xadmin/views/detail.py", line 266, in get_field_result
    return ResultField(self.obj, field_name, self)
  File "/root/lmz/graduate/erp/xadmin/views/detail.py", line 75, in __init__
    self.init()
  File "/root/lmz/graduate/erp/xadmin/views/detail.py", line 80, in init
    return_attr=False
  File "/root/lmz/venv/lib/python3.6/site-packages/django/contrib/admin/utils.py", line 364, in label_for_field
    raise AttributeError(message)
AttributeError: Unable to lookup 'ass_name' on Product or InfoManageproductAdminDetailAdminUtilDetailAdminViewModelAdminViewGlobalSettingCommAdminViewBaseSettingBaseAdminViewBaseAdminObjectViewobject
[31/May/2018 16:52:01] "GET /InfoManage/product/add/ HTTP/1.1" 500 543360
[31/May/2018 16:52:02] "GET / HTTP/1.1" 200 4338
[31/May/2018 16:52:07] "GET /InfoManage/product/ HTTP/1.1" 200 40724
Performing system checks...

System check identified no issues (0 silenced).

You have 1 unapplied migration(s). Your project may not work properly until you apply the migrations for app(s): InfoManage.
Run 'python manage.py migrate' to apply them.
May 29, 2018 - 19:57:25
Django version 1.11.7, using settings 'erp.settings'
Starting development server at http://0.0.0.0:8080/
Quit the server with CONTROL-C.
█[31/May/2018 16:54:59] "GET /InfoManage/product/ HTTP/1.1" 200 4357
[31/May/2018 16:55:00] "GET /jsi18n/ HTTP/1.1" 200 4345
[31/May/2018 16:55:01] "POST /InfoManage/product/ HTTP/1.1" 302 0
[31/May/2018 16:55:02] "GET /InfoManage/product/ HTTP/1.1" 200 40724
[31/May/2018 16:55:02] "GET /jsi18n/ HTTP/1.1" 200 4753
[31/May/2018 16:55:04] "GET /InfoManage/product/2/update/ HTTP/1.1" 200 16423
[31/May/2018 16:55:04] "GET /jsi18n/ HTTP/1.1" 200 4753
[31/May/2018 16:55:08] "POST /InfoManage/product/2/update/ HTTP/1.1" 302 0
[31/May/2018 16:55:08] "GET /InfoManage/product/add/ HTTP/1.1" 200 16517
[31/May/2018 16:55:08] "GET /jsi18n/ HTTP/1.1" 200 4753
[31/May/2018 17:12:52] "GET /InfoManage/meterial/ HTTP/1.1" 200 42889
[31/May/2018 17:12:53] "GET /jsi18n/ HTTP/1.1" 200 4753
[31/May/2018 17:12:54] "GET /InfoManage/meterial/2/update/ HTTP/1.1" 200 21299
[31/May/2018 17:12:55] "GET /jsi18n/ HTTP/1.1" 200 4753
[31/May/2018 17:19:06] "GET /InfoManage/produceform/ HTTP/1.1" 200 56540
[31/May/2018 17:19:06] "GET /jsi18n/ HTTP/1.1" 200 4753
[31/May/2018 17:19:14] "GET / HTTP/1.1" 200 4338
[31/May/2018 17:30:25] "GET /logout/ HTTP/1.1" 302 0
[31/May/2018 17:30:26] "GET / HTTP/1.1" 200 4338
[31/May/2018 17:30:26] "GET /jsi18n/ HTTP/1.1" 200 4345
[31/May/2018 17:30:28] "POST / HTTP/1.1" 302 0
[31/May/2018 17:30:29] "GET / HTTP/1.1" 200 13642
[31/May/2018 17:30:29] "GET /jsi18n/ HTTP/1.1" 200 4753
[31/May/2018 17:30:36] "GET /InfoManage/customer/ HTTP/1.1" 200 31270
[31/May/2018 17:30:36] "GET /jsi18n/ HTTP/1.1" 200 4753
[31/May/2018 17:30:39] "GET /logout/ HTTP/1.1" 302 0
[31/May/2018 17:30:39] "GET / HTTP/1.1" 200 4338
[31/May/2018 17:30:39] "GET /jsi18n/ HTTP/1.1" 200 4345
[31/May/2018 17:30:43] "POST / HTTP/1.1" 302 0
[31/May/2018 17:30:43] "GET / HTTP/1.1" 200 13642
[31/May/2018 17:30:43] "GET /jsi18n/ HTTP/1.1" 200 4753
[31/May/2018 17:30:45] "GET /InfoManage/customer/ HTTP/1.1" 200 31270
[31/May/2018 17:30:45] "GET /jsi18n/ HTTP/1.1" 200 4753
[31/May/2018 17:30:46] "GET /InfoManage/customer/2/update/ HTTP/1.1" 200 16971
[31/May/2018 17:30:46] "GET /jsi18n/ HTTP/1.1" 200 4753
[31/May/2018 17:30:49] "GET /logout/ HTTP/1.1" 302 0
[31/May/2018 17:30:49] "GET / HTTP/1.1" 200 4338
[31/May/2018 17:30:50] "GET /jsi18n/ HTTP/1.1" 200 4345
[31/May/2018 17:30:56] "POST / HTTP/1.1" 302 0
[31/May/2018 17:30:56] "GET / HTTP/1.1" 200 13642
[31/May/2018 17:30:56] "GET /jsi18n/ HTTP/1.1" 200 4753
[31/May/2018 17:35:26] "GET /InfoManage/customer/ HTTP/1.1" 200 31270
[31/May/2018 17:35:27] "GET /jsi18n/ HTTP/1.1" 200 4753
[31/May/2018 17:40:13] "GET /InfoManage/saleform/ HTTP/1.1" 200 60635
[31/May/2018 17:40:13] "GET /jsi18n/ HTTP/1.1" 200 4753
[31/May/2018 17:40:14] "GET /InfoManage/saleform/chart/user_count/? HTTP/1.1" 200 355
[31/May/2018 17:40:21] "GET /InfoManage/saleformproduct/ HTTP/1.1" 200 37045
[31/May/2018 17:40:22] "GET /jsi18n/ HTTP/1.1" 200 4753
[31/May/2018 17:40:35] "GET /InfoManage/saleform/ HTTP/1.1" 200 60635
[31/May/2018 17:40:35] "GET /jsi18n/ HTTP/1.1" 200 4753
[31/May/2018 17:40:37] "GET /InfoManage/saleform/chart/user_count/? HTTP/1.1" 200 355
[31/May/2018 17:42:30] "GET /InfoManage/saleformproduct/ HTTP/1.1" 200 37045
[31/May/2018 17:42:30] "GET /jsi18n/ HTTP/1.1" 200 4753
[31/May/2018 17:42:32] "GET /InfoManage/predictdata/ HTTP/1.1" 200 37470
[31/May/2018 17:42:32] "GET /jsi18n/ HTTP/1.1" 200 4753
[31/May/2018 17:42:36] "GET /InfoManage/saleformproduct/ HTTP/1.1" 200 37045
[31/May/2018 17:42:36] "GET /jsi18n/ HTTP/1.1" 200 4753
[31/May/2018 17:42:38] "GET /InfoManage/predictdata/ HTTP/1.1" 200 37470
[31/May/2018 17:42:38] "GET /jsi18n/ HTTP/1.1" 200 4753
[31/May/2018 17:42:39] "GET /predict HTTP/1.1" 200 143
[31/May/2018 17:46:52] "GET /logout/ HTTP/1.1" 302 0
[31/May/2018 17:46:52] "GET / HTTP/1.1" 200 4338
[31/May/2018 17:46:52] "GET /static/xadmin/css/themes/bootstrap-xadmin.css HTTP/1.1" 304 0
[31/May/2018 17:46:52] "GET /static/xadmin/vendor/font-awesome/css/font-awesome.css HTTP/1.1" 304 0
[31/May/2018 17:46:52] "GET /static/xadmin/vendor/bootstrap/css/bootstrap.css HTTP/1.1" 304 0
[31/May/2018 17:46:52] "GET /static/xadmin/css/xadmin.plugins.css HTTP/1.1" 304 0
[31/May/2018 17:46:52] "GET /static/xadmin/vendor/jquery/jquery.js HTTP/1.1" 304 0
[31/May/2018 17:46:52] "GET /static/xadmin/css/xadmin.main.css HTTP/1.1" 304 0
[31/May/2018 17:46:52] "GET /jsi18n/ HTTP/1.1" 200 4345
[31/May/2018 17:46:52] "GET /static/xadmin/vendor/jquery-ui/jquery.ui.widget.js HTTP/1.1" 304 0
[31/May/2018 17:46:52] "GET /static/xadmin/vendor/jquery-ui/jquery.ui.core.js HTTP/1.1" 304 0
[31/May/2018 17:46:52] "GET /static/xadmin/vendor/jquery-ui/jquery.ui.mouse.js HTTP/1.1" 304 0
[31/May/2018 17:46:52] "GET /static/xadmin/vendor/jquery-ui/jquery.ui.sortable.js HTTP/1.1" 304 0
[31/May/2018 17:46:52] "GET /static/xadmin/vendor/bootstrap/js/bootstrap.js HTTP/1.1" 304 0
[31/May/2018 17:46:52] "GET /static/xadmin/js/xadmin.main.js HTTP/1.1" 304 0
[31/May/2018 17:46:52] "GET /static/xadmin/vendor/jquery-ui/jquery.ui.effect.js HTTP/1.1" 304 0
[31/May/2018 17:46:52] "GET /static/xadmin/js/xadmin.responsive.js HTTP/1.1" 304 0
[31/May/2018 17:46:52] "GET /static/xadmin/js/xadmin.plugin.themes.js HTTP/1.1" 304 0
[31/May/2018 17:46:56] "POST / HTTP/1.1" 302 0
[31/May/2018 17:46:56] "GET / HTTP/1.1" 200 19513
[31/May/2018 17:46:56] "GET /static/xadmin/css/xadmin.responsive.css HTTP/1.1" 304 0
[31/May/2018 17:46:56] "GET /static/xadmin/css/xadmin.page.dashboard.css HTTP/1.1" 304 0
[31/May/2018 17:46:56] "GET /jsi18n/ HTTP/1.1" 200 4753
[31/May/2018 17:46:56] "GET /static/xadmin/js/xadmin.plugin.portal.js HTTP/1.1" 304 0
[31/May/2018 17:46:56] "GET /static/xadmin/js/xadmin.page.dashboard.js HTTP/1.1" 304 0
[31/May/2018 17:46:56] "GET /static/xadmin/vendor/bootstrap/fonts/glyphicons-halflings-regular.woff HTTP/1.1" 304 0
[31/May/2018 17:46:58] "GET /users/user/ HTTP/1.1" 200 57073
[31/May/2018 17:46:58] "GET /static/xadmin/css/xadmin.form.css HTTP/1.1" 304 0
[31/May/2018 17:46:58] "GET /jsi18n/ HTTP/1.1" 200 4753
[31/May/2018 17:46:59] "GET /static/xadmin/js/xadmin.plugin.bookmark.js HTTP/1.1" 304 0
[31/May/2018 17:46:59] "GET /static/xadmin/js/xadmin.plugin.details.js HTTP/1.1" 304 0
[31/May/2018 17:46:59] "GET /static/xadmin/js/xadmin.page.list.js HTTP/1.1" 304 0
[31/May/2018 17:46:59] "GET /static/xadmin/js/xadmin.plugin.filters.js HTTP/1.1" 304 0
[31/May/2018 17:46:59] "GET /static/xadmin/js/xadmin.page.form.js HTTP/1.1" 304 0
[31/May/2018 17:47:14] "GET /auth/group/ HTTP/1.1" 200 32265
[31/May/2018 17:47:14] "GET /jsi18n/ HTTP/1.1" 200 4753
[31/May/2018 17:47:20] "GET /auth/permission/ HTTP/1.1" 200 68151
[31/May/2018 17:47:20] "GET /jsi18n/ HTTP/1.1" 200 4753
[31/May/2018 17:47:21] "GET /auth/group/ HTTP/1.1" 200 32265
[31/May/2018 17:47:21] "GET /jsi18n/ HTTP/1.1" 200 4753
[31/May/2018 17:47:22] "GET /auth/permission/ HTTP/1.1" 200 68151
[31/May/2018 17:47:22] "GET /jsi18n/ HTTP/1.1" 200 4753
[31/May/2018 17:47:27] "GET /auth/group/ HTTP/1.1" 200 32265
[31/May/2018 17:47:28] "GET /jsi18n/ HTTP/1.1" 200 4753
[31/May/2018 17:47:28] "GET /auth/group/2/update/ HTTP/1.1" 200 28071
[31/May/2018 17:47:29] "GET /static/xadmin/css/xadmin.widget.select-transfer.css HTTP/1.1" 200 2317
[31/May/2018 17:47:29] "GET /jsi18n/ HTTP/1.1" 200 4753
[31/May/2018 17:47:29] "GET /static/xadmin/js/xadmin.widget.select-transfer.js HTTP/1.1" 200 8214
[31/May/2018 17:47:40] "GET /auth/permission/ HTTP/1.1" 200 68151
[31/May/2018 17:47:40] "GET /jsi18n/ HTTP/1.1" 200 4753
[31/May/2018 17:47:46] "GET /users/user/ HTTP/1.1" 200 57073
[31/May/2018 17:47:47] "GET /jsi18n/ HTTP/1.1" 200 4753
[31/May/2018 17:47:51] "GET /auth/permission/ HTTP/1.1" 200 68151
[31/May/2018 17:47:51] "GET /jsi18n/ HTTP/1.1" 200 4753
[31/May/2018 17:47:52] "GET /auth/group/ HTTP/1.1" 200 32265
[31/May/2018 17:47:52] "GET /jsi18n/ HTTP/1.1" 200 4753
[31/May/2018 17:47:55] "GET /auth/group/4/update/ HTTP/1.1" 200 28071
[31/May/2018 17:47:55] "GET /jsi18n/ HTTP/1.1" 200 4753
[31/May/2018 17:48:12] "GET /xadmin/log/ HTTP/1.1" 200 87782
[31/May/2018 17:48:12] "GET /static/xadmin/vendor/bootstrap-datepicker/css/datepicker.css HTTP/1.1" 304 0
[31/May/2018 17:48:13] "GET /jsi18n/ HTTP/1.1" 200 4753
[31/May/2018 17:48:13] "GET /static/xadmin/vendor/bootstrap-datepicker/js/bootstrap-datepicker.js HTTP/1.1" 304 0
[31/May/2018 17:48:13] "GET /static/xadmin/js/xadmin.widget.datetime.js HTTP/1.1" 304 0
[31/May/2018 17:48:14] "GET /xadmin/log/382/update/ HTTP/1.1" 200 25738
[31/May/2018 17:48:14] "GET /jsi18n/ HTTP/1.1" 200 4753
[31/May/2018 17:48:18] "GET /xadmin/log/ HTTP/1.1" 200 87782
[31/May/2018 17:48:18] "GET /jsi18n/ HTTP/1.1" 200 4753
[31/May/2018 17:48:22] "GET /auth/group/ HTTP/1.1" 200 32265
[31/May/2018 17:48:23] "GET /jsi18n/ HTTP/1.1" 200 4753
[31/May/2018 17:48:24] "GET /auth/group/4/update/ HTTP/1.1" 200 28071
[31/May/2018 17:48:24] "GET /jsi18n/ HTTP/1.1" 200 4753
[31/May/2018 17:48:33] "POST /auth/group/4/update/ HTTP/1.1" 302 0
[31/May/2018 17:48:33] "GET /auth/group/? HTTP/1.1" 200 32491
[31/May/2018 17:48:33] "GET /jsi18n/ HTTP/1.1" 200 4753
[31/May/2018 17:48:37] "GET /xadmin/log/ HTTP/1.1" 200 87769
[31/May/2018 17:48:37] "GET /jsi18n/ HTTP/1.1" 200 4753
[31/May/2018 17:48:39] "GET /xadmin/log/383/update/ HTTP/1.1" 200 25723
[31/May/2018 17:49:04] "POST /xadmin/log/383/update/ HTTP/1.1" 302 0
[31/May/2018 17:49:05] "GET /xadmin/log/? HTTP/1.1" 200 88029
[31/May/2018 17:49:05] "GET /jsi18n/ HTTP/1.1" 200 4753
[31/May/2018 17:49:16] "GET /xadmin/log/?p=7 HTTP/1.1" 200 71594
[31/May/2018 17:49:16] "GET /jsi18n/ HTTP/1.1" 200 4753
[31/May/2018 17:49:25] "GET /xadmin/log/?p=0 HTTP/1.1" 200 88247
[31/May/2018 17:49:25] "GET /jsi18n/ HTTP/1.1" 200 4753
[31/May/2018 17:49:29] "GET /xadmin/log/?p=1 HTTP/1.1" 200 88227
[31/May/2018 17:49:29] "GET /jsi18n/ HTTP/1.1" 200 4753
[31/May/2018 17:50:54] "GET /InfoManage/vender/ HTTP/1.1" 200 45379
[31/May/2018 17:50:54] "GET /jsi18n/ HTTP/1.1" 200 4753
[31/May/2018 17:53:06] "GET / HTTP/1.1" 200 4338
[31/May/2018 18:39:57] "GET / HTTP/1.1" 200 4338
[31/May/2018 18:55:25] "GET / HTTP/1.1" 200 4338
[31/May/2018 19:44:28] "GET /users/user/ HTTP/1.1" 200 57073
[31/May/2018 19:44:28] "GET /jsi18n/ HTTP/1.1" 200 4753
[31/May/2018 19:44:33] "GET /xadmin/log/ HTTP/1.1" 200 87761
[31/May/2018 19:44:33] "GET /static/xadmin/vendor/select2/select2.css HTTP/1.1" 304 0
[31/May/2018 19:44:33] "GET /static/xadmin/vendor/selectize/selectize.bootstrap3.css HTTP/1.1" 304 0
[31/May/2018 19:44:33] "GET /jsi18n/ HTTP/1.1" 200 4753
[31/May/2018 19:44:33] "GET /static/xadmin/vendor/selectize/selectize.css HTTP/1.1" 304 0
[31/May/2018 19:44:34] "GET /static/xadmin/vendor/select2/select2.js HTTP/1.1" 304 0
[31/May/2018 19:44:34] "GET /static/xadmin/vendor/selectize/selectize.js HTTP/1.1" 304 0
[31/May/2018 19:44:34] "GET /static/xadmin/vendor/select2/select2_locale_zh-hans.js HTTP/1.1" 304 0
[31/May/2018 19:44:34] "GET /static/xadmin/js/xadmin.widget.select.js HTTP/1.1" 304 0
[31/May/2018 19:44:40] "GET /auth/group/ HTTP/1.1" 200 32265
[31/May/2018 19:44:40] "GET /jsi18n/ HTTP/1.1" 200 4753
[31/May/2018 19:44:44] "GET /auth/group/4/update/ HTTP/1.1" 200 28071
[31/May/2018 19:44:44] "GET /jsi18n/ HTTP/1.1" 200 4753
[31/May/2018 19:45:08] "POST /auth/group/4/update/ HTTP/1.1" 302 0
[31/May/2018 19:45:08] "GET /auth/group/? HTTP/1.1" 200 32491
[31/May/2018 19:45:10] "GET /jsi18n/ HTTP/1.1" 200 4753
[31/May/2018 19:45:13] "GET /users/user/ HTTP/1.1" 200 57073
[31/May/2018 19:45:13] "GET /jsi18n/ HTTP/1.1" 200 4753
[31/May/2018 19:45:17] "GET /users/user/2/detail/ HTTP/1.1" 200 24717
[31/May/2018 19:45:17] "GET /jsi18n/ HTTP/1.1" 200 4753
[31/May/2018 19:46:25] "GET /xadmin/log/ HTTP/1.1" 200 86709
[31/May/2018 19:46:25] "GET /jsi18n/ HTTP/1.1" 200 4753
[31/May/2018 19:46:33] "GET /auth/group/ HTTP/1.1" 200 32265
[31/May/2018 19:46:33] "GET /jsi18n/ HTTP/1.1" 200 4753
[31/May/2018 19:47:26] "GET /auth/permission/ HTTP/1.1" 200 68151
[31/May/2018 19:47:26] "GET /jsi18n/ HTTP/1.1" 200 4753
[31/May/2018 19:47:28] "GET /auth/permission/1/update/ HTTP/1.1" 200 24352
[31/May/2018 19:47:28] "GET /jsi18n/ HTTP/1.1" 200 4753
[31/May/2018 19:47:31] "GET /auth/group/ HTTP/1.1" 200 32265
[31/May/2018 19:47:32] "GET /jsi18n/ HTTP/1.1" 200 4753
[31/May/2018 19:47:35] "GET /auth/group/4/update/ HTTP/1.1" 200 28071
[31/May/2018 19:47:36] "GET /jsi18n/ HTTP/1.1" 200 4753
[31/May/2018 19:47:45] "POST /auth/group/4/update/ HTTP/1.1" 302 0
[31/May/2018 19:47:45] "GET /auth/group/? HTTP/1.1" 200 32491
[31/May/2018 19:47:46] "GET /jsi18n/ HTTP/1.1" 200 4753
[31/May/2018 19:47:49] "GET /auth/group/1/detail/ HTTP/1.1" 200 21460
[31/May/2018 19:47:49] "GET /jsi18n/ HTTP/1.1" 200 4753
[31/May/2018 19:47:59] "GET /jsi18n/ HTTP/1.1" 200 4753
[31/May/2018 19:48:00] "GET /auth/permission/ HTTP/1.1" 200 68151
[31/May/2018 19:48:07] "GET /users/user/ HTTP/1.1" 200 57073
[31/May/2018 19:48:08] "GET /jsi18n/ HTTP/1.1" 200 4753
[31/May/2018 19:48:09] "GET /users/user/2/detail/ HTTP/1.1" 200 24717
[31/May/2018 19:48:10] "GET /jsi18n/ HTTP/1.1" 200 4753
[31/May/2018 19:53:07] "GET /xadmin/log/ HTTP/1.1" 200 86654
[31/May/2018 19:53:07] "GET /jsi18n/ HTTP/1.1" 200 4753
[31/May/2018 19:53:10] "GET /xadmin/log/386/update/ HTTP/1.1" 200 25723
[31/May/2018 19:53:10] "GET /jsi18n/ HTTP/1.1" 200 4753
[31/May/2018 19:53:17] "GET /xadmin/log/ HTTP/1.1" 200 86654
[31/May/2018 19:53:17] "GET /jsi18n/ HTTP/1.1" 200 4753
[31/May/2018 19:53:22] "GET /auth/group/ HTTP/1.1" 200 32265
[31/May/2018 19:53:22] "GET /jsi18n/ HTTP/1.1" 200 4753
[31/May/2018 19:53:24] "GET /auth/group/4/detail/ HTTP/1.1" 200 22805
[31/May/2018 19:53:24] "GET /jsi18n/ HTTP/1.1" 200 4753
[31/May/2018 19:53:26] "GET /logout/ HTTP/1.1" 302 0
[31/May/2018 19:53:26] "GET / HTTP/1.1" 200 4338
[31/May/2018 19:53:26] "GET /jsi18n/ HTTP/1.1" 200 4345
[31/May/2018 19:53:29] "POST / HTTP/1.1" 302 0
[31/May/2018 19:53:29] "GET / HTTP/1.1" 200 22593
[31/May/2018 19:53:30] "GET /jsi18n/ HTTP/1.1" 200 4753
[31/May/2018 19:53:33] "GET /auth/group/ HTTP/1.1" 200 37927
[31/May/2018 19:53:33] "GET /jsi18n/ HTTP/1.1" 200 4753
[31/May/2018 19:53:33] "GET /static/xadmin/js/xadmin.plugin.actions.js HTTP/1.1" 304 0
[31/May/2018 19:53:35] "GET /auth/group/4/update/ HTTP/1.1" 200 31539
[31/May/2018 19:53:35] "GET /jsi18n/ HTTP/1.1" 200 4753
[31/May/2018 19:53:35] "GET /static/xadmin/js/xadmin.plugin.quick-form.js HTTP/1.1" 304 0
[31/May/2018 19:55:37] "GET /logout/ HTTP/1.1" 302 0
[31/May/2018 19:55:37] "GET / HTTP/1.1" 200 4338
[31/May/2018 19:55:37] "GET /jsi18n/ HTTP/1.1" 200 4345
[31/May/2018 19:55:40] "POST / HTTP/1.1" 302 0
[31/May/2018 19:55:40] "GET / HTTP/1.1" 200 19513
[31/May/2018 19:55:41] "GET /jsi18n/ HTTP/1.1" 200 4753
[31/May/2018 19:55:46] "GET /xadmin/log/ HTTP/1.1" 200 86654
[31/May/2018 19:55:46] "GET /jsi18n/ HTTP/1.1" 200 4753
[31/May/2018 19:55:50] "GET /xadmin/log/383/update/ HTTP/1.1" 200 25722
[31/May/2018 19:55:50] "GET /jsi18n/ HTTP/1.1" 200 4753
[31/May/2018 19:55:54] "POST /xadmin/log/383/update/ HTTP/1.1" 302 0
[31/May/2018 19:55:54] "GET /xadmin/log/? HTTP/1.1" 200 86927
[31/May/2018 19:55:54] "GET /jsi18n/ HTTP/1.1" 200 4753
[31/May/2018 19:56:02] "GET /xadmin/log/387/update/ HTTP/1.1" 200 25901
[31/May/2018 19:56:02] "GET /jsi18n/ HTTP/1.1" 200 4753
[31/May/2018 19:56:07] "POST /xadmin/log/387/update/ HTTP/1.1" 302 0
[31/May/2018 19:56:08] "GET /jsi18n/ HTTP/1.1" 200 4753
[31/May/2018 19:56:08] "GET /xadmin/log/? HTTP/1.1" 200 87026
[31/May/2018 19:56:13] "GET /xadmin/log/387/update/ HTTP/1.1" 200 25901
[31/May/2018 19:56:13] "GET /jsi18n/ HTTP/1.1" 200 4753
[31/May/2018 19:56:25] "GET /jsi18n/ HTTP/1.1" 200 4753
[31/May/2018 19:56:25] "GET /xadmin/log/ HTTP/1.1" 200 86724
[31/May/2018 19:57:47] "GET /xadmin/log/388/update/ HTTP/1.1" 200 26077
[31/May/2018 19:57:47] "GET /jsi18n/ HTTP/1.1" 200 4753
[31/May/2018 20:01:02] "GET /auth/group/ HTTP/1.1" 200 32265
[31/May/2018 20:01:03] "GET /jsi18n/ HTTP/1.1" 200 4753
[31/May/2018 20:01:06] "GET /auth/permission/ HTTP/1.1" 200 68151
[31/May/2018 20:27:19] "GET / HTTP/1.1" 200 4338
[31/May/2018 20:34:19] "GET / HTTP/1.1" 200 4338
[31/May/2018 21:44:05] "GET / HTTP/1.1" 200 4338
[31/May/2018 21:46:26] "GET /logout/ HTTP/1.1" 302 0
[31/May/2018 21:46:26] "GET / HTTP/1.1" 200 4338
[31/May/2018 21:46:26] "GET /jsi18n/ HTTP/1.1" 200 4345
[31/May/2018 21:46:29] "POST / HTTP/1.1" 302 0
[31/May/2018 21:46:29] "GET / HTTP/1.1" 200 22593
[31/May/2018 21:46:29] "GET /jsi18n/ HTTP/1.1" 200 4753
[31/May/2018 21:46:32] "GET /users/user/ HTTP/1.1" 200 74308
[31/May/2018 21:46:32] "GET /jsi18n/ HTTP/1.1" 200 4753
[31/May/2018 21:46:42] "GET /users/user/1/update/ HTTP/1.1" 200 40306
[31/May/2018 21:46:42] "GET /static/xadmin/vendor/bootstrap-clockpicker/bootstrap-clockpicker.css HTTP/1.1" 304 0
[31/May/2018 21:46:42] "GET /jsi18n/ HTTP/1.1" 200 4753
[31/May/2018 21:46:43] "GET /static/xadmin/vendor/bootstrap-clockpicker/bootstrap-clockpicker.js HTTP/1.1" 304 0
[31/May/2018 22:20:46] "GET /InfoManage/predictdata/ HTTP/1.1" 200 50454
[31/May/2018 22:20:46] "GET /jsi18n/ HTTP/1.1" 200 4753
[31/May/2018 22:20:48] "GET /predict HTTP/1.1" 200 143
[31/May/2018 22:20:51] "GET /InfoManage/produceform/ HTTP/1.1" 200 65360
[31/May/2018 22:20:51] "GET /jsi18n/ HTTP/1.1" 200 4753
[31/May/2018 22:20:53] "GET /InfoManage/produceform/3/update/ HTTP/1.1" 200 26962
[31/May/2018 22:20:53] "GET /jsi18n/ HTTP/1.1" 200 4753
[31/May/2018 22:26:45] "GET / HTTP/1.1" 200 4338
[31/May/2018 22:35:30] "GET /InfoManage/outstorform/ HTTP/1.1" 200 51917
[31/May/2018 22:35:30] "GET /jsi18n/ HTTP/1.1" 200 4753
[31/May/2018 22:35:35] "GET /InfoManage/outstorform/add/ HTTP/1.1" 200 28353
[31/May/2018 22:35:35] "GET /jsi18n/ HTTP/1.1" 200 4753
[31/May/2018 22:48:37] "GET /auth/group/ HTTP/1.1" 200 37927
[31/May/2018 22:48:37] "GET /jsi18n/ HTTP/1.1" 200 4753
[31/May/2018 22:48:39] "GET /auth/permission/ HTTP/1.1" 200 96003
[31/May/2018 22:48:39] "GET /jsi18n/ HTTP/1.1" 200 4753
[31/May/2018 23:52:48] "GET / HTTP/1.1" 200 4338
Not Found: /http:/www.baidu.com/cache/global/img/gs.gif
[01/Jun/2018 00:08:32] "GET http://www.baidu.com/cache/global/img/gs.gif HTTP/1.1" 404 1727
[01/Jun/2018 00:17:56] "GET / HTTP/1.1" 200 4338
[01/Jun/2018 00:28:43] "GET / HTTP/1.1" 200 4338
[01/Jun/2018 00:28:43] "GET / HTTP/1.1" 200 4338
[01/Jun/2018 00:32:29] "GET / HTTP/1.0" 200 4338
[01/Jun/2018 00:50:29] "GET / HTTP/1.1" 200 4338
[01/Jun/2018 00:57:23] "GET / HTTP/1.1" 200 4338
[01/Jun/2018 01:23:36] "GET / HTTP/1.1" 200 4338
[01/Jun/2018 01:53:14] "GET / HTTP/1.0" 200 4338
[01/Jun/2018 02:20:17] "GET / HTTP/1.1" 200 4338
[01/Jun/2018 02:37:25] "GET / HTTP/1.1" 200 4338
[01/Jun/2018 03:10:28] "GET / HTTP/1.1" 200 4338
Not Found: /invoker/readonly
[01/Jun/2018 03:13:08] "GET /invoker/readonly HTTP/1.1" 404 7924
[01/Jun/2018 03:19:40] "GET / HTTP/1.1" 200 4338
Not Found: /http:/www.qq.com/404/search_children.js
[01/Jun/2018 03:34:33] "GET http://www.qq.com/404/search_children.js HTTP/1.1" 404 1712
[01/Jun/2018 03:34:38] code 400, message Bad request syntax ('\x05\x01\x00')
[01/Jun/2018 03:34:38] " " 400 -
[01/Jun/2018 03:34:38] code 400, message Bad request syntax ('\x04\x01\x00PpTi4\x00')
[01/Jun/2018 03:34:38] " PpTi4 " 400 -
Not Found: /http:/www.baidu.com/cache/global/img/gs.gif
[01/Jun/2018 04:20:42] "GET http://www.baidu.com/cache/global/img/gs.gif HTTP/1.1" 404 1727
[01/Jun/2018 04:24:28] "GET / HTTP/1.1" 200 4338
[01/Jun/2018 04:51:35] "GET / HTTP/1.1" 200 4338
[01/Jun/2018 04:53:27] "GET / HTTP/1.0" 200 4338
[01/Jun/2018 05:16:26] "GET / HTTP/1.1" 200 4338
[01/Jun/2018 06:06:34] "GET / HTTP/1.0" 200 4338
[01/Jun/2018 06:07:54] "GET / HTTP/1.1" 200 4338
[01/Jun/2018 06:54:49] "GET / HTTP/1.1" 200 4338
Not Found: /GponForm/diag_Form
[01/Jun/2018 07:31:00] "POST /GponForm/diag_Form?images/ HTTP/1.1" 404 7934
Not Found: /http:/139.219.106.96:11000/1qiWaz2wRsx3eXdc4rDfv5tgb6yhn7Uujm8Lik999
[01/Jun/2018 08:06:45] "GET http://139.219.106.96:11000/1qiWaz2wRsx3eXdc4rDfv5tgb6yhn7Uujm8Lik999 HTTP/1.1" 404 1809
[01/Jun/2018 08:08:05] "GET / HTTP/1.1" 200 4338
Not Found: /http:/www.baidu.com/cache/global/img/gs.gif
[01/Jun/2018 09:06:22] "GET http://www.baidu.com/cache/global/img/gs.gif HTTP/1.1" 404 1727
[01/Jun/2018 09:17:25] "GET / HTTP/1.1" 200 4338
[01/Jun/2018 09:42:55] "GET / HTTP/1.1" 200 4338
[01/Jun/2018 09:50:13] "GET / HTTP/1.1" 200 4338
[01/Jun/2018 10:07:42] "GET / HTTP/1.1" 200 4338
[01/Jun/2018 10:14:50] "GET / HTTP/1.1" 200 4338
[01/Jun/2018 10:55:08] "GET / HTTP/1.1" 200 4338
Not Found: /GponForm/diag_Form
[01/Jun/2018 11:23:45] "POST /GponForm/diag_Form?images/ HTTP/1.1" 404 7934
[01/Jun/2018 11:58:51] "GET / HTTP/1.1" 200 4338
[01/Jun/2018 12:08:40] "GET / HTTP/1.1" 200 4338
Not Found: /GponForm/diag_Form
[01/Jun/2018 12:51:53] "POST /GponForm/diag_Form?images/ HTTP/1.1" 404 7934
Not Found: /GponForm/diag_Form
[01/Jun/2018 12:51:53] "POST /GponForm/diag_Form?images/ HTTP/1.1" 404 7934
[01/Jun/2018 12:56:10] "GET / HTTP/1.1" 200 4338
[01/Jun/2018 13:04:42] "GET / HTTP/1.1" 200 22593
[01/Jun/2018 13:04:42] "GET /static/xadmin/vendor/bootstrap/css/bootstrap.css HTTP/1.1" 304 0
[01/Jun/2018 13:04:42] "GET /static/xadmin/css/themes/bootstrap-xadmin.css HTTP/1.1" 304 0
[01/Jun/2018 13:04:42] "GET /static/xadmin/vendor/font-awesome/css/font-awesome.css HTTP/1.1" 304 0
[01/Jun/2018 13:04:42] "GET /static/xadmin/css/xadmin.plugins.css HTTP/1.1" 304 0
[01/Jun/2018 13:04:42] "GET /static/xadmin/css/xadmin.responsive.css HTTP/1.1" 304 0
[01/Jun/2018 13:04:42] "GET /static/xadmin/css/xadmin.page.dashboard.css HTTP/1.1" 304 0
[01/Jun/2018 13:04:42] "GET /static/xadmin/css/xadmin.main.css HTTP/1.1" 304 0
[01/Jun/2018 13:04:42] "GET /static/xadmin/vendor/jquery/jquery.js HTTP/1.1" 304 0
[01/Jun/2018 13:04:42] "GET /static/xadmin/vendor/jquery-ui/jquery.ui.core.js HTTP/1.1" 304 0
[01/Jun/2018 13:04:42] "GET /static/xadmin/vendor/jquery-ui/jquery.ui.sortable.js HTTP/1.1" 304 0
[01/Jun/2018 13:04:42] "GET /jsi18n/ HTTP/1.1" 200 4753
[01/Jun/2018 13:04:42] "GET /static/xadmin/vendor/jquery-ui/jquery.ui.widget.js HTTP/1.1" 304 0
[01/Jun/2018 13:04:42] "GET /static/xadmin/vendor/jquery-ui/jquery.ui.mouse.js HTTP/1.1" 304 0
[01/Jun/2018 13:04:42] "GET /static/xadmin/js/xadmin.plugin.portal.js HTTP/1.1" 304 0
[01/Jun/2018 13:04:42] "GET /static/xadmin/vendor/bootstrap/js/bootstrap.js HTTP/1.1" 304 0
[01/Jun/2018 13:04:42] "GET /static/xadmin/vendor/jquery-ui/jquery.ui.effect.js HTTP/1.1" 304 0
[01/Jun/2018 13:04:42] "GET /static/xadmin/js/xadmin.main.js HTTP/1.1" 304 0
[01/Jun/2018 13:04:42] "GET /static/xadmin/js/xadmin.responsive.js HTTP/1.1" 304 0
[01/Jun/2018 13:04:42] "GET /static/xadmin/js/xadmin.plugin.themes.js HTTP/1.1" 304 0
[01/Jun/2018 13:04:42] "GET /static/xadmin/js/xadmin.page.dashboard.js HTTP/1.1" 304 0
[01/Jun/2018 13:04:42] "GET /static/xadmin/vendor/font-awesome/fonts/fontawesome-webfont.woff?v=4.0.3 HTTP/1.1" 304 0
[01/Jun/2018 13:04:42] "GET /static/xadmin/vendor/bootstrap/fonts/glyphicons-halflings-regular.woff HTTP/1.1" 304 0
Not Found: /favicon.ico
[01/Jun/2018 13:04:42] "GET /favicon.ico HTTP/1.1" 404 7909
[01/Jun/2018 13:04:45] "GET /users/user/ HTTP/1.1" 200 74308
[01/Jun/2018 13:04:45] "GET /jsi18n/ HTTP/1.1" 200 4753
[01/Jun/2018 13:04:45] "GET /static/xadmin/css/xadmin.form.css HTTP/1.1" 304 0
[01/Jun/2018 13:04:45] "GET /static/xadmin/js/xadmin.plugin.details.js HTTP/1.1" 304 0
[01/Jun/2018 13:04:45] "GET /static/xadmin/js/xadmin.page.list.js HTTP/1.1" 304 0
[01/Jun/2018 13:04:45] "GET /static/xadmin/js/xadmin.plugin.filters.js HTTP/1.1" 304 0
[01/Jun/2018 13:04:45] "GET /static/xadmin/js/xadmin.plugin.bookmark.js HTTP/1.1" 304 0
[01/Jun/2018 13:04:45] "GET /static/xadmin/js/xadmin.page.form.js HTTP/1.1" 304 0
[01/Jun/2018 13:04:45] "GET /static/xadmin/js/xadmin.plugin.actions.js HTTP/1.1" 304 0
[01/Jun/2018 13:04:48] "GET /users/user/1/update/ HTTP/1.1" 200 40306
[01/Jun/2018 13:04:48] "GET /static/xadmin/vendor/bootstrap-datepicker/css/datepicker.css HTTP/1.1" 304 0
[01/Jun/2018 13:04:48] "GET /static/xadmin/vendor/bootstrap-clockpicker/bootstrap-clockpicker.css HTTP/1.1" 304 0
[01/Jun/2018 13:04:48] "GET /static/xadmin/css/xadmin.widget.select-transfer.css HTTP/1.1" 304 0
[01/Jun/2018 13:04:48] "GET /jsi18n/ HTTP/1.1" 200 4753
[01/Jun/2018 13:04:48] "GET /static/xadmin/js/xadmin.widget.datetime.js HTTP/1.1" 304 0
[01/Jun/2018 13:04:48] "GET /static/xadmin/vendor/bootstrap-datepicker/js/bootstrap-datepicker.js HTTP/1.1" 304 0
[01/Jun/2018 13:04:48] "GET /static/xadmin/vendor/bootstrap-clockpicker/bootstrap-clockpicker.js HTTP/1.1" 304 0
[01/Jun/2018 13:04:48] "GET /static/xadmin/js/xadmin.plugin.quick-form.js HTTP/1.1" 304 0
[01/Jun/2018 13:04:48] "GET /static/xadmin/js/xadmin.widget.select-transfer.js HTTP/1.1" 304 0
[01/Jun/2018 13:05:43] "GET /users/user/ HTTP/1.1" 200 74308
[01/Jun/2018 13:24:13] "GET / HTTP/1.1" 200 4338
[01/Jun/2018 13:31:28] "GET /xadmin/log/ HTTP/1.1" 200 101561
[01/Jun/2018 13:31:28] "GET /static/xadmin/vendor/select2/select2.css HTTP/1.1" 304 0
[01/Jun/2018 13:31:28] "GET /static/xadmin/vendor/selectize/selectize.css HTTP/1.1" 304 0
[01/Jun/2018 13:31:28] "GET /static/xadmin/vendor/selectize/selectize.bootstrap3.css HTTP/1.1" 304 0
[01/Jun/2018 13:31:28] "GET /jsi18n/ HTTP/1.1" 200 4753
[01/Jun/2018 13:31:29] "GET /static/xadmin/vendor/select2/select2.js HTTP/1.1" 304 0
[01/Jun/2018 13:31:29] "GET /static/xadmin/vendor/selectize/selectize.js HTTP/1.1" 304 0
[01/Jun/2018 13:31:29] "GET /static/xadmin/js/xadmin.widget.select.js HTTP/1.1" 304 0
[01/Jun/2018 13:31:29] "GET /static/xadmin/vendor/select2/select2_locale_zh-hans.js HTTP/1.1" 304 0
[01/Jun/2018 13:31:32] "GET /xadmin/log/388/update/ HTTP/1.1" 200 29515
[01/Jun/2018 13:31:32] "GET /jsi18n/ HTTP/1.1" 200 4753
[01/Jun/2018 13:31:44] "GET /xadmin/log/ HTTP/1.1" 200 101561
[01/Jun/2018 13:31:45] "GET /jsi18n/ HTTP/1.1" 200 4753
[01/Jun/2018 13:31:47] "GET /xadmin/log/?p=7 HTTP/1.1" 200 86946
[01/Jun/2018 13:31:47] "GET /jsi18n/ HTTP/1.1" 200 4753
[01/Jun/2018 13:31:51] "GET /xadmin/log/1/update/ HTTP/1.1" 200 29101
[01/Jun/2018 13:31:51] "GET /jsi18n/ HTTP/1.1" 200 4753
[01/Jun/2018 13:35:00] "GET / HTTP/1.1" 200 4338
[01/Jun/2018 14:22:18] "GET / HTTP/1.1" 200 4338
[01/Jun/2018 14:38:24] "GET / HTTP/1.1" 200 4338
[01/Jun/2018 14:59:21] "GET / HTTP/1.1" 200 4338
[01/Jun/2018 15:32:19] "GET /users/user/ HTTP/1.1" 200 74308
[01/Jun/2018 15:32:19] "GET /jsi18n/ HTTP/1.1" 200 4753
[01/Jun/2018 15:32:21] "GET /users/user/2/update/ HTTP/1.1" 200 40286
[01/Jun/2018 15:32:21] "GET /jsi18n/ HTTP/1.1" 200 4753
Not Found: /manager/html
[01/Jun/2018 15:48:38] "GET /manager/html HTTP/1.1" 404 7912
[01/Jun/2018 15:56:50] "GET /xadmin/log/ HTTP/1.1" 200 101561
[01/Jun/2018 15:56:50] "GET /jsi18n/ HTTP/1.1" 200 4753
[01/Jun/2018 15:57:12] "GET / HTTP/1.1" 200 4338
[01/Jun/2018 16:34:34] "GET / HTTP/1.1" 200 4338
[01/Jun/2018 16:35:22] "GET / HTTP/1.1" 200 4338
[01/Jun/2018 16:46:02] "GET / HTTP/1.1" 200 4338
[01/Jun/2018 17:03:15] "GET / HTTP/1.1" 200 4338
Not Found: /GponForm/diag_Form
[01/Jun/2018 17:10:05] "POST /GponForm/diag_Form?images/ HTTP/1.1" 404 7934
[01/Jun/2018 17:15:17] "GET / HTTP/1.1" 200 22593
[01/Jun/2018 17:15:17] "GET /jsi18n/ HTTP/1.1" 200 4753
[01/Jun/2018 17:16:50] "GET / HTTP/1.1" 200 4338
[01/Jun/2018 17:34:46] "GET / HTTP/1.1" 200 4338
Not Found: /http:/www.baidu.com/cache/global/img/gs.gif
[01/Jun/2018 18:14:43] "GET http://www.baidu.com/cache/global/img/gs.gif HTTP/1.1" 404 1727
Not Found: /http:/wap.ip138.com/
[01/Jun/2018 18:15:39] "HEAD http://wap.ip138.com/ HTTP/1.1" 404 1659
[01/Jun/2018 18:15:50] code 400, message Bad request syntax ('\x05\x02\x00\x02')
[01/Jun/2018 18:15:50] " " 400 -
[01/Jun/2018 19:15:49] "GET /logout/ HTTP/1.1" 302 0
[01/Jun/2018 19:15:50] "GET / HTTP/1.1" 200 4338
[01/Jun/2018 19:15:50] "GET /jsi18n/ HTTP/1.1" 200 4345
[01/Jun/2018 19:15:52] "POST / HTTP/1.1" 302 0
[01/Jun/2018 19:15:53] "GET / HTTP/1.1" 200 11512
[01/Jun/2018 19:15:53] "GET /jsi18n/ HTTP/1.1" 200 4753
[01/Jun/2018 19:15:56] "GET /logout/ HTTP/1.1" 302 0
[01/Jun/2018 19:15:56] "GET / HTTP/1.1" 200 4338
[01/Jun/2018 19:15:56] "GET /jsi18n/ HTTP/1.1" 200 4345
[01/Jun/2018 19:16:02] "POST / HTTP/1.1" 302 0
[01/Jun/2018 19:16:02] "GET / HTTP/1.1" 200 19513
[01/Jun/2018 19:16:03] "GET /jsi18n/ HTTP/1.1" 200 4753
[01/Jun/2018 19:16:19] "GET /InfoManage/produceform/ HTTP/1.1" 200 60693
[01/Jun/2018 19:16:19] "GET / HTTP/1.0" 200 4338
[01/Jun/2018 19:16:19] "GET /jsi18n/ HTTP/1.1" 200 4753
[01/Jun/2018 19:16:22] "GET /InfoManage/predictdata/ HTTP/1.1" 200 43733
[01/Jun/2018 19:16:22] "GET /jsi18n/ HTTP/1.1" 200 4753
[01/Jun/2018 19:16:23] "GET /predict HTTP/1.1" 200 143
[01/Jun/2018 19:23:01] "GET / HTTP/1.1" 200 19513
[01/Jun/2018 19:23:01] "GET /jsi18n/ HTTP/1.1" 200 4753
[01/Jun/2018 19:25:46] "POST /settings/user HTTP/1.1" 200 0
[01/Jun/2018 19:25:56] "GET /auth/group/ HTTP/1.1" 200 32271
[01/Jun/2018 19:25:56] "GET /jsi18n/ HTTP/1.1" 200 4753
[01/Jun/2018 19:25:59] "GET /logout/ HTTP/1.1" 302 0
[01/Jun/2018 19:25:59] "GET / HTTP/1.1" 200 4344
[01/Jun/2018 19:26:00] "GET /jsi18n/ HTTP/1.1" 200 4351
[01/Jun/2018 19:26:03] "POST / HTTP/1.1" 302 0
[01/Jun/2018 19:26:04] "GET / HTTP/1.1" 200 11518
[01/Jun/2018 19:26:04] "GET /jsi18n/ HTTP/1.1" 200 4753
[01/Jun/2018 19:26:11] "POST /settings/user HTTP/1.1" 200 0
[01/Jun/2018 19:26:14] "GET /InfoManage/rawmaterial/ HTTP/1.1" 200 43357
[01/Jun/2018 19:26:14] "GET /jsi18n/ HTTP/1.1" 200 4753
[01/Jun/2018 19:26:16] "GET /InfoManage/rawmaterial/2/update/ HTTP/1.1" 200 17849
[01/Jun/2018 19:26:16] "GET /jsi18n/ HTTP/1.1" 200 4753
[01/Jun/2018 19:26:22] "POST /settings/user HTTP/1.1" 200 0
[01/Jun/2018 19:26:26] "POST /settings/user HTTP/1.1" 200 0
[01/Jun/2018 19:26:30] "GET /logout/ HTTP/1.1" 302 0
[01/Jun/2018 19:26:31] "GET / HTTP/1.1" 200 4343
[01/Jun/2018 19:26:31] "GET /jsi18n/ HTTP/1.1" 200 4350
[01/Jun/2018 19:26:36] "POST / HTTP/1.1" 302 0
[01/Jun/2018 19:26:36] "GET / HTTP/1.1" 200 19519
[01/Jun/2018 19:26:36] "GET /jsi18n/ HTTP/1.1" 200 4753
[01/Jun/2018 19:26:40] "GET /InfoManage/rawmaterial/ HTTP/1.1" 200 49024
[01/Jun/2018 19:26:40] "GET /jsi18n/ HTTP/1.1" 200 4753
[01/Jun/2018 19:26:43] "GET /InfoManage/rawmaterial/2/update/ HTTP/1.1" 200 25478
[01/Jun/2018 19:26:43] "GET /jsi18n/ HTTP/1.1" 200 4753
[01/Jun/2018 19:26:47] "POST /settings/user HTTP/1.1" 200 0
[01/Jun/2018 19:26:50] "GET / HTTP/1.1" 200 19513
[01/Jun/2018 19:26:50] "GET /jsi18n/ HTTP/1.1" 200 4753
[01/Jun/2018 19:30:06] "GET /account/password/ HTTP/1.1" 200 21698
[01/Jun/2018 19:30:07] "GET /jsi18n/ HTTP/1.1" 200 4753
[01/Jun/2018 19:34:29] "GET / HTTP/1.1" 200 19513
[01/Jun/2018 19:34:29] "GET /jsi18n/ HTTP/1.1" 200 4753
Not Found: /http:/www.baidu.com/cache/global/img/gs.gif
[01/Jun/2018 19:49:10] "GET http://www.baidu.com/cache/global/img/gs.gif HTTP/1.1" 404 1727
[01/Jun/2018 19:57:03] "GET /users/user/ HTTP/1.1" 200 57073
[01/Jun/2018 19:57:03] "GET /jsi18n/ HTTP/1.1" 200 4753
[01/Jun/2018 19:57:06] "GET /users/user/2/detail/ HTTP/1.1" 200 24716
[01/Jun/2018 19:57:06] "GET /jsi18n/ HTTP/1.1" 200 4753
[01/Jun/2018 20:00:06] "GET /logout/ HTTP/1.1" 302 0
[01/Jun/2018 20:00:06] "GET / HTTP/1.1" 200 4343
[01/Jun/2018 20:00:06] "GET /jsi18n/ HTTP/1.1" 200 4350
[01/Jun/2018 20:00:09] "POST / HTTP/1.1" 302 0
[01/Jun/2018 20:00:09] "GET / HTTP/1.1" 200 22593
[01/Jun/2018 20:00:09] "GET /jsi18n/ HTTP/1.1" 200 4753
[01/Jun/2018 20:00:11] "GET /users/user/ HTTP/1.1" 200 74308
[01/Jun/2018 20:00:12] "GET /jsi18n/ HTTP/1.1" 200 4753
[01/Jun/2018 20:00:13] "GET /users/user/2/update/ HTTP/1.1" 200 40286
[01/Jun/2018 20:00:13] "GET /jsi18n/ HTTP/1.1" 200 4753
[01/Jun/2018 20:00:44] "POST /settings/user HTTP/1.1" 200 0
[01/Jun/2018 20:14:30] "GET /xadmin/log/ HTTP/1.1" 200 101561
[01/Jun/2018 20:14:30] "GET /static/xadmin/vendor/bootstrap/css/bootstrap.css HTTP/1.1" 304 0
[01/Jun/2018 20:14:30] "GET /static/xadmin/css/themes/bootstrap-xadmin.css HTTP/1.1" 304 0
[01/Jun/2018 20:14:30] "GET /static/xadmin/css/xadmin.plugins.css HTTP/1.1" 304 0
[01/Jun/2018 20:14:30] "GET /static/xadmin/vendor/font-awesome/css/font-awesome.css HTTP/1.1" 304 0
[01/Jun/2018 20:14:30] "GET /static/xadmin/css/xadmin.main.css HTTP/1.1" 304 0
[01/Jun/2018 20:14:30] "GET /static/xadmin/css/xadmin.responsive.css HTTP/1.1" 304 0
[01/Jun/2018 20:14:30] "GET /static/xadmin/css/xadmin.form.css HTTP/1.1" 304 0
[01/Jun/2018 20:14:30] "GET /static/xadmin/vendor/bootstrap-datepicker/css/datepicker.css HTTP/1.1" 304 0
[01/Jun/2018 20:14:30] "GET /static/xadmin/vendor/jquery/jquery.js HTTP/1.1" 304 0
[01/Jun/2018 20:14:30] "GET /jsi18n/ HTTP/1.1" 200 4753
[01/Jun/2018 20:14:30] "GET /static/xadmin/vendor/jquery-ui/jquery.ui.core.js HTTP/1.1" 304 0
[01/Jun/2018 20:14:30] "GET /static/xadmin/vendor/jquery-ui/jquery.ui.widget.js HTTP/1.1" 304 0
[01/Jun/2018 20:14:30] "GET /static/xadmin/vendor/jquery-ui/jquery.ui.mouse.js HTTP/1.1" 304 0
[01/Jun/2018 20:14:30] "GET /static/xadmin/vendor/jquery-ui/jquery.ui.sortable.js HTTP/1.1" 304 0
[01/Jun/2018 20:14:30] "GET /static/xadmin/vendor/bootstrap/js/bootstrap.js HTTP/1.1" 304 0
[01/Jun/2018 20:14:30] "GET /static/xadmin/js/xadmin.main.js HTTP/1.1" 304 0
[01/Jun/2018 20:14:31] "GET /static/xadmin/vendor/bootstrap/fonts/glyphicons-halflings-regular.woff HTTP/1.1" 304 0
[01/Jun/2018 20:14:31] "GET /static/xadmin/js/xadmin.plugin.themes.js HTTP/1.1" 304 0
[01/Jun/2018 20:14:31] "GET /static/xadmin/js/xadmin.responsive.js HTTP/1.1" 304 0
[01/Jun/2018 20:14:31] "GET /static/xadmin/vendor/jquery-ui/jquery.ui.effect.js HTTP/1.1" 304 0
[01/Jun/2018 20:14:31] "GET /static/xadmin/js/xadmin.plugin.bookmark.js HTTP/1.1" 304 0
[01/Jun/2018 20:14:31] "GET /static/xadmin/js/xadmin.plugin.details.js HTTP/1.1" 304 0
[01/Jun/2018 20:14:31] "GET /static/xadmin/vendor/bootstrap-datepicker/js/bootstrap-datepicker.js HTTP/1.1" 304 0
[01/Jun/2018 20:14:31] "GET /static/xadmin/js/xadmin.plugin.filters.js HTTP/1.1" 304 0
[01/Jun/2018 20:14:31] "GET /static/xadmin/js/xadmin.plugin.actions.js HTTP/1.1" 304 0
[01/Jun/2018 20:14:31] "GET /static/xadmin/js/xadmin.widget.datetime.js HTTP/1.1" 304 0
[01/Jun/2018 20:14:31] "GET /static/xadmin/js/xadmin.page.form.js HTTP/1.1" 304 0
[01/Jun/2018 20:14:31] "GET /static/xadmin/js/xadmin.page.list.js HTTP/1.1" 304 0
[01/Jun/2018 20:14:35] "GET /xadmin/log/388/update/ HTTP/1.1" 200 29515
[01/Jun/2018 20:14:35] "GET /static/xadmin/js/xadmin.plugin.quick-form.js HTTP/1.1" 304 0
[01/Jun/2018 20:14:35] "GET /jsi18n/ HTTP/1.1" 200 4753
[01/Jun/2018 20:14:35] "GET /static/xadmin/js/xadmin.plugin.portal.js HTTP/1.1" 304 0
[01/Jun/2018 20:16:00] "GET /xadmin/log/ HTTP/1.1" 200 101561
[01/Jun/2018 20:16:01] "GET /jsi18n/ HTTP/1.1" 200 4753
[01/Jun/2018 20:16:05] "GET /xadmin/log/355/update/ HTTP/1.1" 200 29187
[01/Jun/2018 20:16:05] "GET /jsi18n/ HTTP/1.1" 200 4753
[01/Jun/2018 20:36:34] "GET /auth/group/ HTTP/1.1" 200 37927
[01/Jun/2018 20:36:34] "GET /jsi18n/ HTTP/1.1" 200 4753
[01/Jun/2018 20:36:36] "GET /auth/permission/ HTTP/1.1" 200 96003
[01/Jun/2018 20:36:36] "GET /jsi18n/ HTTP/1.1" 200 4753
[01/Jun/2018 20:36:41] "GET /auth/permission/1/update/ HTTP/1.1" 200 27431
[01/Jun/2018 20:36:41] "GET /jsi18n/ HTTP/1.1" 200 4753
[01/Jun/2018 20:36:51] "GET /auth/permission/ HTTP/1.1" 200 96003
[01/Jun/2018 20:36:56] "GET /auth/group/ HTTP/1.1" 200 37927
[01/Jun/2018 20:36:56] "GET /jsi18n/ HTTP/1.1" 200 4753
[01/Jun/2018 20:36:59] "GET /auth/permission/ HTTP/1.1" 200 96003
[01/Jun/2018 20:36:59] "GET /jsi18n/ HTTP/1.1" 200 4753
----------------------------------------
Exception happened during processing of request from ('139.199.34.108', 54026)
Traceback (most recent call last):
  File "/usr/local/lib/python3.6/socketserver.py", line 639, in process_request_thread
    self.finish_request(request, client_address)
  File "/usr/local/lib/python3.6/socketserver.py", line 361, in finish_request
    self.RequestHandlerClass(request, client_address, self)
  File "/usr/local/lib/python3.6/socketserver.py", line 696, in __init__
    self.handle()
  File "/root/lmz/venv/lib/python3.6/site-packages/django/core/servers/basehttp.py", line 140, in handle
    self.raw_requestline = self.rfile.readline(65537)
  File "/usr/local/lib/python3.6/socket.py", line 586, in readinto
    return self._sock.recv_into(b)
ConnectionResetError: [Errno 104] Connection reset by peer
----------------------------------------
[01/Jun/2018 20:57:05] "GET /InfoManage/vender/ HTTP/1.1" 200 50134
[01/Jun/2018 20:57:05] "GET /jsi18n/ HTTP/1.1" 200 4753
[01/Jun/2018 20:57:07] "GET /logout/ HTTP/1.1" 302 0
[01/Jun/2018 20:57:07] "GET / HTTP/1.1" 200 4343
[01/Jun/2018 20:57:07] "GET /jsi18n/ HTTP/1.1" 200 4350
[01/Jun/2018 20:57:10] "POST / HTTP/1.1" 302 0
[01/Jun/2018 20:57:10] "GET / HTTP/1.1" 200 11517
[01/Jun/2018 20:57:10] "GET /static/xadmin/css/xadmin.page.dashboard.css HTTP/1.1" 304 0
[01/Jun/2018 20:57:10] "GET /jsi18n/ HTTP/1.1" 200 4753
[01/Jun/2018 20:57:10] "GET /static/xadmin/js/xadmin.page.dashboard.js HTTP/1.1" 304 0
[01/Jun/2018 20:57:14] "POST /settings/user HTTP/1.1" 200 0
[01/Jun/2018 20:57:19] "GET /InfoManage/vender/ HTTP/1.1" 200 39413
[01/Jun/2018 20:57:19] "GET /jsi18n/ HTTP/1.1" 200 4753
[01/Jun/2018 20:57:23] "GET /InfoManage/vender/2/update/ HTTP/1.1" 200 18239
[01/Jun/2018 20:57:23] "GET /static/xadmin/vendor/bootstrap-clockpicker/bootstrap-clockpicker.css HTTP/1.1" 304 0
[01/Jun/2018 20:57:23] "GET /jsi18n/ HTTP/1.1" 200 4753
[01/Jun/2018 20:57:23] "GET /static/xadmin/vendor/bootstrap-clockpicker/bootstrap-clockpicker.js HTTP/1.1" 304 0
[01/Jun/2018 21:10:58] "GET / HTTP/1.1" 200 4338
[01/Jun/2018 21:43:39] "GET /InfoManage/rawmaterial/ HTTP/1.1" 200 43352
[01/Jun/2018 21:43:39] "GET /jsi18n/ HTTP/1.1" 200 4753
[01/Jun/2018 21:43:41] "GET /InfoManage/rawmaterial/2/update/ HTTP/1.1" 200 17844
[01/Jun/2018 21:43:41] "GET /jsi18n/ HTTP/1.1" 200 4753
[01/Jun/2018 21:50:54] "GET /InfoManage/rawmaterial/ HTTP/1.1" 200 43352
[01/Jun/2018 21:50:54] "GET /jsi18n/ HTTP/1.1" 200 4753
[01/Jun/2018 21:50:57] "GET /InfoManage/rawmaterial/2/update/ HTTP/1.1" 200 17844
[01/Jun/2018 21:50:57] "GET /jsi18n/ HTTP/1.1" 200 4753
[01/Jun/2018 21:52:41] "GET /InfoManage/orderform/ HTTP/1.1" 200 58418
[01/Jun/2018 21:52:41] "GET /static/xadmin/vendor/selectize/selectize.css HTTP/1.1" 304 0
[01/Jun/2018 21:52:41] "GET /static/xadmin/vendor/selectize/selectize.bootstrap3.css HTTP/1.1" 304 0
[01/Jun/2018 21:52:42] "GET /jsi18n/ HTTP/1.1" 200 4753
[01/Jun/2018 21:52:42] "GET /static/xadmin/vendor/select2/select2.css HTTP/1.1" 304 0
[01/Jun/2018 21:52:42] "GET /static/xadmin/vendor/selectize/selectize.js HTTP/1.1" 304 0
[01/Jun/2018 21:52:42] "GET /static/xadmin/vendor/select2/select2.js HTTP/1.1" 304 0
[01/Jun/2018 21:52:42] "GET /static/xadmin/vendor/select2/select2_locale_zh-hans.js HTTP/1.1" 304 0
[01/Jun/2018 21:52:42] "GET /static/xadmin/js/xadmin.widget.select.js HTTP/1.1" 304 0
[01/Jun/2018 21:52:42] "GET /InfoManage/orderformgoods/ HTTP/1.1" 200 32793
[01/Jun/2018 21:52:43] "GET /jsi18n/ HTTP/1.1" 200 4753
[01/Jun/2018 21:53:00] "GET /InfoManage/orderform/ HTTP/1.1" 200 58418
[01/Jun/2018 21:53:00] "GET /jsi18n/ HTTP/1.1" 200 4753
[01/Jun/2018 21:59:38] "GET /InfoManage/orderform/ HTTP/1.1" 200 58418
[01/Jun/2018 21:59:40] "GET /InfoManage/orderform/ HTTP/1.1" 200 58418
[01/Jun/2018 21:59:40] "GET /jsi18n/ HTTP/1.1" 200 4753
[01/Jun/2018 21:59:42] "GET /InfoManage/orderform/4/update/ HTTP/1.1" 200 19397
[01/Jun/2018 21:59:42] "GET /jsi18n/ HTTP/1.1" 200 4753
[01/Jun/2018 21:59:47] "GET /InfoManage/orderform/ HTTP/1.1" 200 58418
[01/Jun/2018 21:59:48] "GET /jsi18n/ HTTP/1.1" 200 4753
[01/Jun/2018 21:59:49] "GET /InfoManage/orderform/add/ HTTP/1.1" 200 18959
[01/Jun/2018 21:59:49] "GET /jsi18n/ HTTP/1.1" 200 4753
[01/Jun/2018 22:11:53] "GET /logout/ HTTP/1.1" 302 0
[01/Jun/2018 22:11:53] "GET / HTTP/1.1" 200 4338
[01/Jun/2018 22:11:53] "GET /jsi18n/ HTTP/1.1" 200 4345
[01/Jun/2018 22:11:56] "POST / HTTP/1.1" 302 0
[01/Jun/2018 22:11:57] "GET / HTTP/1.1" 200 15110
[01/Jun/2018 22:11:57] "GET /jsi18n/ HTTP/1.1" 200 4753
[01/Jun/2018 22:19:01] "GET / HTTP/1.1" 200 15110
[01/Jun/2018 22:19:06] "GET /InfoManage/outstorform/ HTTP/1.1" 200 44200
[01/Jun/2018 22:19:06] "GET /jsi18n/ HTTP/1.1" 200 4753
[01/Jun/2018 22:19:11] "GET /InfoManage/outstorform/2/update/ HTTP/1.1" 200 18629
[01/Jun/2018 22:19:12] "GET /jsi18n/ HTTP/1.1" 200 4753
[01/Jun/2018 22:21:21] "GET /InfoManage/outstorform/ HTTP/1.1" 200 44200
[01/Jun/2018 22:21:21] "GET /jsi18n/ HTTP/1.1" 200 4753
[01/Jun/2018 22:21:22] "GET /InfoManage/outstorform/add/ HTTP/1.1" 200 20886
[01/Jun/2018 22:21:22] "GET /jsi18n/ HTTP/1.1" 200 4753
[01/Jun/2018 22:25:18] "GET / HTTP/1.1" 200 4338
[01/Jun/2018 23:27:17] "GET / HTTP/1.1" 200 4338
[02/Jun/2018 00:19:57] "GET / HTTP/1.0" 200 4338
[02/Jun/2018 00:52:23] "GET / HTTP/1.1" 200 4338
[02/Jun/2018 01:06:29] "GET / HTTP/1.1" 200 4338
[02/Jun/2018 01:50:11] "GET / HTTP/1.1" 200 4338
[02/Jun/2018 01:55:19] "GET / HTTP/1.1" 200 4338
Not Found: /GponForm/diag_Form
[02/Jun/2018 02:12:24] "POST /GponForm/diag_Form?images/ HTTP/1.1" 404 7934
[02/Jun/2018 02:17:09] "GET / HTTP/1.0" 200 4338
[02/Jun/2018 02:17:23] "GET / HTTP/1.1" 200 4338
Not Found: /http:/www.baidu.com/cache/global/img/gs.gif
[02/Jun/2018 02:17:43] "GET http://www.baidu.com/cache/global/img/gs.gif HTTP/1.1" 404 1727
[02/Jun/2018 02:35:49] "GET / HTTP/1.1" 200 4338
[02/Jun/2018 02:45:14] "GET / HTTP/1.1" 200 4338
[02/Jun/2018 03:02:14] "GET / HTTP/1.1" 200 4338
[02/Jun/2018 03:02:57] "GET / HTTP/1.0" 200 4338
Not Found: /http:/www.baidu.com/cache/global/img/gs.gif
[02/Jun/2018 03:25:22] "GET http://www.baidu.com/cache/global/img/gs.gif HTTP/1.1" 404 1727
[02/Jun/2018 05:47:26] "GET / HTTP/1.0" 200 4338
[02/Jun/2018 05:54:11] code 400, message Bad HTTP/0.9 request type ('\x03\x00\x00/*à\x00\x00\x00\x00\x00Cookie:')
[02/Jun/2018 05:54:11] "  /*à     Cookie: mstshash=Administr" 400 -
[02/Jun/2018 05:57:21] "GET / HTTP/1.0" 200 4338
[02/Jun/2018 08:11:00] "GET / HTTP/1.1" 200 4338
[02/Jun/2018 08:56:24] "GET / HTTP/1.1" 200 4338
[02/Jun/2018 09:17:03] "GET / HTTP/1.1" 200 4338
[02/Jun/2018 10:05:50] "GET / HTTP/1.1" 200 4338
[02/Jun/2018 10:07:21] "GET / HTTP/1.1" 200 4338
[02/Jun/2018 10:23:03] "GET /InfoManage/outstorform/add/ HTTP/1.1" 200 20886
[02/Jun/2018 10:23:04] "GET /static/xadmin/vendor/bootstrap/css/bootstrap.css HTTP/1.1" 304 0
[02/Jun/2018 10:23:04] "GET /static/xadmin/vendor/font-awesome/css/font-awesome.css HTTP/1.1" 304 0
[02/Jun/2018 10:23:04] "GET /static/xadmin/css/xadmin.plugins.css HTTP/1.1" 304 0
[02/Jun/2018 10:23:04] "GET /static/xadmin/vendor/bootstrap-clockpicker/bootstrap-clockpicker.css HTTP/1.1" 304 0
[02/Jun/2018 10:23:04] "GET /static/xadmin/css/xadmin.main.css HTTP/1.1" 304 0
[02/Jun/2018 10:23:04] "GET /static/xadmin/css/themes/bootstrap-xadmin.css HTTP/1.1" 304 0
[02/Jun/2018 10:23:04] "GET /static/xadmin/vendor/selectize/selectize.bootstrap3.css HTTP/1.1" 304 0
[02/Jun/2018 10:23:04] "GET /static/xadmin/vendor/select2/select2.css HTTP/1.1" 304 0
[02/Jun/2018 10:23:04] "GET /static/xadmin/vendor/selectize/selectize.css HTTP/1.1" 304 0
[02/Jun/2018 10:23:04] "GET /static/xadmin/vendor/bootstrap-datepicker/css/datepicker.css HTTP/1.1" 304 0
[02/Jun/2018 10:23:04] "GET /static/xadmin/css/xadmin.form.css HTTP/1.1" 304 0
[02/Jun/2018 10:23:04] "GET /static/xadmin/vendor/jquery/jquery.js HTTP/1.1" 304 0
[02/Jun/2018 10:23:04] "GET /jsi18n/ HTTP/1.1" 200 4753
[02/Jun/2018 10:23:04] "GET /static/xadmin/vendor/jquery-ui/jquery.ui.widget.js HTTP/1.1" 304 0
[02/Jun/2018 10:23:04] "GET /static/xadmin/vendor/bootstrap/js/bootstrap.js HTTP/1.1" 304 0
[02/Jun/2018 10:23:04] "GET /static/xadmin/vendor/jquery-ui/jquery.ui.core.js HTTP/1.1" 304 0
[02/Jun/2018 10:23:04] "GET /static/xadmin/vendor/jquery-ui/jquery.ui.mouse.js HTTP/1.1" 304 0
[02/Jun/2018 10:23:04] "GET /static/xadmin/vendor/jquery-ui/jquery.ui.sortable.js HTTP/1.1" 304 0
[02/Jun/2018 10:23:04] "GET /static/xadmin/js/xadmin.responsive.js HTTP/1.1" 304 0
[02/Jun/2018 10:23:04] "GET /static/xadmin/js/xadmin.plugin.portal.js HTTP/1.1" 304 0
[02/Jun/2018 10:23:04] "GET /static/xadmin/js/xadmin.plugin.themes.js HTTP/1.1" 304 0
[02/Jun/2018 10:23:04] "GET /static/xadmin/vendor/jquery-ui/jquery.ui.effect.js HTTP/1.1" 304 0
[02/Jun/2018 10:23:04] "GET /static/xadmin/js/xadmin.main.js HTTP/1.1" 304 0
[02/Jun/2018 10:23:04] "GET /static/xadmin/vendor/bootstrap-datepicker/js/bootstrap-datepicker.js HTTP/1.1" 304 0
[02/Jun/2018 10:23:04] "GET /static/xadmin/vendor/bootstrap-clockpicker/bootstrap-clockpicker.js HTTP/1.1" 304 0
[02/Jun/2018 10:23:04] "GET /static/xadmin/js/xadmin.widget.datetime.js HTTP/1.1" 304 0
[02/Jun/2018 10:23:04] "GET /static/xadmin/vendor/selectize/selectize.js HTTP/1.1" 304 0
[02/Jun/2018 10:23:04] "GET /static/xadmin/vendor/select2/select2.js HTTP/1.1" 304 0
[02/Jun/2018 10:23:04] "GET /static/xadmin/vendor/select2/select2_locale_zh-hans.js HTTP/1.1" 304 0
[02/Jun/2018 10:23:04] "GET /static/xadmin/js/xadmin.widget.select.js HTTP/1.1" 304 0
[02/Jun/2018 10:23:04] "GET /static/xadmin/js/xadmin.page.form.js HTTP/1.1" 304 0
[02/Jun/2018 10:23:04] "GET /static/xadmin/vendor/font-awesome/fonts/fontawesome-webfont.woff?v=4.0.3 HTTP/1.1" 304 0
[02/Jun/2018 10:23:04] "GET /static/xadmin/vendor/bootstrap/fonts/glyphicons-halflings-regular.woff HTTP/1.1" 304 0
Not Found: /favicon.ico
[02/Jun/2018 10:23:08] "GET /favicon.ico HTTP/1.1" 404 7909
[02/Jun/2018 10:23:17] "GET / HTTP/1.1" 200 4338
[02/Jun/2018 10:28:19] "GET /InfoManage/outstorform/add/ HTTP/1.1" 200 20886
[02/Jun/2018 10:28:20] "GET /static/xadmin/css/xadmin.responsive.css HTTP/1.1" 304 0
[02/Jun/2018 10:28:20] "GET /jsi18n/ HTTP/1.1" 200 4753
[02/Jun/2018 10:28:24] "GET /logout/ HTTP/1.1" 302 0
[02/Jun/2018 10:28:24] "GET / HTTP/1.1" 200 4338
[02/Jun/2018 10:28:24] "GET /jsi18n/ HTTP/1.1" 200 4345
[02/Jun/2018 10:28:32] "POST / HTTP/1.1" 302 0
[02/Jun/2018 10:28:32] "GET / HTTP/1.1" 200 13413
[02/Jun/2018 10:28:33] "GET /static/xadmin/css/xadmin.page.dashboard.css HTTP/1.1" 304 0
[02/Jun/2018 10:28:33] "GET /jsi18n/ HTTP/1.1" 200 4753
[02/Jun/2018 10:28:35] "GET /static/xadmin/js/xadmin.page.dashboard.js HTTP/1.1" 304 0
Not Found: /GponForm/diag_Form
[02/Jun/2018 10:34:14] "POST /GponForm/diag_Form?images/ HTTP/1.1" 404 7934
[02/Jun/2018 10:35:14] "GET /InfoManage/outstorform/ HTTP/1.1" 200 40450
[02/Jun/2018 10:35:15] "GET /jsi18n/ HTTP/1.1" 200 4753
[02/Jun/2018 10:35:18] "GET /static/xadmin/js/xadmin.plugin.details.js HTTP/1.1" 304 0
[02/Jun/2018 10:35:18] "GET /static/xadmin/js/xadmin.plugin.bookmark.js HTTP/1.1" 304 0
[02/Jun/2018 10:35:18] "GET /static/xadmin/js/xadmin.page.list.js HTTP/1.1" 304 0
[02/Jun/2018 10:35:18] "GET /static/xadmin/js/xadmin.plugin.filters.js HTTP/1.1" 304 0
[02/Jun/2018 10:35:20] "GET /InfoManage/outstordetail/ HTTP/1.1" 200 29333
[02/Jun/2018 10:35:20] "GET /jsi18n/ HTTP/1.1" 200 4753
[02/Jun/2018 10:35:22] "GET /InfoManage/assemblyline/ HTTP/1.1" 200 30641
[02/Jun/2018 10:35:22] "GET /jsi18n/ HTTP/1.1" 200 4753
[02/Jun/2018 10:35:24] "GET /InfoManage/outstordetail/ HTTP/1.1" 200 29333
[02/Jun/2018 10:35:25] "GET /InfoManage/product/ HTTP/1.1" 200 40724
[02/Jun/2018 10:35:25] "GET /jsi18n/ HTTP/1.1" 200 4753
[02/Jun/2018 10:35:26] "GET /static/xadmin/js/xadmin.plugin.actions.js HTTP/1.1" 200 4198
[02/Jun/2018 10:35:28] "GET /InfoManage/halfproduct/ HTTP/1.1" 200 37610
[02/Jun/2018 10:35:29] "GET /jsi18n/ HTTP/1.1" 200 4753
[02/Jun/2018 10:37:45] "GET /InfoManage/product/ HTTP/1.1" 200 40724
[02/Jun/2018 10:37:45] "GET /jsi18n/ HTTP/1.1" 200 4753
[02/Jun/2018 10:43:30] "GET /InfoManage/produceform/ HTTP/1.1" 200 56540
[02/Jun/2018 10:43:31] "GET /jsi18n/ HTTP/1.1" 200 4753
[02/Jun/2018 10:43:33] "GET /InfoManage/produceform/3/update/ HTTP/1.1" 200 18310
[02/Jun/2018 10:43:33] "GET /jsi18n/ HTTP/1.1" 200 4753
[02/Jun/2018 10:43:38] "GET /InfoManage/produceform/ HTTP/1.1" 200 56540
[02/Jun/2018 10:43:39] "GET /jsi18n/ HTTP/1.1" 200 4753
[02/Jun/2018 10:43:42] "GET /InfoManage/produceform/add/ HTTP/1.1" 200 22106
[02/Jun/2018 10:43:42] "GET /jsi18n/ HTTP/1.1" 200 4753
[02/Jun/2018 10:43:44] "GET /static/xadmin/js/xadmin.plugin.quick-form.js HTTP/1.1" 304 0
[02/Jun/2018 10:54:16] "GET /InfoManage/produceform/ HTTP/1.1" 200 56540
[02/Jun/2018 10:54:17] "GET /jsi18n/ HTTP/1.1" 200 4753
[02/Jun/2018 10:54:23] "GET /InfoManage/assemblyline/1/detail/?_format=html HTTP/1.1" 200 1284
[02/Jun/2018 10:54:26] "GET /logout/ HTTP/1.1" 302 0
[02/Jun/2018 10:54:27] "GET / HTTP/1.1" 200 4338
[02/Jun/2018 10:54:27] "GET /jsi18n/ HTTP/1.1" 200 4345
[02/Jun/2018 10:54:31] "POST / HTTP/1.1" 302 0
[02/Jun/2018 10:54:31] "GET / HTTP/1.1" 200 13413
[02/Jun/2018 10:54:31] "GET /jsi18n/ HTTP/1.1" 200 4753
[02/Jun/2018 10:54:34] "GET /InfoManage/produceform/ HTTP/1.1" 200 56540
[02/Jun/2018 10:54:34] "GET /jsi18n/ HTTP/1.1" 200 4753
[02/Jun/2018 10:54:39] "GET /InfoManage/produceform/1/update/ HTTP/1.1" 200 18140
[02/Jun/2018 10:54:39] "GET /jsi18n/ HTTP/1.1" 200 4753
[02/Jun/2018 10:58:38] "GET /logout/ HTTP/1.1" 302 0
[02/Jun/2018 10:58:38] "GET / HTTP/1.1" 200 4338
[02/Jun/2018 10:58:38] "GET /jsi18n/ HTTP/1.1" 200 4345
[02/Jun/2018 10:58:42] "POST / HTTP/1.1" 302 0
[02/Jun/2018 10:58:42] "GET / HTTP/1.1" 200 13413
[02/Jun/2018 10:58:42] "GET /jsi18n/ HTTP/1.1" 200 4753
[02/Jun/2018 10:58:47] "GET /InfoManage/meterial/ HTTP/1.1" 200 42889
[02/Jun/2018 10:58:47] "GET /jsi18n/ HTTP/1.1" 200 4753
[02/Jun/2018 10:58:48] "GET /InfoManage/produceform/ HTTP/1.1" 200 56540
[02/Jun/2018 10:58:48] "GET /jsi18n/ HTTP/1.1" 200 4753
[02/Jun/2018 10:58:51] "GET /InfoManage/produceform/add/ HTTP/1.1" 200 22106
[02/Jun/2018 10:58:52] "GET /jsi18n/ HTTP/1.1" 200 4753
[02/Jun/2018 11:00:15] "GET /InfoManage/meterial/ HTTP/1.1" 200 42889
[02/Jun/2018 11:00:15] "GET /jsi18n/ HTTP/1.1" 200 4753
[02/Jun/2018 11:00:18] "GET /InfoManage/meterial/add/ HTTP/1.1" 200 20958
[02/Jun/2018 11:00:18] "GET /jsi18n/ HTTP/1.1" 200 4753
[02/Jun/2018 11:01:59] "GET /InfoManage/produceform/ HTTP/1.1" 200 56540
[02/Jun/2018 11:02:00] "GET /jsi18n/ HTTP/1.1" 200 4753
[02/Jun/2018 11:02:02] "GET /InfoManage/produceform/add/ HTTP/1.1" 200 22106
[02/Jun/2018 11:02:02] "GET /jsi18n/ HTTP/1.1" 200 4753
[02/Jun/2018 11:12:33] "GET / HTTP/1.1" 200 4338
[02/Jun/2018 11:12:33] "GET / HTTP/1.1" 200 4338
[02/Jun/2018 11:15:56] "GET /logout/ HTTP/1.1" 302 0
[02/Jun/2018 11:15:57] "GET / HTTP/1.1" 200 4338
[02/Jun/2018 11:15:57] "GET /jsi18n/ HTTP/1.1" 200 4345
[02/Jun/2018 11:16:01] "POST / HTTP/1.1" 302 0
[02/Jun/2018 11:16:01] "GET / HTTP/1.1" 200 13642
[02/Jun/2018 11:16:02] "GET /jsi18n/ HTTP/1.1" 200 4753
[02/Jun/2018 11:16:06] "GET /InfoManage/saleform/ HTTP/1.1" 200 60635
[02/Jun/2018 11:16:06] "GET /jsi18n/ HTTP/1.1" 200 4753
[02/Jun/2018 11:16:07] "GET /static/xadmin/vendor/flot/jquery.flot.js HTTP/1.1" 304 0
[02/Jun/2018 11:16:07] "GET /static/xadmin/vendor/flot/jquery.flot.pie.js HTTP/1.1" 304 0
[02/Jun/2018 11:16:07] "GET /static/xadmin/vendor/flot/jquery.flot.categories.js HTTP/1.1" 304 0
[02/Jun/2018 11:16:07] "GET /static/xadmin/vendor/flot/jquery.flot.time.js HTTP/1.1" 304 0
[02/Jun/2018 11:16:07] "GET /static/xadmin/vendor/flot/jquery.flot.resize.js HTTP/1.1" 304 0
[02/Jun/2018 11:16:07] "GET /static/xadmin/vendor/flot/jquery.flot.aggregate.js HTTP/1.1" 304 0
[02/Jun/2018 11:16:07] "GET /InfoManage/customer/ HTTP/1.1" 200 31270
[02/Jun/2018 11:16:07] "GET /jsi18n/ HTTP/1.1" 200 4753
[02/Jun/2018 11:16:10] "GET /InfoManage/customer/2/update/ HTTP/1.1" 200 16971
[02/Jun/2018 11:16:10] "GET /jsi18n/ HTTP/1.1" 200 4753
[02/Jun/2018 11:19:37] "GET / HTTP/1.1" 200 4338
[02/Jun/2018 11:20:46] "GET /InfoManage/saleform/ HTTP/1.1" 200 60635
[02/Jun/2018 11:20:46] "GET /jsi18n/ HTTP/1.1" 200 4753
[02/Jun/2018 11:20:47] "GET /static/xadmin/js/xadmin.plugin.charts.js HTTP/1.1" 200 2146
[02/Jun/2018 11:20:47] "GET /InfoManage/saleform/chart/user_count/? HTTP/1.1" 200 355
[02/Jun/2018 11:20:48] "GET /InfoManage/saleform/add/ HTTP/1.1" 200 20595
[02/Jun/2018 11:20:48] "GET /jsi18n/ HTTP/1.1" 200 4753
[02/Jun/2018 11:28:40] "GET /InfoManage/customer/ HTTP/1.1" 200 31270
[02/Jun/2018 11:28:40] "GET /jsi18n/ HTTP/1.1" 200 4753
[02/Jun/2018 11:28:43] "GET /InfoManage/customer/add/ HTTP/1.1" 200 16651
[02/Jun/2018 11:28:44] "GET /jsi18n/ HTTP/1.1" 200 4753
[02/Jun/2018 11:30:12] "GET /InfoManage/saleform/ HTTP/1.1" 200 60635
[02/Jun/2018 11:30:13] "GET /jsi18n/ HTTP/1.1" 200 4753
[02/Jun/2018 11:30:13] "GET /InfoManage/saleform/chart/user_count/? HTTP/1.1" 200 355
[02/Jun/2018 11:30:16] "GET /InfoManage/saleform/9/update/ HTTP/1.1" 200 17718
[02/Jun/2018 11:30:16] "GET /jsi18n/ HTTP/1.1" 200 4753
[02/Jun/2018 11:30:18] "GET /InfoManage/saleform/ HTTP/1.1" 200 60635
[02/Jun/2018 11:30:18] "GET /jsi18n/ HTTP/1.1" 200 4753
[02/Jun/2018 11:30:19] "GET /InfoManage/saleform/chart/user_count/? HTTP/1.1" 200 355
[02/Jun/2018 11:30:19] "GET /InfoManage/saleform/add/ HTTP/1.1" 200 20595
[02/Jun/2018 11:30:20] "GET /jsi18n/ HTTP/1.1" 200 4753
[02/Jun/2018 12:16:19] "GET / HTTP/1.1" 200 4338
[02/Jun/2018 12:38:54] "GET / HTTP/1.1" 200 4338
Not Found: /http:/www.baidu.com/cache/global/img/gs.gif
[02/Jun/2018 12:43:19] "GET http://www.baidu.com/cache/global/img/gs.gif HTTP/1.1" 404 1727
[02/Jun/2018 13:05:33] "GET / HTTP/1.1" 200 4338
[02/Jun/2018 13:45:18] "GET / HTTP/1.1" 200 4338
[02/Jun/2018 14:25:32] "GET / HTTP/1.1" 200 4338
[02/Jun/2018 14:37:16] "GET / HTTP/1.1" 200 4338
[02/Jun/2018 15:36:54] code 400, message Bad request syntax ('\x03\x00\x00\x13\x0eà\x00\x00\x00\x00\x00\x01\x00\x08\x00\x00\x00\x00\x00')
[02/Jun/2018 15:36:54] "  à           " 400 -
[02/Jun/2018 15:43:29] "GET /logout/ HTTP/1.1" 302 0
[02/Jun/2018 15:43:29] "GET / HTTP/1.1" 200 4338
[02/Jun/2018 15:43:29] "GET /jsi18n/ HTTP/1.1" 200 4345
[02/Jun/2018 15:43:32] "POST / HTTP/1.1" 302 0
[02/Jun/2018 15:43:32] "GET / HTTP/1.1" 200 11512
[02/Jun/2018 15:43:32] "GET /jsi18n/ HTTP/1.1" 200 4753
[02/Jun/2018 15:43:35] "GET /InfoManage/orderform/ HTTP/1.1" 200 58418
[02/Jun/2018 15:43:39] "GET /jsi18n/ HTTP/1.1" 200 4753
[02/Jun/2018 15:43:43] "GET /InfoManage/orderform/add/ HTTP/1.1" 200 18959
[02/Jun/2018 15:43:43] "GET /jsi18n/ HTTP/1.1" 200 4753
[02/Jun/2018 15:51:30] "GET /InfoManage/orderform/ HTTP/1.1" 200 58418
[02/Jun/2018 15:51:30] "GET /jsi18n/ HTTP/1.1" 200 4753
[02/Jun/2018 15:51:34] "GET /InfoManage/orderform/4/update/ HTTP/1.1" 200 19397
[02/Jun/2018 15:51:34] "GET /jsi18n/ HTTP/1.1" 200 4753
[02/Jun/2018 15:51:49] "GET /logout/ HTTP/1.1" 302 0
[02/Jun/2018 15:51:49] "GET / HTTP/1.1" 200 4338
[02/Jun/2018 15:51:49] "GET /jsi18n/ HTTP/1.1" 200 4345
[02/Jun/2018 15:51:52] "POST / HTTP/1.1" 302 0
[02/Jun/2018 15:51:52] "GET / HTTP/1.1" 200 11513
[02/Jun/2018 15:51:52] "GET /jsi18n/ HTTP/1.1" 200 4753
[02/Jun/2018 15:51:58] "POST /settings/user HTTP/1.1" 200 0
[02/Jun/2018 15:52:00] "GET /InfoManage/orderformgoods/ HTTP/1.1" 200 32793
[02/Jun/2018 15:52:00] "GET /jsi18n/ HTTP/1.1" 200 4753
[02/Jun/2018 15:52:03] "GET /InfoManage/orderform/ HTTP/1.1" 200 58418
[02/Jun/2018 15:52:04] "GET /jsi18n/ HTTP/1.1" 200 4753
[02/Jun/2018 15:52:05] "GET /InfoManage/orderform/4/update/ HTTP/1.1" 200 17690
[02/Jun/2018 15:52:06] "GET /jsi18n/ HTTP/1.1" 200 4753
[02/Jun/2018 15:52:37] "GET /InfoManage/orderformgoods/ HTTP/1.1" 200 32793
[02/Jun/2018 15:52:37] "GET /jsi18n/ HTTP/1.1" 200 4753
[02/Jun/2018 15:52:38] "GET /InfoManage/orderformgoods/5/update/ HTTP/1.1" 200 14370
[02/Jun/2018 15:52:38] "GET /jsi18n/ HTTP/1.1" 200 4753
[02/Jun/2018 15:55:07] "GET / HTTP/1.0" 200 4338
[02/Jun/2018 16:12:57] "GET /InfoManage/orderform/ HTTP/1.1" 200 58418
[02/Jun/2018 16:12:57] "GET /jsi18n/ HTTP/1.1" 200 4753
[02/Jun/2018 16:17:39] "GET /InfoManage/orderform/4/update/ HTTP/1.1" 200 17690
[02/Jun/2018 16:17:39] "GET /jsi18n/ HTTP/1.1" 200 4753
[02/Jun/2018 16:31:04] "GET /InfoManage/rawmaterial/ HTTP/1.1" 200 43352
[02/Jun/2018 16:31:04] "GET /jsi18n/ HTTP/1.1" 200 4753
[02/Jun/2018 16:42:09] "GET / HTTP/1.1" 200 4338
[02/Jun/2018 17:07:04] "GET / HTTP/1.0" 200 4338
[02/Jun/2018 17:24:47] "GET / HTTP/1.1" 200 4338
[02/Jun/2018 17:33:49] code 400, message Bad request syntax ('\x16\x03\x01\x01"\x01\x00\x01\x1e\x03\x03Ý¸Sw3\x8fyðG\x96å\x13\x12fÆù"×W\x0bG\x1f7½ñn_Ì].=À\x00\x00\x88À0À,À(À$À\x14À')
[02/Jun/2018 17:33:49] You're accessing the development server over HTTPS, but it only supports HTTP.

----------------------------------------
Exception happened during processing of request from ('123.59.60.110', 48417)
Traceback (most recent call last):
  File "/usr/local/lib/python3.6/socketserver.py", line 639, in process_request_thread
    self.finish_request(request, client_address)
  File "/usr/local/lib/python3.6/socketserver.py", line 361, in finish_request
    self.RequestHandlerClass(request, client_address, self)
  File "/usr/local/lib/python3.6/socketserver.py", line 696, in __init__
    self.handle()
  File "/root/lmz/venv/lib/python3.6/site-packages/django/core/servers/basehttp.py", line 140, in handle
    self.raw_requestline = self.rfile.readline(65537)
  File "/usr/local/lib/python3.6/socket.py", line 586, in readinto
    return self._sock.recv_into(b)
ConnectionResetError: [Errno 104] Connection reset by peer
----------------------------------------
[02/Jun/2018 17:33:52] "GET / HTTP/1.1" 200 4338
[02/Jun/2018 17:43:18] "GET / HTTP/1.1" 200 4338
[02/Jun/2018 18:49:04] "GET / HTTP/1.0" 200 4338
[02/Jun/2018 19:27:06] "GET / HTTP/1.1" 200 4338
[02/Jun/2018 19:41:57] "GET / HTTP/1.1" 200 4338
[02/Jun/2018 19:50:52] "GET / HTTP/1.0" 200 4338
[02/Jun/2018 20:11:38] "GET / HTTP/1.1" 200 4338
[02/Jun/2018 21:00:01] "GET / HTTP/1.1" 200 4338
Not Found: /GponForm/diag_Form
[02/Jun/2018 21:11:15] "POST /GponForm/diag_Form?images/ HTTP/1.1" 404 7934
[02/Jun/2018 21:14:37] "GET / HTTP/1.1" 200 4338
[02/Jun/2018 21:27:57] "GET / HTTP/1.1" 200 4338
[02/Jun/2018 21:34:13] code 400, message Bad HTTP/0.9 request type ('\x03\x00\x00/*à\x00\x00\x00\x00\x00Cookie:')
[02/Jun/2018 21:34:13] "  /*à     Cookie: mstshash=Administr" 400 -
[02/Jun/2018 21:55:43] "GET / HTTP/1.1" 200 4338
Not Found: /http:/www.baidu.com/cache/global/img/gs.gif
[02/Jun/2018 22:05:47] "GET http://www.baidu.com/cache/global/img/gs.gif HTTP/1.1" 404 1727
[02/Jun/2018 22:31:28] "GET / HTTP/1.1" 200 11512
[02/Jun/2018 22:31:28] "GET / HTTP/1.1" 200 11512
[02/Jun/2018 22:31:28] "GET /static/xadmin/vendor/bootstrap/css/bootstrap.css HTTP/1.1" 304 0
[02/Jun/2018 22:31:28] "GET /static/xadmin/vendor/font-awesome/css/font-awesome.css HTTP/1.1" 304 0
[02/Jun/2018 22:31:28] "GET /static/xadmin/css/themes/bootstrap-xadmin.css HTTP/1.1" 304 0
[02/Jun/2018 22:31:28] "GET /static/xadmin/css/xadmin.main.css HTTP/1.1" 304 0
[02/Jun/2018 22:31:28] "GET /static/xadmin/css/xadmin.plugins.css HTTP/1.1" 304 0
[02/Jun/2018 22:31:29] "GET /static/xadmin/css/xadmin.responsive.css HTTP/1.1" 304 0
[02/Jun/2018 22:31:29] "GET /static/xadmin/css/xadmin.page.dashboard.css HTTP/1.1" 304 0
[02/Jun/2018 22:31:29] "GET /static/xadmin/vendor/jquery/jquery.js HTTP/1.1" 304 0
[02/Jun/2018 22:31:29] "GET /jsi18n/ HTTP/1.1" 200 4753
[02/Jun/2018 22:31:29] "GET /static/xadmin/vendor/jquery-ui/jquery.ui.widget.js HTTP/1.1" 304 0
[02/Jun/2018 22:31:29] "GET /static/xadmin/vendor/jquery-ui/jquery.ui.core.js HTTP/1.1" 304 0
[02/Jun/2018 22:31:29] "GET /static/xadmin/vendor/jquery-ui/jquery.ui.mouse.js HTTP/1.1" 304 0
[02/Jun/2018 22:31:29] "GET /static/xadmin/vendor/jquery-ui/jquery.ui.sortable.js HTTP/1.1" 304 0
[02/Jun/2018 22:31:29] "GET /static/xadmin/vendor/bootstrap/js/bootstrap.js HTTP/1.1" 304 0
[02/Jun/2018 22:31:29] "GET /static/xadmin/js/xadmin.main.js HTTP/1.1" 304 0
[02/Jun/2018 22:31:29] "GET /static/xadmin/js/xadmin.responsive.js HTTP/1.1" 304 0
[02/Jun/2018 22:31:29] "GET /static/xadmin/js/xadmin.plugin.themes.js HTTP/1.1" 304 0
[02/Jun/2018 22:31:29] "GET /static/xadmin/vendor/jquery-ui/jquery.ui.effect.js HTTP/1.1" 304 0
[02/Jun/2018 22:31:29] "GET /static/xadmin/js/xadmin.page.dashboard.js HTTP/1.1" 304 0
[02/Jun/2018 22:31:29] "GET /jsi18n/ HTTP/1.1" 200 4753
[02/Jun/2018 22:31:29] "GET /static/xadmin/js/xadmin.plugin.portal.js HTTP/1.1" 304 0
[02/Jun/2018 22:31:29] "GET /static/xadmin/vendor/font-awesome/fonts/fontawesome-webfont.woff?v=4.0.3 HTTP/1.1" 304 0
[02/Jun/2018 22:31:29] "GET /static/xadmin/vendor/bootstrap/fonts/glyphicons-halflings-regular.woff HTTP/1.1" 304 0
Not Found: /favicon.ico
[02/Jun/2018 22:31:29] "GET /favicon.ico HTTP/1.1" 404 7909
[02/Jun/2018 22:31:33] "GET /InfoManage/orderform/ HTTP/1.1" 200 58418
[02/Jun/2018 22:31:33] "GET /static/xadmin/vendor/bootstrap-datepicker/css/datepicker.css HTTP/1.1" 304 0
[02/Jun/2018 22:31:33] "GET /static/xadmin/css/xadmin.form.css HTTP/1.1" 304 0
[02/Jun/2018 22:31:33] "GET /static/xadmin/vendor/select2/select2.css HTTP/1.1" 304 0
[02/Jun/2018 22:31:33] "GET /static/xadmin/vendor/selectize/selectize.css HTTP/1.1" 304 0
[02/Jun/2018 22:31:33] "GET /static/xadmin/vendor/selectize/selectize.bootstrap3.css HTTP/1.1" 304 0
[02/Jun/2018 22:31:33] "GET /static/xadmin/js/xadmin.plugin.details.js HTTP/1.1" 304 0
[02/Jun/2018 22:31:33] "GET /static/xadmin/js/xadmin.plugin.bookmark.js HTTP/1.1" 304 0
[02/Jun/2018 22:31:33] "GET /static/xadmin/js/xadmin.widget.datetime.js HTTP/1.1" 304 0
[02/Jun/2018 22:31:33] "GET /static/xadmin/vendor/select2/select2.js HTTP/1.1" 304 0
[02/Jun/2018 22:31:33] "GET /static/xadmin/vendor/selectize/selectize.js HTTP/1.1" 304 0
[02/Jun/2018 22:31:33] "GET /static/xadmin/vendor/bootstrap-datepicker/js/bootstrap-datepicker.js HTTP/1.1" 304 0
[02/Jun/2018 22:31:33] "GET /static/xadmin/vendor/select2/select2_locale_zh-hans.js HTTP/1.1" 304 0
[02/Jun/2018 22:31:33] "GET /static/xadmin/js/xadmin.widget.select.js HTTP/1.1" 304 0
[02/Jun/2018 22:31:33] "GET /static/xadmin/js/xadmin.page.form.js HTTP/1.1" 304 0
[02/Jun/2018 22:31:33] "GET /static/xadmin/js/xadmin.plugin.filters.js HTTP/1.1" 304 0
[02/Jun/2018 22:31:33] "GET /static/xadmin/js/xadmin.plugin.actions.js HTTP/1.1" 304 0
[02/Jun/2018 22:31:33] "GET /static/xadmin/js/xadmin.page.list.js HTTP/1.1" 304 0
[02/Jun/2018 22:38:30] "GET / HTTP/1.1" 200 4338
[02/Jun/2018 22:59:10] "GET /InfoManage/orderform/?_cols=of_name.ven_name.created.typ.receipt_status.payment_status.total_price.executor.storage_time.is_finish HTTP/1.1" 200 65514
[02/Jun/2018 22:59:10] "GET /jsi18n/ HTTP/1.1" 200 4753
[02/Jun/2018 22:59:15] "GET /InfoManage/orderformgoods/?_rel_of_name__id__exact=4 HTTP/1.1" 200 28985
[02/Jun/2018 22:59:16] "GET /jsi18n/ HTTP/1.1" 200 4753
[02/Jun/2018 22:59:25] "GET /InfoManage/rawmaterial/2/detail/?_format=html HTTP/1.1" 200 1648
[02/Jun/2018 23:00:06] "GET /InfoManage/orderformgoods/?_rel_of_name__id__exact=4 HTTP/1.1" 200 28985
[02/Jun/2018 23:04:28] "GET / HTTP/1.1" 200 4338
Not Found: /http:/www.baidu.com/cache/global/img/gs.gif
[03/Jun/2018 00:03:53] "GET http://www.baidu.com/cache/global/img/gs.gif HTTP/1.1" 404 1727
[03/Jun/2018 01:01:01] "GET / HTTP/1.0" 200 4338
Not Found: /GponForm/diag_Form
[03/Jun/2018 01:02:33] "POST /GponForm/diag_Form?images/ HTTP/1.1" 404 7934
[03/Jun/2018 01:13:34] "GET / HTTP/1.1" 200 4338
[03/Jun/2018 01:26:04] "GET / HTTP/1.1" 200 4338
[03/Jun/2018 01:26:05] "GET / HTTP/1.1" 200 4338
[03/Jun/2018 01:29:50] "GET / HTTP/1.1" 200 4338
[03/Jun/2018 01:38:18] "GET / HTTP/1.1" 200 4338
[03/Jun/2018 02:09:14] "GET / HTTP/1.1" 200 4338
[03/Jun/2018 02:14:43] "GET / HTTP/1.1" 200 4338
[03/Jun/2018 02:31:18] "GET / HTTP/1.1" 200 4338
[03/Jun/2018 02:31:18] "GET / HTTP/1.1" 200 4338
[03/Jun/2018 03:30:02] "GET / HTTP/1.0" 200 4338
[03/Jun/2018 04:18:02] "GET / HTTP/1.0" 200 4338
[03/Jun/2018 05:02:48] "GET / HTTP/1.1" 200 4338
[03/Jun/2018 06:35:20] "GET / HTTP/1.1" 200 4338
[03/Jun/2018 06:58:38] "GET / HTTP/1.1" 200 4338
Not Found: /http:/www.baidu.com/cache/global/img/gs.gif
[03/Jun/2018 07:19:32] "GET http://www.baidu.com/cache/global/img/gs.gif HTTP/1.1" 404 1727
[03/Jun/2018 07:31:10] "GET / HTTP/1.1" 200 4338
[03/Jun/2018 08:04:57] "GET / HTTP/1.1" 200 4338
[03/Jun/2018 08:07:46] "GET / HTTP/1.1" 200 4338
Not Found: /GponForm/diag_Form
[03/Jun/2018 08:10:48] "POST /GponForm/diag_Form?images/ HTTP/1.1" 404 7934
[03/Jun/2018 08:21:09] "GET / HTTP/1.1" 200 4338
[03/Jun/2018 08:35:20] "GET / HTTP/1.1" 200 4338
[03/Jun/2018 09:21:16] "GET /InfoManage/orderformgoods/add/ HTTP/1.1" 200 16163
[03/Jun/2018 09:21:16] "GET /static/xadmin/css/themes/bootstrap-xadmin.css HTTP/1.1" 304 0
[03/Jun/2018 09:21:16] "GET /static/xadmin/vendor/bootstrap/css/bootstrap.css HTTP/1.1" 304 0
[03/Jun/2018 09:21:16] "GET /static/xadmin/css/xadmin.plugins.css HTTP/1.1" 304 0
[03/Jun/2018 09:21:16] "GET /static/xadmin/css/xadmin.main.css HTTP/1.1" 304 0
[03/Jun/2018 09:21:16] "GET /static/xadmin/vendor/font-awesome/css/font-awesome.css HTTP/1.1" 304 0
[03/Jun/2018 09:21:16] "GET /static/xadmin/css/xadmin.responsive.css HTTP/1.1" 304 0
[03/Jun/2018 09:21:16] "GET /static/xadmin/vendor/select2/select2.css HTTP/1.1" 304 0
[03/Jun/2018 09:21:16] "GET /static/xadmin/vendor/selectize/selectize.bootstrap3.css HTTP/1.1" 304 0
[03/Jun/2018 09:21:16] "GET /static/xadmin/vendor/selectize/selectize.css HTTP/1.1" 304 0
[03/Jun/2018 09:21:16] "GET /static/xadmin/vendor/jquery/jquery.js HTTP/1.1" 304 0
[03/Jun/2018 09:21:16] "GET /static/xadmin/css/xadmin.form.css HTTP/1.1" 304 0
[03/Jun/2018 09:21:16] "GET /jsi18n/ HTTP/1.1" 200 4753
[03/Jun/2018 09:21:16] "GET /static/xadmin/vendor/jquery-ui/jquery.ui.core.js HTTP/1.1" 304 0
[03/Jun/2018 09:21:16] "GET /static/xadmin/vendor/jquery-ui/jquery.ui.widget.js HTTP/1.1" 304 0
[03/Jun/2018 09:21:16] "GET /static/xadmin/vendor/jquery-ui/jquery.ui.mouse.js HTTP/1.1" 304 0
[03/Jun/2018 09:21:16] "GET /static/xadmin/vendor/jquery-ui/jquery.ui.sortable.js HTTP/1.1" 304 0
[03/Jun/2018 09:21:16] "GET /static/xadmin/vendor/bootstrap/js/bootstrap.js HTTP/1.1" 304 0
[03/Jun/2018 09:21:16] "GET /static/xadmin/js/xadmin.main.js HTTP/1.1" 304 0
[03/Jun/2018 09:21:16] "GET /static/xadmin/js/xadmin.responsive.js HTTP/1.1" 304 0
[03/Jun/2018 09:21:16] "GET /static/xadmin/vendor/jquery-ui/jquery.ui.effect.js HTTP/1.1" 304 0
[03/Jun/2018 09:21:16] "GET /static/xadmin/vendor/selectize/selectize.js HTTP/1.1" 304 0
[03/Jun/2018 09:21:16] "GET /static/xadmin/vendor/select2/select2.js HTTP/1.1" 304 0
[03/Jun/2018 09:21:16] "GET /static/xadmin/js/xadmin.plugin.themes.js HTTP/1.1" 304 0
[03/Jun/2018 09:21:16] "GET /static/xadmin/vendor/select2/select2_locale_zh-hans.js HTTP/1.1" 304 0
[03/Jun/2018 09:21:16] "GET /static/xadmin/js/xadmin.widget.select.js HTTP/1.1" 304 0
[03/Jun/2018 09:21:16] "GET /static/xadmin/js/xadmin.page.form.js HTTP/1.1" 304 0
[03/Jun/2018 09:21:16] "GET /static/xadmin/js/xadmin.plugin.quick-form.js HTTP/1.1" 304 0
[03/Jun/2018 09:21:16] "GET /static/xadmin/js/xadmin.plugin.portal.js HTTP/1.1" 304 0
[03/Jun/2018 09:21:17] "GET /static/xadmin/vendor/bootstrap/fonts/glyphicons-halflings-regular.woff HTTP/1.1" 304 0
[03/Jun/2018 09:21:17] "GET /static/xadmin/vendor/font-awesome/fonts/fontawesome-webfont.woff?v=4.0.3 HTTP/1.1" 304 0
Not Found: /favicon.ico
[03/Jun/2018 09:21:17] "GET /favicon.ico HTTP/1.1" 404 7909
[03/Jun/2018 09:22:28] "GET / HTTP/1.1" 200 4338
[03/Jun/2018 10:09:49] "GET / HTTP/1.1" 200 4338
[03/Jun/2018 11:25:23] "GET / HTTP/1.1" 200 4338
[03/Jun/2018 13:47:15] "GET / HTTP/1.1" 200 4338
[03/Jun/2018 14:26:04] "GET / HTTP/1.1" 200 4338
[03/Jun/2018 14:51:39] "GET / HTTP/1.1" 200 4338
[03/Jun/2018 14:55:19] "GET / HTTP/1.1" 200 4338
Not Found: /http:/www.baidu.com/cache/global/img/gs.gif
[03/Jun/2018 16:46:33] "GET http://www.baidu.com/cache/global/img/gs.gif HTTP/1.1" 404 1727
[03/Jun/2018 16:51:04] "GET / HTTP/1.1" 200 4338
[03/Jun/2018 17:01:34] "GET / HTTP/1.1" 200 4338
[03/Jun/2018 17:07:09] "GET / HTTP/1.1" 200 4338
Not Found: /api.github.com:443
[03/Jun/2018 17:53:44] "CONNECT api.github.com:443 HTTP/1.1" 404 1659
[03/Jun/2018 17:56:48] "GET / HTTP/1.1" 200 4338
[03/Jun/2018 18:38:52] "GET / HTTP/1.1" 200 4338
[03/Jun/2018 18:41:59] "GET / HTTP/1.1" 200 4338
[03/Jun/2018 20:25:50] "GET / HTTP/1.1" 200 4338
Not Found: /GponForm/diag_Form
[03/Jun/2018 20:57:36] "POST /GponForm/diag_Form?images/ HTTP/1.1" 404 7934
[03/Jun/2018 21:05:30] "GET / HTTP/1.1" 200 4338
[03/Jun/2018 21:39:52] "GET / HTTP/1.0" 200 4338
Not Found: /http:/www.baidu.com/cache/global/img/gs.gif
[03/Jun/2018 22:16:16] "GET http://www.baidu.com/cache/global/img/gs.gif HTTP/1.1" 404 1727
[03/Jun/2018 23:41:46] "GET / HTTP/1.1" 200 4338
[04/Jun/2018 00:15:40] "GET / HTTP/1.1" 200 4338
[04/Jun/2018 00:23:09] "GET / HTTP/1.1" 200 4338
[04/Jun/2018 00:24:45] "GET / HTTP/1.1" 200 4338
Not Found: /hndUnblock.cgi
[04/Jun/2018 00:55:51] "GET /hndUnblock.cgi HTTP/1.1" 404 7913
Not Found: /tmUnblock.cgi
[04/Jun/2018 00:55:52] "GET /tmUnblock.cgi HTTP/1.1" 404 7910
Not Found: /moo
[04/Jun/2018 00:55:53] "GET /moo HTTP/1.1" 404 7880
[04/Jun/2018 00:55:54] "GET / HTTP/1.1" 200 4338
Not Found: /getcfg.php
[04/Jun/2018 00:55:55] "POST /getcfg.php HTTP/1.1" 404 7902
Not Found: /getcfg.php
[04/Jun/2018 00:55:56] "POST /getcfg.php HTTP/1.1" 404 7902
Not Found: /webfig/roteros.info
[04/Jun/2018 00:55:57] "GET /webfig/roteros.info HTTP/1.1" 404 7928
[04/Jun/2018 00:55:59] "GET / HTTP/1.1" 200 4338
[04/Jun/2018 00:57:14] "GET / HTTP/1.0" 200 4338
[04/Jun/2018 01:07:36] "GET / HTTP/1.1" 200 4338
[04/Jun/2018 01:56:53] "GET / HTTP/1.1" 200 4338
[04/Jun/2018 02:10:58] "GET / HTTP/1.1" 200 4338
Not Found: /http:/www.baidu.com/cache/global/img/gs.gif
[04/Jun/2018 02:11:08] "GET http://www.baidu.com/cache/global/img/gs.gif HTTP/1.1" 404 1727
[04/Jun/2018 02:27:34] "GET / HTTP/1.1" 200 4338
[04/Jun/2018 02:31:58] "GET / HTTP/1.0" 200 4338
[04/Jun/2018 02:33:50] "GET / HTTP/1.1" 200 4338
[04/Jun/2018 03:45:53] "GET / HTTP/1.1" 200 4338
[04/Jun/2018 04:09:13] "GET / HTTP/1.1" 200 4338
[04/Jun/2018 04:31:49] "GET / HTTP/1.1" 200 4338
[04/Jun/2018 04:46:55] "GET / HTTP/1.1" 200 4338
[04/Jun/2018 05:44:40] "GET / HTTP/1.1" 200 4338
[04/Jun/2018 05:57:14] "GET / HTTP/1.1" 200 4338
[04/Jun/2018 07:17:12] "GET / HTTP/1.1" 200 4338
[04/Jun/2018 07:50:08] "GET / HTTP/1.1" 200 4338
[04/Jun/2018 08:14:24] "GET / HTTP/1.1" 200 4338
[04/Jun/2018 08:38:05] "GET / HTTP/1.1" 200 4338
[04/Jun/2018 09:25:04] "GET / HTTP/1.1" 200 4338
[04/Jun/2018 10:23:53] "GET / HTTP/1.1" 200 4338
[04/Jun/2018 10:24:14] "GET / HTTP/1.1" 200 4338
[04/Jun/2018 10:40:19] "GET / HTTP/1.1" 200 4338
Not Found: /cgi-bin/login.cgi
[04/Jun/2018 10:40:20] "GET /cgi-bin/login.cgi HTTP/1.0" 404 7916
[04/Jun/2018 10:42:28] "GET / HTTP/1.1" 200 4338
[04/Jun/2018 10:44:13] "GET / HTTP/1.0" 200 4338
[04/Jun/2018 12:01:27] "GET / HTTP/1.1" 200 4338
[04/Jun/2018 12:01:33] "GET / HTTP/1.1" 200 4338
[04/Jun/2018 12:37:35] "GET / HTTP/1.1" 200 4338
Not Found: /GponForm/diag_Form
[04/Jun/2018 13:34:29] "POST /GponForm/diag_Form?images/ HTTP/1.1" 404 7934
[04/Jun/2018 16:28:37] "GET / HTTP/1.1" 200 4338
Not Found: /GponForm/diag_Form
[04/Jun/2018 17:11:49] "POST /GponForm/diag_Form?images/ HTTP/1.1" 404 7934
[04/Jun/2018 17:23:21] "GET / HTTP/1.1" 200 4338
[04/Jun/2018 17:24:09] "GET / HTTP/1.1" 200 4338
[04/Jun/2018 17:53:34] "GET / HTTP/1.0" 200 4338
[04/Jun/2018 18:58:58] "GET / HTTP/1.1" 200 4338
[04/Jun/2018 19:09:32] "GET / HTTP/1.1" 200 4338
[04/Jun/2018 19:21:19] "GET / HTTP/1.1" 200 4338
Not Found: /http:/www.baidu.com/cache/global/img/gs.gif
[04/Jun/2018 19:41:48] "GET http://www.baidu.com/cache/global/img/gs.gif HTTP/1.1" 404 1727
Not Found: /http:/www.baidu.com/cache/global/img/gs.gif
[04/Jun/2018 20:39:26] "GET http://www.baidu.com/cache/global/img/gs.gif HTTP/1.1" 404 1727
[04/Jun/2018 20:43:37] "GET / HTTP/1.1" 200 4338
[04/Jun/2018 20:53:37] "GET / HTTP/1.1" 200 4338
[04/Jun/2018 20:54:14] "GET / HTTP/1.1" 200 4338
[04/Jun/2018 21:13:10] "GET / HTTP/1.1" 200 4338
[04/Jun/2018 21:49:07] "GET / HTTP/1.1" 200 4338
Not Found: /GponForm/diag_Form
[04/Jun/2018 21:49:09] "POST /GponForm/diag_Form?images/ HTTP/1.1" 404 7939
[04/Jun/2018 21:50:48] "GET / HTTP/1.1" 200 4338
[04/Jun/2018 21:50:48] "GET / HTTP/1.1" 200 4338
[04/Jun/2018 22:10:59] "GET / HTTP/1.1" 200 4338
Not Found: /www.baidu.com:443
[04/Jun/2018 22:16:14] "CONNECT www.baidu.com:443 HTTP/1.1" 404 1655
[04/Jun/2018 23:31:31] "GET / HTTP/1.1" 200 4338
[04/Jun/2018 23:32:40] "GET / HTTP/1.1" 200 4338
----------------------------------------
Exception happened during processing of request from ('194.28.115.242', 46436)
Traceback (most recent call last):
  File "/usr/local/lib/python3.6/socketserver.py", line 639, in process_request_thread
    self.finish_request(request, client_address)
  File "/usr/local/lib/python3.6/socketserver.py", line 361, in finish_request
    self.RequestHandlerClass(request, client_address, self)
  File "/usr/local/lib/python3.6/socketserver.py", line 696, in __init__
    self.handle()
  File "/root/lmz/venv/lib/python3.6/site-packages/django/core/servers/basehttp.py", line 140, in handle
    self.raw_requestline = self.rfile.readline(65537)
  File "/usr/local/lib/python3.6/socket.py", line 586, in readinto
    return self._sock.recv_into(b)
ConnectionResetError: [Errno 104] Connection reset by peer
----------------------------------------
[04/Jun/2018 23:40:05] code 400, message Bad HTTP/0.9 request type ('\x03\x00\x00*%à\x00\x00\x00\x00\x00Cookie:')
[04/Jun/2018 23:40:05] "  *%à     Cookie: mstshash=Test" 400 -
[04/Jun/2018 23:40:13] code 400, message Bad HTTP/0.9 request type ('\x03\x00\x00*%à\x00\x00\x00\x00\x00Cookie:')
[04/Jun/2018 23:40:13] "  *%à     Cookie: mstshash=Test" 400 -
[05/Jun/2018 00:21:27] "GET / HTTP/1.1" 200 4338
[05/Jun/2018 00:39:20] "GET / HTTP/1.1" 200 4338
[05/Jun/2018 01:00:59] "GET / HTTP/1.1" 200 4338
[05/Jun/2018 01:04:42] "GET / HTTP/1.0" 200 4338
[05/Jun/2018 01:07:37] "GET / HTTP/1.1" 200 4338
[05/Jun/2018 01:23:21] "GET / HTTP/1.0" 200 4338
[05/Jun/2018 01:26:44] "GET / HTTP/1.1" 200 4338
[05/Jun/2018 02:44:16] "GET / HTTP/1.1" 200 4338
Not Found: /http:/www.qq.com/404/search_children.js
[05/Jun/2018 03:35:16] "GET http://www.qq.com/404/search_children.js HTTP/1.1" 404 1712
[05/Jun/2018 03:35:21] code 400, message Bad request syntax ('\x04\x01\x00PpTi4\x00')
[05/Jun/2018 03:35:21] " PpTi4 " 400 -
[05/Jun/2018 03:35:21] code 400, message Bad request syntax ('\x05\x01\x00')
[05/Jun/2018 03:35:21] " " 400 -
[05/Jun/2018 03:42:45] "GET / HTTP/1.0" 200 4338
[05/Jun/2018 03:45:11] "GET / HTTP/1.1" 200 4338
[05/Jun/2018 04:54:00] "GET / HTTP/1.1" 200 4338
Not Found: /GponForm/diag_Form
[05/Jun/2018 04:59:45] "POST /GponForm/diag_Form?images/ HTTP/1.1" 404 7934
[05/Jun/2018 05:25:37] "GET / HTTP/1.1" 200 4338
[05/Jun/2018 05:49:14] "GET / HTTP/1.1" 200 4338
Not Found: /http:/www.baidu.com/cache/global/img/gs.gif
[05/Jun/2018 05:56:00] "GET http://www.baidu.com/cache/global/img/gs.gif HTTP/1.1" 404 1727
Not Found: /GponForm/diag_Form
[05/Jun/2018 06:08:48] "POST /GponForm/diag_Form?images/ HTTP/1.1" 404 7934
Not Found: /winbox.png
[05/Jun/2018 06:16:46] "GET /winbox.png HTTP/1.1" 404 7906
[05/Jun/2018 06:30:56] "GET / HTTP/1.1" 200 4338
[05/Jun/2018 07:54:12] "GET / HTTP/1.1" 200 4338
Performing system checks...

System check identified no issues (0 silenced).

You have 1 unapplied migration(s). Your project may not work properly until you apply the migrations for app(s): InfoManage.
Run 'python manage.py migrate' to apply them.
May 31, 2018 - 16:54:55
Django version 1.11.7, using settings 'erp.settings'
Starting development server at http://0.0.0.0:8080/
Quit the server with CONTROL-C.
('delivery', 'receipt_status', 'storage_time', 'total_price')
('delivery', 'receipt_status', 'storage_time', 'total_price')
('delivery', 'receipt_status', 'storage_time', 'total_price')
('delivery', 'receipt_status', 'storage_time', 'total_price')
('delivery', 'receipt_status', 'storage_time', 'total_price')
('delivery', 'receipt_status', 'storage_time', 'total_price')
('delivery', 'receipt_status', 'storage_time', 'created', 'payment_status', 'total_price', 'executor', 'is_finish')
('delivery', 'receipt_status', 'storage_time', 'created', 'payment_status', 'total_price', 'executor', 'is_finish')
('delivery', 'receipt_status', 'storage_time', 'created', 'payment_status', 'total_price', 'executor', 'is_finish')
{'instance': <OrderFormGoods: 原材料2>}
('delivery', 'receipt_status', 'storage_time', 'created', 'payment_status', 'total_price', 'executor', 'is_finish')
('delivery', 'receipt_status', 'storage_time', 'created', 'payment_status', 'total_price', 'executor', 'is_finish')
('delivery', 'receipt_status', 'storage_time', 'created', 'payment_status', 'total_price', 'executor', 'is_finish')
{'initial': {}}
█[05/Jun/2018 08:45:39] "GET / HTTP/1.1" 200 4338
[05/Jun/2018 08:45:39] "GET /static/xadmin/vendor/bootstrap/css/bootstrap.css HTTP/1.1" 304 0
[05/Jun/2018 08:45:39] "GET /static/xadmin/css/themes/bootstrap-xadmin.css HTTP/1.1" 304 0
[05/Jun/2018 08:45:39] "GET /static/xadmin/vendor/font-awesome/css/font-awesome.css HTTP/1.1" 304 0
[05/Jun/2018 08:45:40] "GET /static/xadmin/css/xadmin.main.css HTTP/1.1" 304 0
[05/Jun/2018 08:45:40] "GET /static/xadmin/css/xadmin.plugins.css HTTP/1.1" 304 0
[05/Jun/2018 08:45:40] "GET /static/xadmin/css/xadmin.responsive.css HTTP/1.1" 304 0
[05/Jun/2018 08:45:40] "GET / HTTP/1.1" 200 4338
[05/Jun/2018 08:45:40] "GET /static/xadmin/vendor/jquery/jquery.js HTTP/1.1" 304 0
[05/Jun/2018 08:45:40] "GET /jsi18n/ HTTP/1.1" 200 4345
[05/Jun/2018 08:45:40] "GET /static/xadmin/vendor/jquery-ui/jquery.ui.core.js HTTP/1.1" 304 0
[05/Jun/2018 08:45:40] "GET /static/xadmin/vendor/jquery-ui/jquery.ui.widget.js HTTP/1.1" 304 0
[05/Jun/2018 08:45:40] "GET /static/xadmin/vendor/bootstrap/js/bootstrap.js HTTP/1.1" 304 0
[05/Jun/2018 08:45:40] "GET /static/xadmin/vendor/jquery-ui/jquery.ui.mouse.js HTTP/1.1" 304 0
[05/Jun/2018 08:45:40] "GET /static/xadmin/js/xadmin.responsive.js HTTP/1.1" 304 0
[05/Jun/2018 08:45:40] "GET /static/xadmin/vendor/jquery-ui/jquery.ui.sortable.js HTTP/1.1" 304 0
[05/Jun/2018 08:45:40] "GET /static/xadmin/js/xadmin.main.js HTTP/1.1" 304 0
[05/Jun/2018 08:45:40] "GET /static/xadmin/vendor/jquery-ui/jquery.ui.effect.js HTTP/1.1" 304 0
[05/Jun/2018 08:45:40] "GET /static/xadmin/js/xadmin.plugin.themes.js HTTP/1.1" 304 0
[05/Jun/2018 08:45:40] "GET /jsi18n/ HTTP/1.1" 200 4345
[05/Jun/2018 08:45:40] "GET /static/xadmin/vendor/font-awesome/fonts/fontawesome-webfont.woff?v=4.0.3 HTTP/1.1" 304 0
Not Found: /favicon.ico
[05/Jun/2018 08:45:40] "GET /favicon.ico HTTP/1.1" 404 7909
[05/Jun/2018 08:45:46] "POST / HTTP/1.1" 302 0
[05/Jun/2018 08:45:47] "GET / HTTP/1.1" 200 13642
[05/Jun/2018 08:45:47] "GET /jsi18n/ HTTP/1.1" 200 4753
[05/Jun/2018 08:45:47] "GET /static/xadmin/css/xadmin.page.dashboard.css HTTP/1.1" 304 0
[05/Jun/2018 08:45:47] "GET /static/xadmin/js/xadmin.plugin.portal.js HTTP/1.1" 304 0
[05/Jun/2018 08:45:47] "GET /static/xadmin/js/xadmin.page.dashboard.js HTTP/1.1" 304 0
[05/Jun/2018 08:45:47] "GET /static/xadmin/vendor/bootstrap/fonts/glyphicons-halflings-regular.woff HTTP/1.1" 304 0
[05/Jun/2018 08:45:50] "GET /InfoManage/saleformproduct/ HTTP/1.1" 200 37045
[05/Jun/2018 08:45:50] "GET /static/xadmin/css/xadmin.form.css HTTP/1.1" 304 0
[05/Jun/2018 08:45:50] "GET /jsi18n/ HTTP/1.1" 200 4753
[05/Jun/2018 08:45:50] "GET /static/xadmin/js/xadmin.plugin.filters.js HTTP/1.1" 304 0
[05/Jun/2018 08:45:50] "GET /static/xadmin/js/xadmin.plugin.details.js HTTP/1.1" 304 0
[05/Jun/2018 08:45:50] "GET /static/xadmin/js/xadmin.plugin.bookmark.js HTTP/1.1" 304 0
[05/Jun/2018 08:45:50] "GET /static/xadmin/js/xadmin.plugin.actions.js HTTP/1.1" 304 0
[05/Jun/2018 08:45:50] "GET /static/xadmin/js/xadmin.page.list.js HTTP/1.1" 304 0
[05/Jun/2018 08:45:50] "GET /static/xadmin/js/xadmin.page.form.js HTTP/1.1" 304 0
[05/Jun/2018 08:45:55] "GET /InfoManage/saleform/ HTTP/1.1" 200 60635
[05/Jun/2018 08:45:55] "GET /static/xadmin/vendor/bootstrap-datepicker/css/datepicker.css HTTP/1.1" 304 0
[05/Jun/2018 08:45:55] "GET /static/xadmin/vendor/select2/select2.css HTTP/1.1" 304 0
[05/Jun/2018 08:45:55] "GET /static/xadmin/vendor/selectize/selectize.css HTTP/1.1" 304 0
[05/Jun/2018 08:45:55] "GET /static/xadmin/vendor/selectize/selectize.bootstrap3.css HTTP/1.1" 304 0
[05/Jun/2018 08:45:55] "GET /jsi18n/ HTTP/1.1" 200 4753
[05/Jun/2018 08:45:55] "GET /static/xadmin/vendor/flot/jquery.flot.js HTTP/1.1" 304 0
[05/Jun/2018 08:45:55] "GET /static/xadmin/vendor/flot/jquery.flot.pie.js HTTP/1.1" 304 0
[05/Jun/2018 08:45:55] "GET /static/xadmin/vendor/flot/jquery.flot.time.js HTTP/1.1" 304 0
[05/Jun/2018 08:45:55] "GET /static/xadmin/vendor/flot/jquery.flot.aggregate.js HTTP/1.1" 304 0
[05/Jun/2018 08:45:55] "GET /static/xadmin/vendor/flot/jquery.flot.resize.js HTTP/1.1" 304 0
[05/Jun/2018 08:45:55] "GET /static/xadmin/vendor/flot/jquery.flot.categories.js HTTP/1.1" 304 0
[05/Jun/2018 08:45:55] "GET /static/xadmin/js/xadmin.plugin.charts.js HTTP/1.1" 304 0
[05/Jun/2018 08:45:55] "GET /static/xadmin/js/xadmin.widget.datetime.js HTTP/1.1" 304 0
[05/Jun/2018 08:45:55] "GET /static/xadmin/vendor/bootstrap-datepicker/js/bootstrap-datepicker.js HTTP/1.1" 304 0
[05/Jun/2018 08:45:55] "GET /static/xadmin/vendor/select2/select2_locale_zh-hans.js HTTP/1.1" 304 0
[05/Jun/2018 08:45:55] "GET /static/xadmin/vendor/selectize/selectize.js HTTP/1.1" 304 0
[05/Jun/2018 08:45:55] "GET /static/xadmin/vendor/select2/select2.js HTTP/1.1" 304 0
[05/Jun/2018 08:45:55] "GET /static/xadmin/js/xadmin.widget.select.js HTTP/1.1" 304 0
[05/Jun/2018 08:45:55] "GET /InfoManage/saleform/chart/user_count/? HTTP/1.1" 200 291
Performing system checks...

System check identified no issues (0 silenced).

You have 1 unapplied migration(s). Your project may not work properly until you apply the migrations for app(s): InfoManage.
Run 'python manage.py migrate' to apply them.
June 05, 2018 - 08:45:33
Django version 1.11.7, using settings 'erp.settings'
Starting development server at http://0.0.0.0:8080/
Quit the server with CONTROL-C.
█[05/Jun/2018 08:47:15] "GET /InfoManage/saleform/ HTTP/1.1" 200 4358
[05/Jun/2018 08:47:15] "GET /jsi18n/ HTTP/1.1" 200 4345
[05/Jun/2018 08:47:16] "POST /InfoManage/saleform/ HTTP/1.1" 302 0
[05/Jun/2018 08:47:17] "GET /InfoManage/saleform/ HTTP/1.1" 200 60635
[05/Jun/2018 08:47:17] "GET /jsi18n/ HTTP/1.1" 200 4753
[05/Jun/2018 08:47:18] "GET /InfoManage/saleform/chart/user_count/? HTTP/1.1" 200 355
[05/Jun/2018 08:47:33] "GET /InfoManage/saleform/?all= HTTP/1.1" 200 67092
[05/Jun/2018 08:47:34] "GET /jsi18n/ HTTP/1.1" 200 4753
[05/Jun/2018 08:47:34] "GET /InfoManage/saleform/chart/user_count/?all= HTTP/1.1" 200 427
Performing system checks...

System check identified no issues (0 silenced).

You have 1 unapplied migration(s). Your project may not work properly until you apply the migrations for app(s): InfoManage.
Run 'python manage.py migrate' to apply them.
June 05, 2018 - 08:47:14
Django version 1.11.7, using settings 'erp.settings'
Starting development server at http://0.0.0.0:8080/
Quit the server with CONTROL-C.
█Getting uuid of QR code.
Downloading QR code.
                                                  ██████████████████████████████████████████████████████████████████████████████
██              ████    ██      ██████  ██████████  ██  ██████              ██
██  ██████████  ████  ██  ████████████████      ████  ████████  ██████████  ██
██  ██      ██  ██          ██      ██        ██████  ██    ██  ██      ██  ██
██  ██      ██  ██  ██  ████      ██  ██████  ██████        ██  ██      ██  ██
██  ██      ██  ████  ████  ██  ██  ██  ████████  ██    ██████  ██      ██  ██
██  ██████████  ██████      ████  ██  ████    ██  ████  ██████  ██████████  ██
██              ██  ██  ██  ██  ██  ██  ██  ██  ██  ██  ██  ██              ██
████████████████████  ██  ████      ████        ██    ██    ██████████████████
████████    ██    ██    ████    ████████████      ██████████████████    ██████
████████  ██  ██    ██████████████  ██████            ██      ████  ████  ████
████  ██    ██  ██    ██    ██    ██  ██████          ██        ██  ██████  ██
████      ██████  ████    ██  ██  ██      ██  ██    ██  ██      ██      ██  ██
██  ██    ██          ██  ████████    ██    ██████  ████    ██    ██  ██    ██
████████████████    ████      ██            ██  ██  ██        ████  ██  ██████
██████  ██  ██    ██████  ████        ████    ██      ██  ██    ██          ██
██  ██    ████████    ████  ██████  ██  ██  ██  ████████  ██  ████        ████
██████    ██      ████████      ████████████    ████  ████  ██    ████  ██  ██
██        ██  ██  ██  ████        ██████████  ██      ██  ██  ██  ██████  ████
████    ██  ██    ██  ██    ██    ██    ██  ██████  ████  ██████  ████  ██  ██
██  ████  ████████    ██  ████    ██        ██  ██    ██████  ██████  ████████
██    ██  ██    ██      ██    ██    ████  ██  ██    ██  ██      ██    ████████
████  ██████████  ██    ████████    ██████    ████          ████    ██  ██████
██  ██  ██  ██        ██████████  ██████    ██  ██  ████  ██    ██  ██████  ██
████          ██  ██  ██  ██████    ████  ██  ██    ██      ████  ████  ██████
████      ██      ████████  ██  ██  ██  ██    ██████    ██  ██    ██  ████████
██  ████    ██████  ██    ████        ██        ██  ██  ██    ████  ██    ████
██    ████████    ██  ██████  ██  ████      ██  ████        ██  ████  ██    ██
██  ████      ██████  ████  ████████    ████    ██  ██  ██    ████      ██████
██  ██              ██    ████  ██    ██    ██    ██  ██              ████████
██████████████████          ████████  ██████  ██  ██  ████  ██████        ████
██              ██  ████    ██    ██████████████    ██████  ██  ██      ██  ██
██  ██████████  ████  ██████    ████    ████  ██        ██  ██████    ██  ████
██  ██      ██  ██      ██      ██  ██  ██  ████    ████            ████  ████
██  ██      ██  ██  ██    ██████████  ██████  ██████        ██  ████  ████████
██  ██      ██  ████  ██████    ██    ████████████    ████  ████            ██
██  ██████████  ██████  ████    ██████    ██    ██████  ██████  ██  ██      ██
██              ████  ██    ██████    ██      ██████  ████  ██  ████  ████  ██
██████████████████████████████████████████████████████████████████████████████
Please scan the QR code to log in.
Please press confirm on your phone.
Log in time out, reloading QR code.
Getting uuid of QR code.
Downloading QR code.
                                                  ██████████████████████████████████████████████████████████████████████████████
██              ██████████            ████          ██      ██              ██
██  ██████████  ██    ████      ██████████████  ████  ████████  ██████████  ██
██  ██      ██  ████          ██      ██  ████      ████    ██  ██      ██  ██
██  ██      ██  ████    ████  ████████    ██  ██      ████  ██  ██      ██  ██
██  ██      ██  ██████████  ██              ██  ██████    ████  ██      ██  ██
██  ██████████  ██  ████████████    ████      ██████  ████  ██  ██████████  ██
██              ██  ██  ██  ██  ██  ██  ██  ██  ██  ██  ██  ██              ██
██████████████████  ██        ██████    ██████    ████  ██████████████████████
██████████        ██████  ██████  ██████    ████  ████      ██    ██████  ████
████████      ████  ██  ████  ██████  ██      ████  ████  ████████  ████  ████
██    ██████    ████      ██████    ██  ██    ████        ██  ██████    ██████
██    ██    ████  ██  ██      ██    ██    ████████████  ████  ██  ████  ██████
██  ██  ██████        ██████████    ████          ██████████      ██  ████  ██
██████  ████  ██    ████      ██      ██    ██  ██████        ████  ██  ██████
██        ██    ██████  ██      ████          ██████████  ██████        ██████
██████████  ████████  ██  ████  ████  ██████    ██████  ██████  ██████  ██  ██
████    ██      ██    ██    ██    ████      ██  ████████        ████        ██
████████    ████      ████    ██          ████  ██  ██      ██████  ██  ██████
████  ████  ██    ██  ████████    ██  ████      ████      ████  ██  ██  ██████
██████  ██    ████████  ██  ██████  ████  ██      ████      ██      ██      ██
██      ██        ██████  ████████████████    ██      ██  ██    ██████  ██████
██  ██████  ████████  ██████  ██  ████████  ██████  ██    ████████  ████    ██
██  ██████████    ██      ████      ██  ████    ██████      ██  ██████  ██████
██  ██  ██    ██████████  ████  ██  ██  ██████    ████  ██        ██    ██  ██
████        ██  ████        ████  ██    ██        ██        ██      ██  ██  ██
██  ██  ██  ██████  ██    ██████████████        ██  ██        ████  ██    ████
██████      ██  ██████      ██████      ██  ██      ██    ██  ██  ████  ██████
██████████  ██████    ██  ████  ██      ██  ██    ██████    ██  ██  ██      ██
██    ██    ██  ██    ██████    ██████████      ████████            ██    ████
██████████████████    ████        ██  ██        ██████  ██  ██████    ████████
██              ██  ██    ██  ██            ████        ██  ██  ██      ██████
██  ██████████  ██  ████    ████  ████      ██  ████████    ██████  ██  ██  ██
██  ██      ██  ██    ████    ██  ██    ██      ██  ██  ██                ████
██  ██      ██  ██████  ██    ████        ████  ████      ████    ██    ██████
██  ██      ██  ████      ████  ████            ██████████████    ██  ██  ████
██  ██████████  ████    ████████  ████████  ██████  ██    ████████        ████
██              ██████  ████  ██  ██████  ██████    ████  ██    ██████      ██
██████████████████████████████████████████████████████████████████████████████
Please scan the QR code to log in.
Please press confirm on your phone.
Log in time out, reloading QR code.
Getting uuid of QR code.
Downloading QR code.
                                                  ██████████████████████████████████████████████████████████████████████████████
██              ████  ██████    ██████████    ████  ██  ██████              ██
██  ██████████  ████  ██    ██████████████  ██  ████  ████████  ██████████  ██
██  ██      ██  ██      ██  ████    ██    ██████████  ██    ██  ██      ██  ██
██  ██      ██  ██  ██  ██    ██  ██  ████  ██  ████        ██  ██      ██  ██
██  ██      ██  ████  ██████    ██  ██    ██      ██    ██████  ██      ██  ██
██  ██████████  ██████  ██        ██  ████  ████  ████  ██████  ██████████  ██
██              ██  ██  ██  ██  ██  ██  ██  ██  ██  ██  ██  ██              ██
████████████████████  ████  ██      ██████      ██    ██    ██████████████████
████████    ██    ██      ██████████████  ████      ████████████████    ██████
████    ██    ██      ████████████    ████    ██  ██  ██              ██  ████
████  ██  ████  ██  ██      ██  ██    ██████          ██        ██████  ██  ██
████          ██  ██      ██  ██    ████  ██  ██    ██  ██        ██    ██  ██
██  ████    ██      ██    ██████      ██    ██████  ████    ██    ████      ██
████████  ██  ██    ██        ██            ██    ████        ████  ██  ██████
██████    ██      ██  ██  ████  ██  ██  ██    ██████  ██  ██    ██          ██
██  ████    ██████  ██  ██  ██████  ██████  ██  ██  ████  ██  ████        ████
██████    ████    ████████      ████████████    ████  ████  ██    ████  ██  ██
████      ██  ██      ████        ████  ██  ████      ██  ██  ██  ██████  ████
████    ██  ██        ██████      ██      ██    ██  ████  ██████  ████  ██  ██
████  ██  ████████    ████        ██    ██████  ██    ██████  ██████  ████████
██    ██  ██    ██      ██          ██████████      ██  ██      ██    ████████
████  ██████████  ██    ████        ██████████  ██    ██    ████    ██      ██
██  ██  ██  ██    ██  ██    ██    ██████  ████████  ████  ██    ██  ██████  ██
██  ██        ██      ████  ██      ██████  ██      ██      ████  ████      ██
████    ████    ████████        ██  ██  ██  ██  ████    ██████        ██  ████
██        ████████  ██    ████████    ██        ██  ██  ██      ██    ██  ████
██      ██████    ██    ████  ████    ██    ██  ████        ██  ██  ████    ██
██  ██        ██████  ████  ██████████  ████    ██  ██  ██    ██        ██████
██  ██  ██          ██    ████              ██    ██  ██                ██████
██████████████████    ██    ████████████████  ████    ████  ██████        ████
██              ██          ██    ██  ██████████    ██████  ██  ██      ██  ██
██  ██████████  ██████  ████    ██    ██████  ██        ██  ██████    ██  ████
██  ██      ██  ██  ██  ████    ██  ██  ██  ██████  ████            ████  ████
██  ██      ██  ██  ██  ██    ██████          ████████      ██  ████  ████████
██  ██      ██  ████  ██████  ████    ████      ██    ████  ████            ██
██  ██████████  ██████  ████    ██████  ██  ██████████  ██████  ██  ██      ██
██              ████  ██  ████  ██    ████      ██  ██████  ██  ████  ████  ██
██████████████████████████████████████████████████████████████████████████████
Please scan the QR code to log in.
Please press confirm on your phone.
Loading the contact, this may take a little while.
[3;J[H[2JLogin successfully as 李明志
[05/Jun/2018 08:50:34] "GET /InfoManage/predictdata/ HTTP/1.1" 200 4361
[05/Jun/2018 08:50:34] "GET /jsi18n/ HTTP/1.1" 200 4345
[05/Jun/2018 08:50:36] "POST /InfoManage/predictdata/ HTTP/1.1" 302 0
[05/Jun/2018 08:50:37] "GET /InfoManage/predictdata/ HTTP/1.1" 200 37456
[05/Jun/2018 08:50:38] "GET /jsi18n/ HTTP/1.1" 200 4753
[05/Jun/2018 08:50:38] "GET /predict HTTP/1.1" 200 150
[05/Jun/2018 08:51:39] "GET /InfoManage/predictdata/ HTTP/1.1" 200 37469
[05/Jun/2018 08:51:39] "GET /jsi18n/ HTTP/1.1" 200 4753
[05/Jun/2018 08:51:39] "GET /predict HTTP/1.1" 200 150
[05/Jun/2018 08:51:54] "GET /InfoManage/predictdata/ HTTP/1.1" 200 37469
[05/Jun/2018 08:51:55] "GET /InfoManage/predictdata/ HTTP/1.1" 200 37469
[05/Jun/2018 09:19:00] "GET /logout/ HTTP/1.1" 302 0
[05/Jun/2018 09:19:00] "GET / HTTP/1.1" 200 4338
[05/Jun/2018 09:19:00] "GET /jsi18n/ HTTP/1.1" 200 4345
[05/Jun/2018 09:19:07] "POST / HTTP/1.1" 302 0
[05/Jun/2018 09:19:08] "GET / HTTP/1.1" 200 22593
[05/Jun/2018 09:19:08] "GET /jsi18n/ HTTP/1.1" 200 4753
[05/Jun/2018 09:20:02] "GET /jsi18n/ HTTP/1.1" 200 4753
[05/Jun/2018 09:20:02] "GET /auth/permission/ HTTP/1.1" 200 96003
[05/Jun/2018 09:20:05] "GET /users/user/ HTTP/1.1" 200 74308
[05/Jun/2018 09:20:05] "GET /jsi18n/ HTTP/1.1" 200 4753
[05/Jun/2018 09:20:17] "GET /users/user/2/update/ HTTP/1.1" 200 40286
[05/Jun/2018 09:20:17] "GET /static/xadmin/vendor/bootstrap-clockpicker/bootstrap-clockpicker.css HTTP/1.1" 304 0
[05/Jun/2018 09:20:17] "GET /static/xadmin/css/xadmin.widget.select-transfer.css HTTP/1.1" 304 0
[05/Jun/2018 09:20:17] "GET /jsi18n/ HTTP/1.1" 200 4753
[05/Jun/2018 09:20:17] "GET /static/xadmin/vendor/bootstrap-clockpicker/bootstrap-clockpicker.js HTTP/1.1" 304 0
[05/Jun/2018 09:20:17] "GET /static/xadmin/js/xadmin.widget.select-transfer.js HTTP/1.1" 304 0
[05/Jun/2018 09:20:17] "GET /static/xadmin/js/xadmin.plugin.quick-form.js HTTP/1.1" 304 0
[05/Jun/2018 09:20:31] "GET /users/user/ HTTP/1.1" 200 74308
[05/Jun/2018 09:20:31] "GET /jsi18n/ HTTP/1.1" 200 4753
[05/Jun/2018 09:20:41] "GET /users/user/2/update/ HTTP/1.1" 200 40286
[05/Jun/2018 09:20:41] "GET /jsi18n/ HTTP/1.1" 200 4753
[05/Jun/2018 09:23:44] "GET /InfoManage/halfproduct/ HTTP/1.1" 200 46430
[05/Jun/2018 09:23:44] "GET /jsi18n/ HTTP/1.1" 200 4753
[05/Jun/2018 09:23:55] "GET /InfoManage/assemblyline/ HTTP/1.1" 200 40055
[05/Jun/2018 09:23:55] "GET /jsi18n/ HTTP/1.1" 200 4753
[05/Jun/2018 09:23:58] "GET /InfoManage/produceform/ HTTP/1.1" 200 65360
[05/Jun/2018 09:23:58] "GET /jsi18n/ HTTP/1.1" 200 4753
[05/Jun/2018 09:24:01] "GET /InfoManage/produceform/add/ HTTP/1.1" 200 31171
[05/Jun/2018 09:24:01] "GET /jsi18n/ HTTP/1.1" 200 4753
[05/Jun/2018 09:24:53] "GET /InfoManage/assemblyline/ HTTP/1.1" 200 40055
[05/Jun/2018 09:24:53] "GET /jsi18n/ HTTP/1.1" 200 4753
[05/Jun/2018 09:25:12] "GET /InfoManage/rawmaterial/ HTTP/1.1" 200 54073
[05/Jun/2018 09:25:12] "GET /jsi18n/ HTTP/1.1" 200 4753
[05/Jun/2018 09:25:15] "GET /InfoManage/stordetail/ HTTP/1.1" 200 44786
[05/Jun/2018 09:25:15] "GET /jsi18n/ HTTP/1.1" 200 4753
[05/Jun/2018 09:25:42] "GET /logout/ HTTP/1.1" 302 0
[05/Jun/2018 09:25:42] "GET / HTTP/1.1" 200 4338
[05/Jun/2018 09:25:42] "GET /jsi18n/ HTTP/1.1" 200 4345
[05/Jun/2018 09:25:45] "POST / HTTP/1.1" 302 0
[05/Jun/2018 09:25:46] "GET / HTTP/1.1" 200 11512
[05/Jun/2018 09:25:46] "GET /jsi18n/ HTTP/1.1" 200 4753
[05/Jun/2018 09:28:25] "GET / HTTP/1.1" 200 4338
[05/Jun/2018 09:28:29] "GET / HTTP/1.1" 200 4338
[05/Jun/2018 10:12:16] "GET / HTTP/1.1" 200 11512
Performing system checks...

System check identified no issues (0 silenced).

You have 1 unapplied migration(s). Your project may not work properly until you apply the migrations for app(s): InfoManage.
Run 'python manage.py migrate' to apply them.
June 05, 2018 - 08:49:38
Django version 1.11.7, using settings 'erp.settings'
Starting development server at http://0.0.0.0:8080/
Quit the server with CONTROL-C.
█[05/Jun/2018 10:45:16] "GET / HTTP/1.1" 200 4338
Not Found: /GponForm/diag_Form
[05/Jun/2018 11:12:39] "POST /GponForm/diag_Form?images/ HTTP/1.1" 404 7934
[05/Jun/2018 11:27:56] "GET / HTTP/1.1" 200 4338
[05/Jun/2018 11:46:13] "GET / HTTP/1.1" 200 4338
[05/Jun/2018 12:57:51] "GET / HTTP/1.1" 200 4338
[05/Jun/2018 14:25:25] "GET / HTTP/1.1" 200 4338
Not Found: /http:/www.baidu.com/cache/global/img/gs.gif
[05/Jun/2018 15:14:02] "GET http://www.baidu.com/cache/global/img/gs.gif HTTP/1.1" 404 1727
[05/Jun/2018 15:40:52] "GET / HTTP/1.1" 200 4338
[05/Jun/2018 15:40:52] "GET /jsi18n/ HTTP/1.1" 200 4345
Not Found: /favicon.ico
[05/Jun/2018 15:40:52] "GET /favicon.ico HTTP/1.1" 404 7909
[05/Jun/2018 15:41:45] "POST / HTTP/1.1" 302 0
[05/Jun/2018 15:41:46] "GET / HTTP/1.1" 200 11512
[05/Jun/2018 15:41:46] "GET /jsi18n/ HTTP/1.1" 200 4753
[05/Jun/2018 17:06:28] "GET / HTTP/1.1" 200 4338
Not Found: /http:/www.baidu.com/cache/global/img/gs.gif
[05/Jun/2018 17:47:18] "GET http://www.baidu.com/cache/global/img/gs.gif HTTP/1.1" 404 1727
[05/Jun/2018 18:08:53] "GET / HTTP/1.0" 200 4338
[05/Jun/2018 19:07:26] "GET / HTTP/1.1" 200 4338
[05/Jun/2018 19:41:41] "GET / HTTP/1.1" 200 4338
Not Found: /http:/www.baidu.com/cache/global/img/gs.gif
[05/Jun/2018 19:46:26] "GET http://www.baidu.com/cache/global/img/gs.gif HTTP/1.1" 404 1727
[05/Jun/2018 19:49:15] "GET /logout/ HTTP/1.1" 302 0
[05/Jun/2018 19:49:16] "GET / HTTP/1.1" 200 4338
[05/Jun/2018 19:49:16] "GET /jsi18n/ HTTP/1.1" 200 4345
[05/Jun/2018 19:49:19] "POST / HTTP/1.1" 302 0
[05/Jun/2018 19:49:19] "GET / HTTP/1.1" 200 22593
[05/Jun/2018 19:49:19] "GET /jsi18n/ HTTP/1.1" 200 4753
[05/Jun/2018 19:49:22] "GET /users/user/ HTTP/1.1" 200 74308
[05/Jun/2018 19:49:22] "GET /jsi18n/ HTTP/1.1" 200 4753
[05/Jun/2018 19:52:41] "GET / HTTP/1.1" 200 4338
[05/Jun/2018 19:54:28] "GET /xadmin/log/ HTTP/1.1" 200 101561
[05/Jun/2018 19:54:29] "GET /jsi18n/ HTTP/1.1" 200 4753
[05/Jun/2018 19:57:12] "GET /auth/group/ HTTP/1.1" 200 37927
[05/Jun/2018 19:57:12] "GET /jsi18n/ HTTP/1.1" 200 4753
[05/Jun/2018 20:01:07] "GET /InfoManage/orderformgoods/ HTTP/1.1" 200 43514
[05/Jun/2018 20:01:07] "GET /jsi18n/ HTTP/1.1" 200 4753
[05/Jun/2018 20:01:17] "GET /InfoManage/orderformgoods/5/update/ HTTP/1.1" 200 25091
[05/Jun/2018 20:01:17] "GET /jsi18n/ HTTP/1.1" 200 4753
[05/Jun/2018 20:01:20] "GET /InfoManage/orderformgoods/ HTTP/1.1" 200 43514
[05/Jun/2018 20:01:21] "GET /InfoManage/orderformgoods/add/ HTTP/1.1" 200 26884
[05/Jun/2018 20:01:21] "GET /jsi18n/ HTTP/1.1" 200 4753
[05/Jun/2018 20:03:15] "GET /InfoManage/outstordetail/ HTTP/1.1" 200 39797
[05/Jun/2018 20:03:15] "GET /jsi18n/ HTTP/1.1" 200 4753
[05/Jun/2018 20:03:17] "GET /InfoManage/outstordetail/add/ HTTP/1.1" 200 26958
[05/Jun/2018 20:03:17] "GET /jsi18n/ HTTP/1.1" 200 4753
[05/Jun/2018 20:05:44] "GET /InfoManage/saleformproduct/ HTTP/1.1" 200 45781
[05/Jun/2018 20:05:44] "GET /jsi18n/ HTTP/1.1" 200 4753
[05/Jun/2018 20:05:45] "GET /InfoManage/saleformproduct/add/ HTTP/1.1" 200 26831
[05/Jun/2018 20:05:46] "GET /jsi18n/ HTTP/1.1" 200 4753
[05/Jun/2018 20:06:25] "GET / HTTP/1.1" 200 4338
[05/Jun/2018 20:26:43] "GET / HTTP/1.1" 200 4338
[05/Jun/2018 21:02:34] code 400, message Bad HTTP/0.9 request type ('\x03\x00\x00/*à\x00\x00\x00\x00\x00Cookie:')
[05/Jun/2018 21:02:34] "  /*à     Cookie: mstshash=Administr" 400 -
[05/Jun/2018 21:35:27] "GET / HTTP/1.1" 200 4338
[05/Jun/2018 21:40:08] "GET / HTTP/1.1" 200 4338
[05/Jun/2018 23:33:08] "GET / HTTP/1.1" 200 4338
[05/Jun/2018 23:48:23] "GET / HTTP/1.1" 200 4338
[06/Jun/2018 00:28:48] "GET / HTTP/1.1" 200 4338
Not Found: /http:/www.baidu.com/cache/global/img/gs.gif
[06/Jun/2018 00:36:58] "GET http://www.baidu.com/cache/global/img/gs.gif HTTP/1.1" 404 1727
[06/Jun/2018 00:46:18] "GET / HTTP/1.1" 200 4338
[06/Jun/2018 01:00:41] "GET / HTTP/1.1" 200 4338
[06/Jun/2018 01:26:11] "GET / HTTP/1.0" 200 4338
[06/Jun/2018 02:36:16] "GET / HTTP/1.1" 200 4338
[06/Jun/2018 02:49:48] "GET / HTTP/1.0" 200 4338
[06/Jun/2018 03:07:34] "GET / HTTP/1.1" 200 4338
[06/Jun/2018 03:23:42] "GET / HTTP/1.1" 200 4338
[06/Jun/2018 03:44:58] "GET / HTTP/1.1" 200 4338
[06/Jun/2018 04:10:59] "GET / HTTP/1.1" 200 4338
[06/Jun/2018 06:00:17] "GET / HTTP/1.0" 200 4338
[06/Jun/2018 06:07:30] "GET / HTTP/1.1" 200 4338
[06/Jun/2018 08:15:46] "GET / HTTP/1.1" 200 4338
[06/Jun/2018 09:10:04] "GET / HTTP/1.1" 200 4338
Not Found: /http:/www.baidu.com/cache/global/img/gs.gif
[06/Jun/2018 09:43:02] "GET http://www.baidu.com/cache/global/img/gs.gif HTTP/1.1" 404 1727
[06/Jun/2018 09:46:50] "GET / HTTP/1.1" 200 4338
[06/Jun/2018 09:58:41] code 400, message Bad HTTP/0.9 request type ('\x03\x00\x00+&à\x00\x00\x00\x00\x00Cookie:')
[06/Jun/2018 09:58:41] "  +&à     Cookie: mstshash=hello" 400 -
[06/Jun/2018 10:32:35] "GET / HTTP/1.1" 200 4338
[06/Jun/2018 11:47:26] code 400, message Bad HTTP/0.9 request type ('\x03\x00\x00+&à\x00\x00\x00\x00\x00Cookie:')
[06/Jun/2018 11:47:26] "  +&à     Cookie: mstshash=hello" 400 -
[06/Jun/2018 11:49:37] "GET / HTTP/1.1" 200 4338
[06/Jun/2018 12:21:46] "GET / HTTP/1.1" 200 4338
[06/Jun/2018 12:37:47] "GET / HTTP/1.1" 200 4338
[06/Jun/2018 12:50:52] "GET / HTTP/1.1" 200 4338
[06/Jun/2018 12:59:14] "GET / HTTP/1.0" 200 4338
[06/Jun/2018 13:37:01] code 400, message Bad HTTP/0.9 request type ('\x03\x00\x00+&à\x00\x00\x00\x00\x00Cookie:')
[06/Jun/2018 13:37:01] "  +&à     Cookie: mstshash=hello" 400 -
[06/Jun/2018 14:30:03] "GET / HTTP/1.1" 200 4338
Not Found: /robots.txt
[06/Jun/2018 14:30:07] "GET /robots.txt HTTP/1.1" 404 7906
Not Found: /.well-known/security.txt
[06/Jun/2018 14:30:22] "GET /.well-known/security.txt HTTP/1.1" 404 7948
Not Found: /favicon.ico
[06/Jun/2018 14:30:28] "GET /favicon.ico HTTP/1.1" 404 7909
[06/Jun/2018 14:39:01] "GET / HTTP/1.1" 200 4338
[06/Jun/2018 15:12:19] "GET / HTTP/1.1" 200 4338
Not Found: /http:/www.baidu.com/cache/global/img/gs.gif
[06/Jun/2018 15:53:08] "GET http://www.baidu.com/cache/global/img/gs.gif HTTP/1.1" 404 1727
[06/Jun/2018 16:08:05] "GET / HTTP/1.1" 200 4338
[06/Jun/2018 17:02:27] "GET / HTTP/1.1" 200 4338
[06/Jun/2018 17:13:57] "GET / HTTP/1.1" 200 4338
[06/Jun/2018 17:14:51] "GET / HTTP/1.1" 200 4338
[06/Jun/2018 17:36:26] "GET / HTTP/1.1" 200 4338
[06/Jun/2018 17:42:49] "GET / HTTP/1.1" 200 4338
[06/Jun/2018 18:27:01] "GET / HTTP/1.1" 200 4338
[06/Jun/2018 18:48:16] "GET / HTTP/1.1" 200 4338
[06/Jun/2018 18:57:46] "GET / HTTP/1.1" 200 4338
[06/Jun/2018 18:57:50] code 400, message Bad HTTP/0.9 request type ('\x16\x03\x01\x01"\x01\x00\x01')
[06/Jun/2018 18:57:50] You're accessing the development server over HTTPS, but it only supports HTTP.

----------------------------------------
Exception happened during processing of request from ('123.59.60.110', 45026)
Traceback (most recent call last):
  File "/usr/local/lib/python3.6/socketserver.py", line 639, in process_request_thread
    self.finish_request(request, client_address)
  File "/usr/local/lib/python3.6/socketserver.py", line 361, in finish_request
    self.RequestHandlerClass(request, client_address, self)
  File "/usr/local/lib/python3.6/socketserver.py", line 696, in __init__
    self.handle()
  File "/root/lmz/venv/lib/python3.6/site-packages/django/core/servers/basehttp.py", line 140, in handle
    self.raw_requestline = self.rfile.readline(65537)
  File "/usr/local/lib/python3.6/socket.py", line 586, in readinto
    return self._sock.recv_into(b)
ConnectionResetError: [Errno 104] Connection reset by peer
----------------------------------------
[06/Jun/2018 18:57:53] "GET / HTTP/1.1" 200 4338
Not Found: /http:/www.baidu.com/cache/global/img/gs.gif
[06/Jun/2018 19:13:31] "GET http://www.baidu.com/cache/global/img/gs.gif HTTP/1.1" 404 1727
[06/Jun/2018 19:20:03] "GET / HTTP/1.1" 200 4338
[06/Jun/2018 19:20:03] "GET / HTTP/1.1" 200 4338
[06/Jun/2018 20:13:42] "GET / HTTP/1.1" 200 4338
[06/Jun/2018 20:23:12] "GET / HTTP/1.0" 200 4338
[06/Jun/2018 20:47:58] "GET / HTTP/1.1" 200 4338
[06/Jun/2018 21:02:52] "GET / HTTP/1.0" 200 4338
[06/Jun/2018 21:38:02] "GET / HTTP/1.1" 200 4338
[06/Jun/2018 21:49:20] "GET / HTTP/1.1" 200 4338
[06/Jun/2018 21:55:33] "GET / HTTP/1.1" 200 4338
[06/Jun/2018 23:05:00] "GET / HTTP/1.1" 200 4338
[06/Jun/2018 23:21:32] "GET / HTTP/1.1" 200 4338
[06/Jun/2018 23:28:05] "GET / HTTP/1.1" 200 4338
[06/Jun/2018 23:37:33] "GET / HTTP/1.1" 200 4338
[06/Jun/2018 23:44:19] "GET / HTTP/1.1" 200 4338
[07/Jun/2018 00:20:03] "GET / HTTP/1.1" 200 4338
[07/Jun/2018 00:32:42] "GET / HTTP/1.1" 200 4338
[07/Jun/2018 00:47:00] "GET / HTTP/1.1" 200 4338
[07/Jun/2018 00:59:37] "GET / HTTP/1.0" 200 4338
[07/Jun/2018 01:00:37] "GET / HTTP/1.1" 200 4338
[07/Jun/2018 01:01:38] "GET / HTTP/1.1" 200 4338
[07/Jun/2018 01:52:53] "GET / HTTP/1.1" 200 4338
[07/Jun/2018 02:17:49] "GET / HTTP/1.0" 200 4338
[07/Jun/2018 02:30:15] "GET / HTTP/1.1" 200 4338
[07/Jun/2018 02:52:02] "GET / HTTP/1.1" 200 4338
[07/Jun/2018 03:52:34] "GET / HTTP/1.1" 200 4338
[07/Jun/2018 04:30:55] "GET / HTTP/1.0" 200 4338
Not Found: /http:/www.baidu.com/cache/global/img/gs.gif
[07/Jun/2018 04:32:48] "GET http://www.baidu.com/cache/global/img/gs.gif HTTP/1.1" 404 1727
[07/Jun/2018 06:35:44] "GET / HTTP/1.1" 200 4338
[07/Jun/2018 07:11:02] "GET / HTTP/1.1" 200 4338
[07/Jun/2018 07:25:29] "GET / HTTP/1.1" 200 4338
[07/Jun/2018 08:01:44] "GET / HTTP/1.1" 200 4338
[07/Jun/2018 08:01:44] "GET / HTTP/1.1" 200 4338
[07/Jun/2018 08:46:08] "GET / HTTP/1.1" 200 4338
[07/Jun/2018 08:50:24] "GET / HTTP/1.1" 200 4338
[07/Jun/2018 09:22:48] "GET / HTTP/1.1" 200 4338
[07/Jun/2018 10:41:37] "GET / HTTP/1.1" 200 4338
[07/Jun/2018 11:03:41] "GET / HTTP/1.1" 200 4338
[07/Jun/2018 11:18:20] "GET / HTTP/1.1" 200 4338
Not Found: /GponForm/diag_Form
[07/Jun/2018 11:41:35] "POST /GponForm/diag_Form?images/ HTTP/1.1" 404 7934
[07/Jun/2018 11:50:57] "GET / HTTP/1.1" 200 4338
[07/Jun/2018 13:37:49] "GET / HTTP/1.1" 200 4338
Not Found: /http:/www.baidu.com/cache/global/img/gs.gif
[07/Jun/2018 13:52:21] "GET http://www.baidu.com/cache/global/img/gs.gif HTTP/1.1" 404 1727
Not Found: /http:/www.baidu.com/cache/global/img/gs.gif
[07/Jun/2018 14:01:00] "GET http://www.baidu.com/cache/global/img/gs.gif HTTP/1.1" 404 1727
[07/Jun/2018 14:41:52] "GET / HTTP/1.1" 200 4338
[07/Jun/2018 14:55:44] "GET / HTTP/1.1" 200 4338
[07/Jun/2018 15:36:35] "GET / HTTP/1.1" 200 4338
[07/Jun/2018 15:37:57] "GET / HTTP/1.1" 200 4338
[07/Jun/2018 15:44:18] "GET / HTTP/1.1" 200 4338
Not Found: /GponForm/diag_Form
[07/Jun/2018 15:53:07] "POST /GponForm/diag_Form?images/ HTTP/1.1" 404 7934
[07/Jun/2018 16:13:42] "GET / HTTP/1.1" 200 4338
[07/Jun/2018 16:13:55] "GET / HTTP/1.1" 200 4338
[07/Jun/2018 16:39:11] "GET / HTTP/1.1" 200 4338
[07/Jun/2018 17:12:23] "GET / HTTP/1.1" 200 4338
[07/Jun/2018 17:13:08] "GET / HTTP/1.1" 200 4338
[07/Jun/2018 17:30:05] "GET / HTTP/1.1" 200 4338
[07/Jun/2018 17:47:29] "GET / HTTP/1.1" 200 4338
[07/Jun/2018 18:00:32] "GET / HTTP/1.0" 200 4338
[07/Jun/2018 18:06:46] "GET / HTTP/1.1" 200 4338
[07/Jun/2018 18:35:09] "GET / HTTP/1.1" 200 4338
[07/Jun/2018 18:40:38] "GET / HTTP/1.1" 200 4338
Not Found: /manager/html
[07/Jun/2018 19:26:08] "GET /manager/html HTTP/1.1" 404 7912
[07/Jun/2018 19:37:44] "GET / HTTP/1.1" 200 4338
[07/Jun/2018 20:07:54] "GET / HTTP/1.1" 200 4338
[07/Jun/2018 20:22:22] "GET / HTTP/1.1" 200 4338
[07/Jun/2018 21:06:14] "GET / HTTP/1.1" 200 4338
Not Found: /GponForm/diag_Form
[07/Jun/2018 21:33:19] "POST /GponForm/diag_Form?script/ HTTP/1.1" 404 7939
[07/Jun/2018 23:01:29] code 400, message Bad HTTP/0.9 request type ('\x03\x00\x00+&à\x00\x00\x00\x00\x00Cookie:')
[07/Jun/2018 23:01:29] "  +&à     Cookie: mstshash=hello" 400 -
[07/Jun/2018 23:16:10] "GET / HTTP/1.1" 200 4338
[07/Jun/2018 23:16:47] "GET / HTTP/1.1" 200 4338
Not Found: /http:/www.baidu.com/cache/global/img/gs.gif
[07/Jun/2018 23:16:53] "GET http://www.baidu.com/cache/global/img/gs.gif HTTP/1.1" 404 1727
[07/Jun/2018 23:42:19] "GET / HTTP/1.1" 200 4338
[07/Jun/2018 23:55:29] "GET / HTTP/1.1" 200 4338
[08/Jun/2018 01:18:15] "GET / HTTP/1.1" 200 4338
[08/Jun/2018 01:21:26] "GET / HTTP/1.1" 200 4338
[08/Jun/2018 01:30:48] "GET / HTTP/1.1" 200 4338
[08/Jun/2018 01:31:10] "GET / HTTP/1.0" 200 4338
[08/Jun/2018 01:49:08] "GET / HTTP/1.1" 200 4338
[08/Jun/2018 02:35:56] "GET / HTTP/1.1" 200 4338
[08/Jun/2018 02:44:02] "GET / HTTP/1.1" 200 4338
Not Found: /http:/www.qq.com/404/search_children.js
[08/Jun/2018 03:35:07] "GET http://www.qq.com/404/search_children.js HTTP/1.1" 404 1712
[08/Jun/2018 03:35:12] code 400, message Bad request syntax ('\x04\x01\x00PpTi4\x00')
[08/Jun/2018 03:35:12] " PpTi4 " 400 -
[08/Jun/2018 03:35:12] code 400, message Bad request syntax ('\x05\x01\x00')
[08/Jun/2018 03:35:12] " " 400 -
[08/Jun/2018 04:28:37] "GET / HTTP/1.1" 200 4338
[08/Jun/2018 04:42:33] "GET / HTTP/1.1" 200 4338
[08/Jun/2018 05:03:40] "GET / HTTP/1.1" 200 4338
[08/Jun/2018 05:30:30] "GET / HTTP/1.0" 200 4338
[08/Jun/2018 05:35:07] "GET / HTTP/1.1" 200 4338
[08/Jun/2018 05:50:46] code 400, message Bad request syntax ('!\x00V\x00(\x00\x8a\x00\x8b\x005\x00é\x00V\x00Ì\x00z\x00E\x00{\x00!\x00°\x00(\x00&\x00\x1c\x00W\x00W\x00W\x00°\x00\x8b\x00y\x00°\x00é\x00\x8b\x00V\x00y\x00Ì\x00\x8a\x00&\x00z\x00°\x00\x1c\x00\x8b\x00y\x00E\x00W\x00(\x005\x00\x8a\x005\x00y\x00W\x005\x00{\x00y\x00Ì\x005\x00°\x00(\x00\x8a\x00\x8b\x00!\x00\x8b\x00\x8a\x00&\x00z\x00\x8a\x00(\x00W\x00\x1c\x00V\x00\x1c\x00Ì\x00é\x00E\x00E\x00z\x00V\x00°\x00\x1c\x00{\x00&\x00\x8a\x00\x1c\x00Ì\x005\x00\x8b\x00z\x00\x8a\x00V\x00Ì\x00\x8b\x00\x1c\x00Ì\x00Ì\x00E\x00\x8b\x00V\x00\x8b\x00E\x00\x8a\x00°\x005\x00é\x00z\x00y\x00!\x00\x8b\x00y\x00!\x00!\x00W\x00{\x00°\x00y\x00Ì\x00é\x00é\x00{\x00E\x00(\x00E\x00{\x00\x1c\x00V\x00°\x00\x8b\x00°\x00(\x00V\x00é\x00é\x00y\x00°\x00V\x00!\x00{\x00\x8b\x00!\x00é\x00é\x00z\x00\x1c\x00V\x00y\x00é\x00V\x00!\x00V\x00E\x00&\x00!\x005\x00!\x00&\x00(\x00(\x00Ì\x00\x8b\x00Ì\x00W\x00(\x00y\x00\x8b\x00&\x00(\x00é\x00\x8a\x005\x00&\x00°\x00\x1c\x00!\x005\x005\x00V\x00!\x00\x8a\x00{\x00!\x00\x1c\x00z\x00y\x00{\x00(\x00\x8a\x00\x8a\x005\x00y\x00{\x00é\x00\x1c\x00{\x00!\x00E\x00(\x00Ì\x00Ì\x00é\x00°\x00V\x00°\x00\x8b\x005\x00Ì\x00\x8a\x00\x1c\x00Ì\x00\x1c\x00{\x00°\x00y\x00\x8b\x00\x8a\x00y\x00W\x00\x8b\x00z\x00y\x005\x005\x00\x8b\x00(\x00é\x00y\x00°\x00é\x00z\x00z\x00y\x00z\x005\x005\x00{\x00E\x00V\x00z\x005\x00!\x005\x00Ì\x00Ì\x00&\x00!\x00V\x00\x8b\x00y\x00Ì\x00z\x00!\x00Ì\x00\x8b\x00\x8b\x00W\x00{\x005\x00\x8b\x00\x1c\x00!\x00y\x00y\x00\x8b\x00W\x00Ì\x00{\x00z\x00z\x00y\x00!\x00\x8b\x005\x00z\x00z\x00\x1c\x00E\x00é\x00\x1c\x00z\x00y\x00&\x00Ì\x00(\x00y\x00y\x00Ì\x00°\x00\x1c\x00°\x00\x1c\x00°\x005\x00\x8a\x00W\x00é\x00!\x005\x00W\x00é\x005\x00\x1c\x00\x8b\x00W\x00!\x00(\x00(\x00°\x00W\x00Ì\x00&\x00z\x00(\x00y\x00Ì\x00y\x00{\x00V\x00\x1c\x00W\x00&\x00é\x005\x00(\x00W\x00é\x00&\x00°\x00\x1c\x00V\x00\x1c\x00W\x00y\x00Ì\x00{\x00é\x00{\x00é\x00&\x00y\x00\x8a\x00y\x00\x8b\x00{\x00&\x00!\x00{\x00\x8a\x00y\x00\x8b\x00(\x00E\x00&\x00!\x00W\x00W\x00Ì\x00z\x00{\x00!\x00é\x005\x00{\x00(\x00W\x00é\x00(\x00V\x00\x8a\x00&\x00°\x00\x8b\x00Ì\x00E\x00!\x00{\x00&\x00!\x00!\x00\x1c\x00W\x00E\x00(\x00&\x00y\x00y\x00{\x00\x1c\x00{\x00{\x00y\x00Ì\x005\x00!\x00!\x00W\x00Ì\x00E\x00W\x00(\x00E\x00Ì\x00\x1c\x00é\x00W\x005\x00(\x00&\x00\x1c\x00y\x00!\x00°\x00\x8a\x005\x00°\x00\x8a\x00W\x00\x8b\x00&\x00W\x00é\x00°\x00\x8a\x00°\x00V\x00Ì\x00E\x00z\x00&\x00z\x005\x00(\x00Ê\x00')
[08/Jun/2018 05:50:46] "! V (   5 é V Ì z E { ! ° ( &  W W W °  y ° é  V y Ì  & z °   y E W ( 5  5 y W 5 { y Ì 5 ° (   !   & z  ( W  V  Ì é E E z V °  { &   Ì 5  z  V Ì   Ì Ì E  V  E  ° 5 é z y !  y ! ! W { ° y Ì é é { E ( E {  V °  ° ( V é é y ° V ! {  ! é é z  V y é V ! V E & ! 5 ! & ( ( Ì  Ì W ( y  & ( é  5 & °  ! 5 5 V !  { !  z y { (   5 y { é  { ! E ( Ì Ì é ° V °  5 Ì   Ì  { ° y   y W  z y 5 5  ( é y ° é z z y z 5 5 { E V z 5 ! 5 Ì Ì & ! V  y Ì z ! Ì   W { 5   ! y y  W Ì { z z y !  5 z z  E é  z y & Ì ( y y Ì °  °  ° 5  W é ! 5 W é 5   W ! ( ( ° W Ì & z ( y Ì y { V  W & é 5 ( W é & °  V  W y Ì { é { é & y  y  { & ! {  y  ( E & ! W W Ì z { ! é 5 { ( W é ( V  & °  Ì E ! { & ! !  W E ( & y y {  { { y Ì 5 ! ! W Ì E W ( E Ì  é W 5 ( &  y ! °  5 °  W  & W é °  ° V Ì E z & z 5 ( Ê " 400 -
[08/Jun/2018 06:14:24] "GET / HTTP/1.1" 200 4338
[08/Jun/2018 06:18:57] "GET / HTTP/1.1" 200 4338
[08/Jun/2018 06:23:46] "GET / HTTP/1.1" 200 4338
[08/Jun/2018 06:37:26] "GET / HTTP/1.1" 200 4338
Not Found: /GponForm/diag_Form
[08/Jun/2018 06:37:28] "POST /GponForm/diag_Form?images/ HTTP/1.1" 404 7939
[08/Jun/2018 07:04:08] "GET / HTTP/1.1" 200 4338
[08/Jun/2018 08:27:42] "GET / HTTP/1.1" 200 4338
Not Found: /http:/www.baidu.com/cache/global/img/gs.gif
[08/Jun/2018 08:34:15] "GET http://www.baidu.com/cache/global/img/gs.gif HTTP/1.1" 404 1727
[08/Jun/2018 08:38:46] "GET / HTTP/1.1" 200 4338
[08/Jun/2018 09:22:33] "GET / HTTP/1.1" 200 4338
Not Found: /manager/html
[08/Jun/2018 11:01:15] "GET /manager/html HTTP/1.1" 404 7912
[08/Jun/2018 11:31:59] "GET / HTTP/1.1" 200 4338
[08/Jun/2018 11:48:22] code 400, message Bad request version ('jEñ¢5ôB\x8d\x02\x00\x00\x84À0À,À(À$À\x14À')
[08/Jun/2018 11:48:22] You're accessing the development server over HTTPS, but it only supports HTTP.

[08/Jun/2018 11:55:25] "GET / HTTP/1.1" 200 4338
Not Found: /http:/www.baidu.com/cache/global/img/gs.gif
[08/Jun/2018 12:06:31] "GET http://www.baidu.com/cache/global/img/gs.gif HTTP/1.1" 404 1727
[08/Jun/2018 12:32:19] "GET / HTTP/1.1" 200 4338
[08/Jun/2018 12:43:15] "GET / HTTP/1.1" 200 4338
[08/Jun/2018 12:56:07] "GET / HTTP/1.1" 200 4338
[08/Jun/2018 13:22:47] "GET / HTTP/1.1" 200 4338
[08/Jun/2018 13:37:26] code 400, message Bad request version ('\x94_UtH(8t\x9b0\x93Ï#Ñ\x88{\x00\x00\x84À0À,À(À$À\x14À')
[08/Jun/2018 13:37:26] You're accessing the development server over HTTPS, but it only supports HTTP.

[08/Jun/2018 16:50:10] "GET / HTTP/1.1" 200 4338
[08/Jun/2018 16:56:35] "GET / HTTP/1.1" 200 4338
[08/Jun/2018 17:00:19] "GET / HTTP/1.1" 200 4338
[08/Jun/2018 17:00:19] "GET / HTTP/1.1" 200 4338
[08/Jun/2018 17:17:53] "GET / HTTP/1.1" 200 4338
[08/Jun/2018 17:18:17] "GET / HTTP/1.1" 200 4338
Not Found: /http:/www.baidu.com/cache/global/img/gs.gif
[08/Jun/2018 17:42:51] "GET http://www.baidu.com/cache/global/img/gs.gif HTTP/1.1" 404 1727
[08/Jun/2018 18:03:13] "GET / HTTP/1.1" 200 4338
[08/Jun/2018 20:18:35] "GET / HTTP/1.1" 200 4338
[08/Jun/2018 20:35:30] "GET / HTTP/1.1" 200 4338
[08/Jun/2018 20:49:27] "GET / HTTP/1.1" 200 4338
[08/Jun/2018 23:23:34] "GET / HTTP/1.1" 200 4338
[09/Jun/2018 01:14:16] "GET / HTTP/1.1" 200 4338
[09/Jun/2018 01:38:35] "GET / HTTP/1.0" 200 4338
[09/Jun/2018 02:42:53] "GET / HTTP/1.1" 200 4338
[09/Jun/2018 02:51:31] "GET / HTTP/1.1" 200 4338
Not Found: /index.action
[09/Jun/2018 02:51:31] "GET /index.action HTTP/1.1" 404 7912
Not Found: /http:/www.baidu.com/cache/global/img/gs.gif
[09/Jun/2018 02:57:04] "GET http://www.baidu.com/cache/global/img/gs.gif HTTP/1.1" 404 1727
[09/Jun/2018 02:58:52] "GET / HTTP/1.1" 200 4338
[09/Jun/2018 03:02:47] "GET / HTTP/1.0" 200 4338
[09/Jun/2018 03:07:31] "GET / HTTP/1.1" 200 4338
[09/Jun/2018 03:22:47] "GET / HTTP/1.1" 200 4338
[09/Jun/2018 04:18:11] code 400, message Bad request syntax ('\x17\x00j\x00j\x00\x8b\x00\x17\x00ì\x00ó\x00\x8e\x00\x8b\x00\t\x00§\x00\x17\x00H\x00Ù\x00z\x00û\x00ü\x00j\x00ü\x00\x17\x00\x8b\x00ó\x00Å\x00û\x00§\x00\x8b\x00ó\x00\t\x00\x8e\x00ó\x00z\x00Å\x00z\x00Å\x00§\x00\t\x00ó\x00\x8e\x00þ\x00ì\x00Ù\x00j\x00H\x00H\x00\t\x00ü\x00ì\x00°\x00§\x00H\x00\x8b\x00û\x00û\x00§\x00§\x00ì\x00Ù\x00\x8e\x00°\x00\x8b\x00ü\x00ü\x00þ\x00þ\x00§\x00\t\x00\x8e\x00û\x00û\x00j\x00j\x00ó\x00°\x00\x8e\x00z\x00\x8b\x00H\x00\x8e\x00z\x00\x8b\x00Ù\x00j\x00z\x00ó\x00Ù\x00Ù\x00ü\x00\x8b\x00j\x00°\x00j\x00þ\x00û\x00ü\x00ü\x00ó\x00H\x00\x8e\x00H\x00\x8e\x00ó\x00\t\x00Ù\x00\x8b\x00\x17\x00°\x00ü\x00z\x00Ù\x00Ù\x00\x17\x00Å\x00\x17\x00\x8e\x00H\x00þ\x00\x8b\x00ü\x00\x8b\x00H\x00\x8e\x00\x8e\x00§\x00ü\x00\x8e\x00j\x00\x17\x00ü\x00û\x00Ù\x00ó\x00\x8b\x00ó\x00§\x00Å\x00û\x00H\x00z\x00\t\x00Å\x00ü\x00Ù\x00\x8b\x00ó\x00\x8e\x00\x8e\x00ì\x00þ\x00\t\x00z\x00\x8e\x00\x17\x00\x17\x00z\x00Å\x00z\x00\x8b\x00Ù\x00ó\x00Å\x00þ\x00°\x00Ù\x00þ\x00\x8b\x00ì\x00Å\x00°\x00§\x00§\x00û\x00°\x00\x8e\x00Å\x00°\x00H\x00\x17\x00Å\x00\x8b\x00j\x00\x8e\x00ì\x00ó\x00þ\x00Ù\x00ó\x00§\x00j\x00ì\x00§\x00°\x00\x17\x00ü\x00H\x00H\x00\t\x00\t\x00\t\x00H\x00\x8e\x00Î\x00')
[09/Jun/2018 04:18:11] " j j   ì ó   	 §  H Ù z û ü j ü   ó Å û §  ó 	  ó z Å z Å § 	 ó  þ ì Ù j H H 	 ü ì ° § H  û û § § ì Ù  °  ü ü þ þ § 	  û û j j ó °  z  H  z  Ù j z ó Ù Ù ü  j ° j þ û ü ü ó H  H  ó 	 Ù   ° ü z Ù Ù  Å   H þ  ü  H   § ü  j  ü û Ù ó  ó § Å û H z 	 Å ü Ù  ó   ì þ 	 z    z Å z  Ù ó Å þ ° Ù þ  ì Å ° § § û °  Å ° H  Å  j  ì ó þ Ù ó § j ì § °  ü H H 	 	 	 H  Î " 400 -
[09/Jun/2018 05:51:44] "GET / HTTP/1.1" 200 4338
[09/Jun/2018 05:52:54] "GET / HTTP/1.1" 200 4338
[09/Jun/2018 06:16:29] "GET / HTTP/1.1" 200 4338
[09/Jun/2018 06:45:23] "GET / HTTP/1.0" 200 4338
[09/Jun/2018 06:53:13] "GET / HTTP/1.1" 200 4338
[09/Jun/2018 07:13:08] "GET / HTTP/1.1" 200 4338
[09/Jun/2018 07:25:05] "GET / HTTP/1.1" 200 4338
[09/Jun/2018 07:49:15] "GET / HTTP/1.1" 200 4338
[09/Jun/2018 07:53:07] "GET / HTTP/1.1" 200 4338
[09/Jun/2018 08:01:32] "GET / HTTP/1.1" 200 4338
[09/Jun/2018 08:09:51] "GET / HTTP/1.1" 200 4338
Not Found: /http:/wap.ip138.com/
[09/Jun/2018 08:27:36] "HEAD http://wap.ip138.com/ HTTP/1.1" 404 1659
[09/Jun/2018 08:27:52] code 400, message Bad request syntax ('\x05\x02\x00\x02')
[09/Jun/2018 08:27:52] " " 400 -
[09/Jun/2018 08:31:51] "GET / HTTP/1.1" 200 4338
[09/Jun/2018 09:27:46] "GET / HTTP/1.1" 200 4338
Not Found: /http:/www.baidu.com/cache/global/img/gs.gif
[09/Jun/2018 10:08:45] "GET http://www.baidu.com/cache/global/img/gs.gif HTTP/1.1" 404 1727
[09/Jun/2018 10:11:38] "GET / HTTP/1.1" 200 4338
[09/Jun/2018 10:56:06] "GET / HTTP/1.1" 200 4338
Not Found: /GponForm/diag_Form
[09/Jun/2018 10:59:06] "POST /GponForm/diag_Form?images/ HTTP/1.1" 404 7934
[09/Jun/2018 11:13:08] "GET / HTTP/1.1" 200 4338
[09/Jun/2018 11:59:01] "GET / HTTP/1.0" 200 4338
Not Found: /http:/www.baidu.com/cache/global/img/gs.gif
[09/Jun/2018 12:04:20] "GET http://www.baidu.com/cache/global/img/gs.gif HTTP/1.1" 404 1727
[09/Jun/2018 12:41:49] "GET / HTTP/1.1" 200 4338
[09/Jun/2018 13:23:01] code 400, message Bad request syntax ('\x16\x03\x01\x00\x9a\x01\x00\x00\x96\x03\x03\x8c@½Îø£UFu»^ñ9Z\x837\x05]¯\x9bí\xad\xa0¬%9Ó\x92U6®\r\x00\x00\x1aÀ/À+À\x11À\x07À\x13À\tÀ\x14À')
[09/Jun/2018 13:23:01] You're accessing the development server over HTTPS, but it only supports HTTP.

[09/Jun/2018 13:26:42] "GET / HTTP/1.1" 200 4338
[09/Jun/2018 13:28:54] "GET / HTTP/1.1" 200 4338
[09/Jun/2018 14:14:50] "GET / HTTP/1.1" 200 4338
[09/Jun/2018 14:26:51] code 400, message Bad request syntax ('\x16\x03\x01\x00ò\x01\x00\x00î\x03\x03[\x1bs)\x9a\x9f¾*\x00[\x97fgËSµøJ<$ð]Á)Ù4jv\x95kÔÖ\x00\x00\x84À0À,À(À$À\x14À')
[09/Jun/2018 14:26:51] You're accessing the development server over HTTPS, but it only supports HTTP.

Not Found: /cgi/common.cgi
[09/Jun/2018 14:39:21] "GET /cgi/common.cgi HTTP/1.1" 404 7913
Not Found: /stssys.htm
[09/Jun/2018 14:39:22] "GET /stssys.htm HTTP/1.1" 404 7901
[09/Jun/2018 14:39:23] "GET / HTTP/1.1" 200 4338
Not Found: /command.php
[09/Jun/2018 14:39:24] "POST /command.php HTTP/1.1" 404 7905
[09/Jun/2018 15:01:22] "GET / HTTP/1.1" 200 4338
[09/Jun/2018 17:20:54] "GET / HTTP/1.1" 200 4338
[09/Jun/2018 18:12:57] "GET / HTTP/1.1" 200 4338
[09/Jun/2018 18:27:35] code 400, message Bad request syntax ('\x16\x03\x01\x00æ\x01\x00\x00â\x03\x03')
[09/Jun/2018 18:27:35] You're accessing the development server over HTTPS, but it only supports HTTP.

Not Found: /http:/www.baidu.com/cache/global/img/gs.gif
[09/Jun/2018 18:42:39] "GET http://www.baidu.com/cache/global/img/gs.gif HTTP/1.1" 404 1727
[09/Jun/2018 20:14:17] "GET / HTTP/1.1" 200 4338
Not Found: /http:/www.baidu.com/cache/global/img/gs.gif
[09/Jun/2018 21:20:06] "GET http://www.baidu.com/cache/global/img/gs.gif HTTP/1.1" 404 1727
[10/Jun/2018 00:00:20] "GET / HTTP/1.1" 200 4338
[10/Jun/2018 00:49:53] "GET / HTTP/1.0" 200 4338
[10/Jun/2018 01:11:52] "GET / HTTP/1.1" 200 4338
[10/Jun/2018 01:20:24] "GET / HTTP/1.1" 200 4338
[10/Jun/2018 02:13:06] "GET / HTTP/1.0" 200 4338
[10/Jun/2018 02:15:54] "GET / HTTP/1.1" 200 4338
[10/Jun/2018 03:16:57] "GET / HTTP/1.0" 200 4338
[10/Jun/2018 03:53:16] code 400, message Bad request syntax ('\x05\x01\x00')
[10/Jun/2018 03:53:16] " " 400 -
[10/Jun/2018 03:53:24] code 400, message Bad request syntax ('\x05\x01\x00')
[10/Jun/2018 03:53:24] " " 400 -
[10/Jun/2018 03:53:33] code 400, message Bad request syntax ('\x05\x01\x00')
[10/Jun/2018 03:53:33] " " 400 -
[10/Jun/2018 03:57:07] "GET / HTTP/1.1" 200 4338
[10/Jun/2018 04:01:55] code 400, message Bad HTTP/0.9 request type ('\x04\x01\x00P.¡')
[10/Jun/2018 04:01:55] " P.¡	 " 400 -
[10/Jun/2018 04:02:04] code 400, message Bad HTTP/0.9 request type ('\x04\x01\x00P.¡')
[10/Jun/2018 04:02:04] " P.¡	 " 400 -
[10/Jun/2018 04:02:14] code 400, message Bad HTTP/0.9 request type ('\x04\x01\x00P.¡')
[10/Jun/2018 04:02:14] " P.¡	 " 400 -
Not Found: /http:/db.speedup.gdn/echo.php
[10/Jun/2018 04:13:00] "GET http://db.speedup.gdn/echo.php HTTP/1.1" 404 1686
[10/Jun/2018 04:13:55] "GET / HTTP/1.1" 200 4338
[10/Jun/2018 04:31:27] "GET / HTTP/1.0" 200 4338
[10/Jun/2018 04:43:44] "GET / HTTP/1.1" 200 4338
[10/Jun/2018 04:58:23] code 400, message Bad request syntax ('\x05\x03\x00\x01\x02')
[10/Jun/2018 04:58:23] " " 400 -
[10/Jun/2018 04:58:24] code 400, message Bad request syntax ('\x05\x03\x00\x01\x02')
[10/Jun/2018 04:58:24] " " 400 -
[10/Jun/2018 04:58:25] code 400, message Bad request syntax ('\x05\x03\x00\x01\x02')
[10/Jun/2018 04:58:25] " " 400 -
[10/Jun/2018 04:58:27] code 400, message Bad request syntax ('\x05\x03\x00\x01\x02')
[10/Jun/2018 04:58:27] " " 400 -
[10/Jun/2018 04:58:27] code 400, message Bad request syntax ('\x05\x03\x00\x01\x02')
[10/Jun/2018 04:58:27] " " 400 -
[10/Jun/2018 04:58:28] code 400, message Bad request syntax ('\x05\x03\x00\x01\x02')
[10/Jun/2018 04:58:28] " " 400 -
[10/Jun/2018 04:58:29] code 400, message Bad request syntax ('\x05\x03\x00\x01\x02')
[10/Jun/2018 04:58:29] " " 400 -
[10/Jun/2018 04:58:30] code 400, message Bad request syntax ('\x05\x03\x00\x01\x02')
[10/Jun/2018 04:58:30] " " 400 -
[10/Jun/2018 04:58:30] code 400, message Bad request syntax ('\x05\x03\x00\x01\x02')
[10/Jun/2018 04:58:30] " " 400 -
[10/Jun/2018 04:58:31] code 400, message Bad request syntax ('\x05\x03\x00\x01\x02')
[10/Jun/2018 04:58:31] " " 400 -
[10/Jun/2018 05:58:46] "GET / HTTP/1.1" 200 4338
Not Found: /http:/www.baidu.com/cache/global/img/gs.gif
[10/Jun/2018 06:42:45] "GET http://www.baidu.com/cache/global/img/gs.gif HTTP/1.1" 404 1727
Not Found: /http:/139.219.106.96:11000/1qiWaz2wRsx3eXdc4rDfv5tgb6yhn7Uujm8Lik999
[10/Jun/2018 06:45:44] "GET http://139.219.106.96:11000/1qiWaz2wRsx3eXdc4rDfv5tgb6yhn7Uujm8Lik999 HTTP/1.1" 404 1809
[10/Jun/2018 07:58:13] "GET / HTTP/1.1" 200 4338
Not Found: /http:/www.baidu.com/cache/global/img/gs.gif
[10/Jun/2018 08:01:55] "GET http://www.baidu.com/cache/global/img/gs.gif HTTP/1.1" 404 1727
[10/Jun/2018 08:47:09] "GET / HTTP/1.1" 200 4338
[10/Jun/2018 08:49:55] "GET / HTTP/1.1" 200 4338
[10/Jun/2018 09:02:33] "GET / HTTP/1.1" 200 4338
[10/Jun/2018 09:11:01] "GET / HTTP/1.1" 200 4338
